#
# A fatal error has been detected by the Java Runtime Environment:
#
#  EXCEPTION_ACCESS_VIOLATION (0xc0000005) at pc=0x00007ffab10b809f, pid=24040, tid=10332
#
# JRE version: Java(TM) SE Runtime Environment (9.0+11) (build 9.0.4+11)
# Java VM: Java HotSpot(TM) 64-Bit Server VM (9.0.4+11, mixed mode, tiered, compressed oops, g1 gc, windows-amd64)
# Problematic frame:
# C  [librdi_device.dll+0x5c809f]
#
# No core dump will be written. Minidumps are not enabled by default on client versions of Windows
#
# If you would like to submit a bug report, please visit:
#   http://bugreport.java.com/bugreport/crash.jsp
# The crash happened outside the Java Virtual Machine in native code.
# See problematic frame for where to report the bug.
#

---------------  S U M M A R Y ------------

Command Line: -Dsun.java2d.pmoffscreen=false -Dsun.java2d.xrender=false -Dsun.java2d.d3d=false -Dsun.awt.nopixfmt=true -Dsun.java2d.dpiaware=true -Dsun.java2d.uiScale.enabled=false -Xverify:none -Dswing.aatext=true -XX:-UsePerfData -Djdk.map.althashing.threshold=512 -XX:StringTableSize=4072 --add-opens=java.base/java.nio=ALL-UNNAMED --add-opens=java.desktop/sun.swing=ALL-UNNAMED --add-opens=java.desktop/javax.swing=ALL-UNNAMED --add-opens=java.desktop/javax.swing.tree=ALL-UNNAMED --add-opens=java.desktop/javax.swing.plaf.basic=ALL-UNNAMED --add-opens=java.desktop/javax.swing.plaf.synth=ALL-UNNAMED --add-opens=java.desktop/com.sun.awt=ALL-UNNAMED -XX:NewSize=60m -XX:MaxNewSize=60m -Xms128m -Xmx3072m -Xss5m 

Host: Intel(R) Core(TM) i7-8565U CPU @ 1.80GHz, 8 cores, 15G,  Windows 10 , 64 bit Build 22000 (10.0.22000.613)
Time: Sat Jun 04 20:40:39 2022 ?rodkowoeuropejski czas letni elapsed time: 12129 seconds (0d 3h 22m 9s)

---------------  T H R E A D  ---------------

Current thread (0x000001907ec7e800):  JavaThread "AWT-EventQueue-1" [_thread_in_native, id=10332, stack(0x0000006d9b800000,0x0000006d9bd00000)]

Stack: [0x0000006d9b800000,0x0000006d9bd00000],  sp=0x0000006d9bcf6a80,  free space=5082k
Native frames: (J=compiled Java code, j=interpreted, Vv=VM code, C=native code)

Java frames: (J=compiled Java code, j=interpreted, Vv=VM code)
J 32938  ui.data.labtools.lthwdatai.HWIla_isAdvancedTrigger(J)Z (0 bytes) @ 0x000001900992bf21 [0x000001900992bee0+0x0000000000000041]
J 32930 c1 ui.views.v.a.b.g.abB()V (610 bytes) @ 0x0000019002f1f234 [0x0000019002f1e620+0x0000000000000c14]
j  ui.views.v.a.b.g.a(Lui/frmwork/b/a;)V+124
J 24462 c2 ui.frmwork.b.c.g(Lui/frmwork/b/a;)V (94 bytes) @ 0x00000190093aaca8 [0x00000190093aab20+0x0000000000000188]
J 20199 c1 ui.frmwork.b.c.b(Lui/frmwork/b/a;)V (64 bytes) @ 0x0000019002615b3c [0x0000019002615700+0x000000000000043c]
J 22670 c1 ui.data.bk.a(Ljava/lang/Object;Ljava/lang/Object;)V (60 bytes) @ 0x00000190006b31f4 [0x00000190006b2de0+0x0000000000000414]
j  ui.data.bk.d(Ljava/util/Iterator;Ljava/lang/Object;)Ljava/util/ArrayList;+129
j  ui.data.aW.a(Lui/frmwork/b/i;)V+1518
J 33075 c2 ui.frmwork.b.l.d(Lui/frmwork/b/i;)V (61 bytes) @ 0x0000019009a5ed84 [0x0000019009a5eac0+0x00000000000002c4]
J 32322 c2 ui.frmwork.HTclEventBroker.i(JZ)V (471 bytes) @ 0x0000019009452798 [0x00000190094511a0+0x00000000000015f8]
J 24760 c1 ui.frmwork.HTclEventBroker$$Lambda$205.run()V (12 bytes) @ 0x00000190033f545c [0x00000190033f5380+0x00000000000000dc]
J 15539 c2 java.awt.EventQueue$3.run()Ljava/lang/Object; java.desktop@9.0.4 (5 bytes) @ 0x00000190087ee08c [0x00000190087edd80+0x000000000000030c]
v  ~StubRoutines::call_stub
J 3810  java.security.AccessController.doPrivileged(Ljava/security/PrivilegedAction;Ljava/security/AccessControlContext;)Ljava/lang/Object; java.base@9.0.4 (0 bytes) @ 0x0000019007ce2b46 [0x0000019007ce2ae0+0x0000000000000066]
J 21093 c2 java.awt.EventQueue.dispatchEvent(Ljava/awt/AWTEvent;)V java.desktop@9.0.4 (80 bytes) @ 0x0000019007e0b718 [0x0000019007e0b1c0+0x0000000000000558]
J 21247 c2 ui.frmwork.b.d.dispatchEvent(Ljava/awt/AWTEvent;)V (34 bytes) @ 0x000001900839f8a4 [0x000001900839f7a0+0x0000000000000104]
J 33431 c2 java.awt.EventDispatchThread.pumpOneEventForFilters(I)V java.desktop@9.0.4 (218 bytes) @ 0x0000019009b15254 [0x0000019009b14d20+0x0000000000000534]
J 22509 c2 java.awt.EventDispatchThread.pumpEventsForFilter(ILjava/awt/Conditional;Ljava/awt/EventFilter;)V java.desktop@9.0.4 (47 bytes) @ 0x000001900909d760 [0x000001900909d5e0+0x0000000000000180]
j  java.awt.EventDispatchThread.pumpEventsForFilter(Ljava/awt/Conditional;Ljava/awt/EventFilter;)V+4 java.desktop@9.0.4
j  java.awt.WaitDispatchSupport$2.run()V+59 java.desktop@9.0.4
j  java.awt.WaitDispatchSupport$4.run()Ljava/lang/Void;+4 java.desktop@9.0.4
j  java.awt.WaitDispatchSupport$4.run()Ljava/lang/Object;+1 java.desktop@9.0.4
v  ~StubRoutines::call_stub
J 1033  java.security.AccessController.doPrivileged(Ljava/security/PrivilegedAction;)Ljava/lang/Object; java.base@9.0.4 (0 bytes) @ 0x0000019007b2e7b2 [0x0000019007b2e760+0x0000000000000052]
j  java.awt.WaitDispatchSupport.enter()Z+260 java.desktop@9.0.4
j  java.awt.Dialog.show()V+225 java.desktop@9.0.4
J 31164 c1 ui.b.c.g.setVisible(Z)V (15 bytes) @ 0x000001900071284c [0x00000190007125a0+0x00000000000002ac]
j  ui.b.c.by.showDialog()V+64
j  ui.b.c.bF.actionPerformed(Ljava/awt/event/ActionEvent;)V+8
j  ui.b.c.by.cJI()V+396
j  ui.views.S.b.run()V+262
j  ui.views.S.X.a(Lui/views/bX;Ljava/lang/Runnable;)V+27
j  ui.views.S.a.p(Lui/views/S/h;)V+293
j  ui.views.S.aD.actionPerformed(Ljava/awt/event/ActionEvent;)V+143
j  javax.swing.AbstractButton.fireActionPerformed(Ljava/awt/event/ActionEvent;)V+84 java.desktop@9.0.4
j  ui.utils.o.b.k.fireActionPerformed(Ljava/awt/event/ActionEvent;)V+7
j  javax.swing.AbstractButton$Handler.actionPerformed(Ljava/awt/event/ActionEvent;)V+5 java.desktop@9.0.4
j  javax.swing.DefaultButtonModel.fireActionPerformed(Ljava/awt/event/ActionEvent;)V+34 java.desktop@9.0.4
J 32065 c1 javax.swing.DefaultButtonModel.setPressed(Z)V java.desktop@9.0.4 (125 bytes) @ 0x000001900263e544 [0x000001900263d680+0x0000000000000ec4]
j  javax.swing.plaf.basic.BasicButtonListener.mouseReleased(Ljava/awt/event/MouseEvent;)V+35 java.desktop@9.0.4
j  com.jidesoft.plaf.basic.BasicJideButtonListener.mouseReleased(Ljava/awt/event/MouseEvent;)V+61
J 21533 c1 java.awt.AWTEventMulticaster.mouseReleased(Ljava/awt/event/MouseEvent;)V java.desktop@9.0.4 (27 bytes) @ 0x0000019000e4eb0c [0x0000019000e4e900+0x000000000000020c]
J 31991 c2 javax.swing.JComponent.processMouseEvent(Ljava/awt/event/MouseEvent;)V java.desktop@9.0.4 (27 bytes) @ 0x0000019008efccdc [0x0000019008efcba0+0x000000000000013c]
J 13419 c2 java.awt.Container.processEvent(Ljava/awt/AWTEvent;)V java.desktop@9.0.4 (22 bytes) @ 0x00000190085ccac0 [0x00000190085cc9a0+0x0000000000000120]
J 33312 c1 java.awt.Component.dispatchEventImpl(Ljava/awt/AWTEvent;)V java.desktop@9.0.4 (739 bytes) @ 0x000001900346eff4 [0x000001900346b1c0+0x0000000000003e34]
J 33310 c1 java.awt.Container.dispatchEventImpl(Ljava/awt/AWTEvent;)V java.desktop@9.0.4 (129 bytes) @ 0x00000190033aa68c [0x00000190033aa560+0x000000000000012c]
J 18201 c2 java.awt.LightweightDispatcher.retargetMouseEvent(Ljava/awt/Component;ILjava/awt/event/MouseEvent;)V java.desktop@9.0.4 (350 bytes) @ 0x000001900824355c [0x0000019008242fe0+0x000000000000057c]
J 33417 c2 java.awt.LightweightDispatcher.processMouseEvent(Ljava/awt/event/MouseEvent;)Z java.desktop@9.0.4 (265 bytes) @ 0x0000019009b1191c [0x0000019009b113c0+0x000000000000055c]
J 13856 c1 java.awt.LightweightDispatcher.dispatchEvent(Ljava/awt/AWTEvent;)Z java.desktop@9.0.4 (73 bytes) @ 0x00000190025e454c [0x00000190025e4120+0x000000000000042c]
J 33310 c1 java.awt.Container.dispatchEventImpl(Ljava/awt/AWTEvent;)V java.desktop@9.0.4 (129 bytes) @ 0x00000190033aa62c [0x00000190033aa560+0x00000000000000cc]
J 18476 c2 java.awt.Window.dispatchEventImpl(Ljava/awt/AWTEvent;)V java.desktop@9.0.4 (23 bytes) @ 0x00000190084ad40c [0x00000190084ad3c0+0x000000000000004c]
J 15539 c2 java.awt.EventQueue$3.run()Ljava/lang/Object; java.desktop@9.0.4 (5 bytes) @ 0x00000190087edf3c [0x00000190087edd80+0x00000000000001bc]
v  ~StubRoutines::call_stub
J 3810  java.security.AccessController.doPrivileged(Ljava/security/PrivilegedAction;Ljava/security/AccessControlContext;)Ljava/lang/Object; java.base@9.0.4 (0 bytes) @ 0x0000019007ce2b46 [0x0000019007ce2ae0+0x0000000000000066]
J 17958 c2 java.awt.EventQueue$4.run()Ljava/lang/Object; java.desktop@9.0.4 (5 bytes) @ 0x0000019007c47940 [0x0000019007c476e0+0x0000000000000260]
v  ~StubRoutines::call_stub
J 3810  java.security.AccessController.doPrivileged(Ljava/security/PrivilegedAction;Ljava/security/AccessControlContext;)Ljava/lang/Object; java.base@9.0.4 (0 bytes) @ 0x0000019007ce2b46 [0x0000019007ce2ae0+0x0000000000000066]
J 21093 c2 java.awt.EventQueue.dispatchEvent(Ljava/awt/AWTEvent;)V java.desktop@9.0.4 (80 bytes) @ 0x0000019007e0b540 [0x0000019007e0b1c0+0x0000000000000380]
J 21247 c2 ui.frmwork.b.d.dispatchEvent(Ljava/awt/AWTEvent;)V (34 bytes) @ 0x000001900839f8a4 [0x000001900839f7a0+0x0000000000000104]
J 33309 c1 java.awt.EventDispatchThread.pumpOneEventForFilters(I)V java.desktop@9.0.4 (218 bytes) @ 0x00000190033aca94 [0x00000190033ab6c0+0x00000000000013d4]
J 22188% c2 java.awt.EventDispatchThread.pumpEventsForFilter(ILjava/awt/Conditional;Ljava/awt/EventFilter;)V java.desktop@9.0.4 (47 bytes) @ 0x0000019008c8b1f8 [0x0000019008c8b0e0+0x0000000000000118]
j  java.awt.EventDispatchThread.pumpEventsForHierarchy(ILjava/awt/Conditional;Ljava/awt/Component;)V+11 java.desktop@9.0.4
j  java.awt.EventDispatchThread.pumpEvents(ILjava/awt/Conditional;)V+4 java.desktop@9.0.4
j  java.awt.EventDispatchThread.pumpEvents(Ljava/awt/Conditional;)V+3 java.desktop@9.0.4
j  java.awt.EventDispatchThread.run()V+9 java.desktop@9.0.4
v  ~StubRoutines::call_stub

siginfo: EXCEPTION_ACCESS_VIOLATION (0xc0000005), reading address 0x0000000000000040


Register to memory mapping:

RIP=0x00007ffab10b809f librdi_device.dll
RAX=0x00007ffac254d9b0 librdi_device.dll
RBX=0x0000019067fe9620 is an unknown value
RCX=0x0000000000000004 is an unknown value
RDX=0x00007ffac254d9b0 librdi_device.dll
RSP=0x0000006d9bcf6a80 is pointing into the stack for thread: 0x000001907ec7e800
RBP=0x0000000000000000 is an unknown value
RSI=0x0000019068029950 is an unknown value
RDI=0x0000000000000008 is an unknown value
R8 =0x0000000000000000 is an unknown value
R9 =0x0000000000000018 is an unknown value
R10=0x85f13e9656da4870 is an unknown value
R11=0x0000006d9bcf6cd0 is pointing into the stack for thread: 0x000001907ec7e800
R12=0x00007ffabb03bc00 librdi_device.dll
R13=0x0000000708963730 is an oop
[Ljava.lang.Object; 
{0x0000000708963730} - klass: 'java/lang/Object'[]
 - length: 6
R14=0x0000006d9bcf6e48 is pointing into the stack for thread: 0x000001907ec7e800
R15=0x0000019023537ee0 is an unknown value


Registers:
RAX=0x00007ffac254d9b0, RBX=0x0000019067fe9620, RCX=0x0000000000000004, RDX=0x00007ffac254d9b0
RSP=0x0000006d9bcf6a80, RBP=0x0000000000000000, RSI=0x0000019068029950, RDI=0x0000000000000008
R8 =0x0000000000000000, R9 =0x0000000000000018, R10=0x85f13e9656da4870, R11=0x0000006d9bcf6cd0
R12=0x00007ffabb03bc00, R13=0x0000000708963730, R14=0x0000006d9bcf6e48, R15=0x0000019023537ee0
RIP=0x00007ffab10b809f, EFLAGS=0x0000000000010202

Top of Stack: (sp=0x0000006d9bcf6a80)
0x0000006d9bcf6a80:   0000000000000001 000000007ffe0380
0x0000006d9bcf6a90:   0000000000000000 000001906e782000
0x0000006d9bcf6aa0:   fffffffffffffffe 00007ffb6c68627a
0x0000006d9bcf6ab0:   0000006d9bcf6e48 0000019067fe9620
0x0000006d9bcf6ac0:   0000019068029950 00007ffab10949b2
0x0000006d9bcf6ad0:   0000019067fe9620 0000000000000400
0x0000006d9bcf6ae0:   0000000000000000 00000000000f0000
0x0000006d9bcf6af0:   fffffffffffffffe 00007ffb6c687631
0x0000006d9bcf6b00:   0000006d9bcf6e48 00007ffab1094f79
0x0000006d9bcf6b10:   0000019068029950 00007ffab10ba582
0x0000006d9bcf6b20:   000001906813c540 0000019060da0000
0x0000006d9bcf6b30:   fffffffffffffffe 00007ffb6c6cc94b
0x0000006d9bcf6b40:   0000019068029950 0000019068029950
0x0000006d9bcf6b50:   0000019067fe9620 00007ffab10ba7be
0x0000006d9bcf6b60:   000001906813d200 00007ffb6c687631
0x0000006d9bcf6b70:   0000000000000000 00007ffb6c6cc783 

Instructions: (pc=0x00007ffab10b809f)
0x00007ffab10b807f:   e8 ec fa ff ff 48 8b d0 48 8b cb 48 c1 e9 03 48
0x00007ffab10b808f:   03 cb 48 23 48 30 4c 8b 40 18 48 8b f9 48 03 ff
0x00007ffab10b809f:   49 8b 3c f8 48 03 c9 4c 8d 0c cd 08 00 00 00 4d
0x00007ffab10b80af:   8b 14 c8 4c 3b 52 08 75 06 48 8b 42 08 eb 07 4b 



---------------  P R O C E S S  ---------------

Java Threads: ( => current thread )
  0x000001904968d800 JavaThread "Close Hardware Manager" [_thread_blocked, id=23076, stack(0x0000006da0400000,0x0000006da0900000)]
  0x0000019049687000 JavaThread "Update Runs Swing Worker" [_thread_blocked, id=7644, stack(0x0000006d9ee00000,0x0000006d9f300000)]
  0x000001904968d000 JavaThread "Thread-13016" [_thread_in_native, id=12296, stack(0x0000006d9f400000,0x0000006d9f500000)]
  0x00000190127cd000 JavaThread "Thread-10941" [_thread_in_native, id=2716, stack(0x0000006d9cd00000,0x0000006d9ce00000)]
  0x00000190127c6800 JavaThread "Swing-Shell" daemon [_thread_blocked, id=7492, stack(0x0000006d9de00000,0x0000006d9e300000)]
  0x00000190127c3800 JavaThread "SyntheticaAnimation 50" daemon [_thread_blocked, id=10948, stack(0x0000006d9e800000,0x0000006d9ed00000)]
  0x00000190127c4000 JavaThread "SyntheticaAnimation 50" daemon [_thread_blocked, id=22824, stack(0x0000006d9c700000,0x0000006d9cc00000)]
  0x000001906ee13000 JavaThread "hw_ila_monitor" [_thread_blocked, id=21460, stack(0x0000006d9bd00000,0x0000006d9c200000)]
  0x000001906ee12000 JavaThread "Refresh Filesets Swing Worker" [_thread_blocked, id=26752, stack(0x0000006d9a900000,0x0000006d9ae00000)]
  0x000001906ee11800 JavaThread "SyntheticaAnimation 70" daemon [_thread_blocked, id=22848, stack(0x0000006d9e300000,0x0000006d9e800000)]
  0x000001906ee14800 JavaThread "SyntheticaAnimation 25" daemon [_thread_blocked, id=14408, stack(0x0000006d9d900000,0x0000006d9de00000)]
  0x000001906ee13800 JavaThread "SyntheticaAnimation 50" daemon [_thread_blocked, id=8692, stack(0x0000006d9d400000,0x0000006d9d900000)]
  0x000001906ee15000 JavaThread "SyntheticaCleanerThread" daemon [_thread_blocked, id=17468, stack(0x0000006d9c200000,0x0000006d9c700000)]
  0x000001906ee16800 JavaThread "Batik CleanerThread" daemon [_thread_blocked, id=25580, stack(0x0000006d9ae00000,0x0000006d9b300000)]
=>0x000001907ec7e800 JavaThread "AWT-EventQueue-1" [_thread_in_native, id=10332, stack(0x0000006d9b800000,0x0000006d9bd00000)]
  0x000001907ee68000 JavaThread "Process Messages" [_thread_blocked, id=21808, stack(0x0000006d9b300000,0x0000006d9b800000)]
  0x000001907ec07800 JavaThread "Thread-1" [_thread_in_native, id=13220, stack(0x0000006d94100000,0x0000006d95500000)]
  0x000001907e6fa000 JavaThread "TimerQueue" daemon [_thread_blocked, id=30916, stack(0x0000006d9a400000,0x0000006d9a900000)]
  0x000001906548c000 JavaThread "AWT-Windows" daemon [_thread_in_native, id=5572, stack(0x0000006d99f00000,0x0000006d9a400000)]
  0x000001907e283000 JavaThread "AWT-Shutdown" [_thread_blocked, id=32612, stack(0x0000006d99a00000,0x0000006d99f00000)]
  0x000001907e282800 JavaThread "Java2D Disposer" daemon [_thread_blocked, id=28992, stack(0x0000006d99500000,0x0000006d99a00000)]
  0x0000019065111800 JavaThread "Service Thread" daemon [_thread_blocked, id=5912, stack(0x0000006d98f00000,0x0000006d99400000)]
  0x000001906ee28800 JavaThread "Common-Cleaner" daemon [_thread_blocked, id=16676, stack(0x0000006d98a00000,0x0000006d98f00000)]
  0x000001906ee16000 JavaThread "Sweeper thread" daemon [_thread_blocked, id=19784, stack(0x0000006d98500000,0x0000006d98a00000)]
  0x000001906ee0d800 JavaThread "C1 CompilerThread3" daemon [_thread_blocked, id=9144, stack(0x0000006d98400000,0x0000006d98500000)]
  0x000001906f6e8000 JavaThread "C2 CompilerThread2" daemon [_thread_blocked, id=15324, stack(0x0000006d98300000,0x0000006d98400000)]
  0x000001906f6e7800 JavaThread "C2 CompilerThread1" daemon [_thread_blocked, id=32260, stack(0x0000006d98200000,0x0000006d98300000)]
  0x0000019064d0d000 JavaThread "C2 CompilerThread0" daemon [_thread_blocked, id=27996, stack(0x0000006d98100000,0x0000006d98200000)]
  0x0000019069f9e800 JavaThread "Attach Listener" daemon [_thread_blocked, id=316, stack(0x0000006d97c00000,0x0000006d98100000)]
  0x0000019064d0c800 JavaThread "Signal Dispatcher" daemon [_thread_blocked, id=19648, stack(0x0000006d97700000,0x0000006d97c00000)]
  0x000001906ef3b800 JavaThread "Finalizer" daemon [_thread_blocked, id=20100, stack(0x0000006d97200000,0x0000006d97700000)]
  0x00000190683be800 JavaThread "Reference Handler" daemon [_thread_blocked, id=9724, stack(0x0000006d96d00000,0x0000006d97200000)]
  0x0000019062ed4800 JavaThread "main" [_thread_blocked, id=25512, stack(0x0000006d94000000,0x0000006d94100000)]

Other Threads:
  0x000001906926d800 VMThread "VM Thread" [stack: 0x0000006d96c00000,0x0000006d96d00000] [id=9048]
  0x000001906f538800 WatcherThread [stack: 0x0000006d99400000,0x0000006d99500000] [id=20776]
  0x00000190686bd800 GCTaskThread "GC Thread#0" [stack: 0x0000006d95800000,0x0000006d95900000] [id=14760]
  0x000001906efa5000 GCTaskThread "GC Thread#1" [stack: 0x0000006d95900000,0x0000006d95a00000] [id=24552]
  0x000001906f454000 GCTaskThread "GC Thread#2" [stack: 0x0000006d95a00000,0x0000006d95b00000] [id=12800]
  0x000001906eeeb800 GCTaskThread "GC Thread#3" [stack: 0x0000006d95b00000,0x0000006d95c00000] [id=10140]
  0x0000019064c08000 GCTaskThread "GC Thread#4" [stack: 0x0000006d95c00000,0x0000006d95d00000] [id=6012]
  0x000001906f72d800 GCTaskThread "GC Thread#5" [stack: 0x0000006d95d00000,0x0000006d95e00000] [id=26260]
  0x000001906ab27800 GCTaskThread "GC Thread#6" [stack: 0x0000006d95e00000,0x0000006d95f00000] [id=22052]
  0x000001906ab28000 GCTaskThread "GC Thread#7" [stack: 0x0000006d95f00000,0x0000006d96000000] [id=21324]
  0x0000019069b11000 ConcurrentGCThread "G1 Main Marker" [stack: 0x0000006d96900000,0x0000006d96a00000] [id=27688]
  0x000001906f6fa000 ConcurrentGCThread "G1 Marker#0" [stack: 0x0000006d96a00000,0x0000006d96b00000] [id=7764]
  0x000001906f6fa800 ConcurrentGCThread "G1 Marker#1" [stack: 0x0000006d96b00000,0x0000006d96c00000] [id=30560]
  0x0000019069b10800 ConcurrentGCThread "G1 Refine#0" [stack: 0x0000006d96700000,0x0000006d96800000] [id=6784]
  0x0000019069b05000 ConcurrentGCThread "G1 Refine#1" [stack: 0x0000006d96600000,0x0000006d96700000] [id=23508]
  0x0000019069b04800 ConcurrentGCThread "G1 Refine#2" [stack: 0x0000006d96500000,0x0000006d96600000] [id=21008]
  0x00000190688ad800 ConcurrentGCThread "G1 Refine#3" [stack: 0x0000006d96400000,0x0000006d96500000] [id=9444]
  0x000001906f643800 ConcurrentGCThread "G1 Refine#4" [stack: 0x0000006d96300000,0x0000006d96400000] [id=2168]
  0x000001906f642800 ConcurrentGCThread "G1 Refine#5" [stack: 0x0000006d96200000,0x0000006d96300000] [id=14200]
  0x00000190666c0800 ConcurrentGCThread "G1 Refine#6" [stack: 0x0000006d96100000,0x0000006d96200000] [id=8800]
  0x000001906a399000 ConcurrentGCThread "G1 Refine#7" [stack: 0x0000006d96000000,0x0000006d96100000] [id=29700]
  0x000001906a19e800 ConcurrentGCThread "G1 Young RemSet Sampling" [stack: 0x0000006d96800000,0x0000006d96900000] [id=18504]

Threads with active compile tasks:

VM state:not at safepoint (normal execution)

VM Mutex/Monitor currently owned by a thread: None

Heap address: 0x0000000700000000, size: 3072 MB, Compressed Oops mode: Zero based, Oop shift amount: 3
Narrow klass base: 0x0000000000000000, Narrow klass shift: 3
Compressed class space size: 1073741824 Address: 0x00000007c0000000

Heap:
 garbage-first heap   total 372736K, used 187421K [0x0000000700000000, 0x0000000700100b60, 0x00000007c0000000)
  region size 1024K, 21 young (21504K), 1 survivors (1024K)
 Metaspace       used 109468K, capacity 113699K, committed 116296K, reserved 1148928K
  class space    used 15629K, capacity 16406K, committed 16968K, reserved 1048576K
Heap Regions: E=young(eden), S=young(survivor), O=old, HS=humongous(starts), HC=humongous(continues), CS=collection set, F=free, A=archive, TS=gc time stamp, AC=allocation context, TAMS=top-at-mark-start (previous, next)
|   0|0x0000000700000000, 0x00000007000e7040, 0x0000000700100000| 90%| O|  |TS  0|AC  0|TAMS 0x0000000700000000, 0x0000000700000000|
|   1|0x0000000700100000, 0x0000000700200000, 0x0000000700200000|100%|HS|  |TS  0|AC  0|TAMS 0x0000000700100000, 0x0000000700100000|
|   2|0x0000000700200000, 0x0000000700300000, 0x0000000700300000|100%|HC|  |TS  0|AC  0|TAMS 0x0000000700200000, 0x0000000700200000|
|   3|0x0000000700300000, 0x0000000700400000, 0x0000000700400000|100%|HS|  |TS  0|AC  0|TAMS 0x0000000700300000, 0x0000000700300000|
|   4|0x0000000700400000, 0x00000007004fffd0, 0x0000000700500000| 99%| O|  |TS  0|AC  0|TAMS 0x0000000700400000, 0x0000000700400000|
|   5|0x0000000700500000, 0x0000000700600000, 0x0000000700600000|100%| O|  |TS  0|AC  0|TAMS 0x0000000700500000, 0x0000000700500000|
|   6|0x0000000700600000, 0x00000007006ffff8, 0x0000000700700000| 99%| O|  |TS  0|AC  0|TAMS 0x0000000700600000, 0x0000000700600000|
|   7|0x0000000700700000, 0x00000007007fffe8, 0x0000000700800000| 99%| O|  |TS  0|AC  0|TAMS 0x0000000700700000, 0x0000000700700000|
|   8|0x0000000700800000, 0x0000000700900000, 0x0000000700900000|100%| O|  |TS  0|AC  0|TAMS 0x0000000700800000, 0x0000000700800000|
|   9|0x0000000700900000, 0x00000007009ffff0, 0x0000000700a00000| 99%| O|  |TS  0|AC  0|TAMS 0x0000000700900000, 0x0000000700900000|
|  10|0x0000000700a00000, 0x0000000700afcca0, 0x0000000700b00000| 98%| O|  |TS  0|AC  0|TAMS 0x0000000700a00000, 0x0000000700a00000|
|  11|0x0000000700b00000, 0x0000000700bfff38, 0x0000000700c00000| 99%| O|  |TS  0|AC  0|TAMS 0x0000000700b00000, 0x0000000700b00000|
|  12|0x0000000700c00000, 0x0000000700cfc300, 0x0000000700d00000| 98%| O|  |TS  0|AC  0|TAMS 0x0000000700c00000, 0x0000000700c00000|
|  13|0x0000000700d00000, 0x0000000700e00000, 0x0000000700e00000|100%| O|  |TS  0|AC  0|TAMS 0x0000000700d00000, 0x0000000700d00000|
|  14|0x0000000700e00000, 0x0000000700ef5fb0, 0x0000000700f00000| 96%| O|  |TS  0|AC  0|TAMS 0x0000000700e00000, 0x0000000700e00000|
|  15|0x0000000700f00000, 0x0000000700fffb08, 0x0000000701000000| 99%| O|  |TS  0|AC  0|TAMS 0x0000000700f00000, 0x0000000700f00000|
|  16|0x0000000701000000, 0x00000007010ff980, 0x0000000701100000| 99%| O|  |TS  0|AC  0|TAMS 0x0000000701000000, 0x0000000701000000|
|  17|0x0000000701100000, 0x00000007011ffff8, 0x0000000701200000| 99%| O|  |TS  0|AC  0|TAMS 0x0000000701100000, 0x0000000701100000|
|  18|0x0000000701200000, 0x00000007012fff90, 0x0000000701300000| 99%| O|  |TS  0|AC  0|TAMS 0x0000000701200000, 0x0000000701200000|
|  19|0x0000000701300000, 0x00000007013fffe8, 0x0000000701400000| 99%| O|  |TS  0|AC  0|TAMS 0x0000000701300000, 0x0000000701300000|
|  20|0x0000000701400000, 0x0000000701500000, 0x0000000701500000|100%|HS|  |TS  0|AC  0|TAMS 0x0000000701400000, 0x0000000701400000|
|  21|0x0000000701500000, 0x00000007015ffff8, 0x0000000701600000| 99%| O|  |TS  0|AC  0|TAMS 0x0000000701500000, 0x0000000701500000|
|  22|0x0000000701600000, 0x00000007016fffe0, 0x0000000701700000| 99%| O|  |TS  0|AC  0|TAMS 0x0000000701600000, 0x0000000701600000|
|  23|0x0000000701700000, 0x0000000701800000, 0x0000000701800000|100%| O|  |TS  0|AC  0|TAMS 0x0000000701700000, 0x0000000701700000|
|  24|0x0000000701800000, 0x00000007018ffff8, 0x0000000701900000| 99%| O|  |TS  0|AC  0|TAMS 0x0000000701800000, 0x0000000701800000|
|  25|0x0000000701900000, 0x00000007019fffe8, 0x0000000701a00000| 99%| O|  |TS  0|AC  0|TAMS 0x0000000701900000, 0x0000000701900000|
|  26|0x0000000701a00000, 0x0000000701affff0, 0x0000000701b00000| 99%| O|  |TS  0|AC  0|TAMS 0x0000000701a00000, 0x0000000701a00000|
|  27|0x0000000701b00000, 0x0000000701c00000, 0x0000000701c00000|100%| O|  |TS  0|AC  0|TAMS 0x0000000701b00000, 0x0000000701b00000|
|  28|0x0000000701c00000, 0x0000000701cffe50, 0x0000000701d00000| 99%| O|  |TS  0|AC  0|TAMS 0x0000000701c00000, 0x0000000701c00000|
|  29|0x0000000701d00000, 0x0000000701dffdf8, 0x0000000701e00000| 99%| O|  |TS  0|AC  0|TAMS 0x0000000701d00000, 0x0000000701d00000|
|  30|0x0000000701e00000, 0x0000000701efffc8, 0x0000000701f00000| 99%| O|  |TS  0|AC  0|TAMS 0x0000000701e00000, 0x0000000701e00000|
|  31|0x0000000701f00000, 0x0000000701ffeb88, 0x0000000702000000| 99%| O|  |TS  0|AC  0|TAMS 0x0000000701f00000, 0x0000000701f00000|
|  32|0x0000000702000000, 0x00000007020ffff0, 0x0000000702100000| 99%| O|  |TS  0|AC  0|TAMS 0x0000000702000000, 0x0000000702000000|
|  33|0x0000000702100000, 0x00000007021fffc8, 0x0000000702200000| 99%| O|  |TS  0|AC  0|TAMS 0x0000000702100000, 0x0000000702100000|
|  34|0x0000000702200000, 0x00000007022fffe8, 0x0000000702300000| 99%| O|  |TS  0|AC  0|TAMS 0x0000000702200000, 0x0000000702200000|
|  35|0x0000000702300000, 0x00000007023ffff0, 0x0000000702400000| 99%| O|  |TS  0|AC  0|TAMS 0x0000000702300000, 0x0000000702300000|
|  36|0x0000000702400000, 0x00000007024fffd0, 0x0000000702500000| 99%| O|  |TS  0|AC  0|TAMS 0x0000000702400000, 0x0000000702400000|
|  37|0x0000000702500000, 0x00000007025ffff0, 0x0000000702600000| 99%| O|  |TS  0|AC  0|TAMS 0x0000000702500000, 0x0000000702500000|
|  38|0x0000000702600000, 0x00000007026ffff8, 0x0000000702700000| 99%| O|  |TS  0|AC  0|TAMS 0x0000000702600000, 0x0000000702600000|
|  39|0x0000000702700000, 0x00000007027fffe8, 0x0000000702800000| 99%| O|  |TS  0|AC  0|TAMS 0x0000000702700000, 0x0000000702700000|
|  40|0x0000000702800000, 0x00000007028fea08, 0x0000000702900000| 99%| O|  |TS  0|AC  0|TAMS 0x0000000702800000, 0x0000000702800000|
|  41|0x0000000702900000, 0x00000007029fffe0, 0x0000000702a00000| 99%| O|  |TS  0|AC  0|TAMS 0x0000000702900000, 0x0000000702900000|
|  42|0x0000000702a00000, 0x0000000702afebd0, 0x0000000702b00000| 99%| O|  |TS  0|AC  0|TAMS 0x0000000702a00000, 0x0000000702a00000|
|  43|0x0000000702b00000, 0x0000000702bffed8, 0x0000000702c00000| 99%| O|  |TS  0|AC  0|TAMS 0x0000000702b00000, 0x0000000702b00000|
|  44|0x0000000702c00000, 0x0000000702cffee0, 0x0000000702d00000| 99%| O|  |TS  0|AC  0|TAMS 0x0000000702c00000, 0x0000000702c00000|
|  45|0x0000000702d00000, 0x0000000702dfffe8, 0x0000000702e00000| 99%| O|  |TS  0|AC  0|TAMS 0x0000000702d00000, 0x0000000702d00000|
|  46|0x0000000702e00000, 0x0000000702efffd8, 0x0000000702f00000| 99%| O|  |TS  0|AC  0|TAMS 0x0000000702e00000, 0x0000000702e00000|
|  47|0x0000000702f00000, 0x0000000702ffe7b8, 0x0000000703000000| 99%| O|  |TS  0|AC  0|TAMS 0x0000000702f00000, 0x0000000702f00000|
|  48|0x0000000703000000, 0x00000007030fffe8, 0x0000000703100000| 99%| O|  |TS  0|AC  0|TAMS 0x0000000703000000, 0x0000000703000000|
|  49|0x0000000703100000, 0x00000007031ff858, 0x0000000703200000| 99%| O|  |TS  0|AC  0|TAMS 0x0000000703100000, 0x0000000703100000|
|  50|0x0000000703200000, 0x0000000703300000, 0x0000000703300000|100%| O|  |TS  0|AC  0|TAMS 0x0000000703200000, 0x0000000703200000|
|  51|0x0000000703300000, 0x00000007033ffff0, 0x0000000703400000| 99%| O|  |TS  0|AC  0|TAMS 0x0000000703300000, 0x0000000703300000|
|  52|0x0000000703400000, 0x00000007034ffff8, 0x0000000703500000| 99%| O|  |TS  0|AC  0|TAMS 0x0000000703400000, 0x0000000703400000|
|  53|0x0000000703500000, 0x00000007035ffff8, 0x0000000703600000| 99%| O|  |TS  0|AC  0|TAMS 0x0000000703500000, 0x0000000703500000|
|  54|0x0000000703600000, 0x00000007036fdab0, 0x0000000703700000| 99%| O|  |TS  0|AC  0|TAMS 0x0000000703600000, 0x0000000703600000|
|  55|0x0000000703700000, 0x00000007037fffe8, 0x0000000703800000| 99%| O|  |TS  0|AC  0|TAMS 0x0000000703700000, 0x0000000703700000|
|  56|0x0000000703800000, 0x00000007038ffff8, 0x0000000703900000| 99%| O|  |TS  0|AC  0|TAMS 0x0000000703800000, 0x0000000703800000|
|  57|0x0000000703900000, 0x00000007039fffe8, 0x0000000703a00000| 99%| O|  |TS  0|AC  0|TAMS 0x0000000703900000, 0x0000000703900000|
|  58|0x0000000703a00000, 0x0000000703affff8, 0x0000000703b00000| 99%| O|  |TS  0|AC  0|TAMS 0x0000000703a00000, 0x0000000703a00000|
|  59|0x0000000703b00000, 0x0000000703bfff10, 0x0000000703c00000| 99%| O|  |TS  0|AC  0|TAMS 0x0000000703b00000, 0x0000000703b00000|
|  60|0x0000000703c00000, 0x0000000703cffff0, 0x0000000703d00000| 99%| O|  |TS  0|AC  0|TAMS 0x0000000703c00000, 0x0000000703c00000|
|  61|0x0000000703d00000, 0x0000000703dfffe0, 0x0000000703e00000| 99%| O|  |TS  0|AC  0|TAMS 0x0000000703d00000, 0x0000000703d00000|
|  62|0x0000000703e00000, 0x0000000703effff0, 0x0000000703f00000| 99%| O|  |TS  0|AC  0|TAMS 0x0000000703e00000, 0x0000000703e00000|
|  63|0x0000000703f00000, 0x0000000703fffff0, 0x0000000704000000| 99%| O|  |TS  0|AC  0|TAMS 0x0000000703f00000, 0x0000000703f00000|
|  64|0x0000000704000000, 0x00000007040ffff8, 0x0000000704100000| 99%| O|  |TS  0|AC  0|TAMS 0x0000000704000000, 0x0000000704000000|
|  65|0x0000000704100000, 0x00000007041fffd0, 0x0000000704200000| 99%| O|  |TS  0|AC  0|TAMS 0x0000000704100000, 0x0000000704100000|
|  66|0x0000000704200000, 0x00000007042ffff0, 0x0000000704300000| 99%| O|  |TS  0|AC  0|TAMS 0x0000000704200000, 0x0000000704200000|
|  67|0x0000000704300000, 0x0000000704400000, 0x0000000704400000|100%| O|  |TS  0|AC  0|TAMS 0x0000000704300000, 0x0000000704300000|
|  68|0x0000000704400000, 0x00000007044fffe8, 0x0000000704500000| 99%| O|  |TS  0|AC  0|TAMS 0x0000000704400000, 0x0000000704400000|
|  69|0x0000000704500000, 0x00000007045ffff8, 0x0000000704600000| 99%| O|  |TS  0|AC  0|TAMS 0x0000000704500000, 0x0000000704500000|
|  70|0x0000000704600000, 0x0000000704700000, 0x0000000704700000|100%| O|  |TS  0|AC  0|TAMS 0x0000000704600000, 0x0000000704600000|
|  71|0x0000000704700000, 0x00000007047ffff8, 0x0000000704800000| 99%| O|  |TS  0|AC  0|TAMS 0x0000000704700000, 0x0000000704700000|
|  72|0x0000000704800000, 0x00000007048fff88, 0x0000000704900000| 99%| O|  |TS  0|AC  0|TAMS 0x0000000704800000, 0x0000000704800000|
|  73|0x0000000704900000, 0x00000007049fffd0, 0x0000000704a00000| 99%| O|  |TS  0|AC  0|TAMS 0x0000000704900000, 0x0000000704900000|
|  74|0x0000000704a00000, 0x0000000704afff10, 0x0000000704b00000| 99%| O|  |TS  0|AC  0|TAMS 0x0000000704a00000, 0x0000000704a00000|
|  75|0x0000000704b00000, 0x0000000704bffff0, 0x0000000704c00000| 99%| O|  |TS  0|AC  0|TAMS 0x0000000704b00000, 0x0000000704b00000|
|  76|0x0000000704c00000, 0x0000000704cfffc0, 0x0000000704d00000| 99%| O|  |TS  0|AC  0|TAMS 0x0000000704c00000, 0x0000000704c00000|
|  77|0x0000000704d00000, 0x0000000704e00000, 0x0000000704e00000|100%| O|  |TS  0|AC  0|TAMS 0x0000000704d00000, 0x0000000704d00000|
|  78|0x0000000704e00000, 0x0000000704efffe8, 0x0000000704f00000| 99%| O|  |TS  0|AC  0|TAMS 0x0000000704e00000, 0x0000000704e00000|
|  79|0x0000000704f00000, 0x0000000704ffffe8, 0x0000000705000000| 99%| O|  |TS  0|AC  0|TAMS 0x0000000704f00000, 0x0000000704f00000|
|  80|0x0000000705000000, 0x00000007050ffea0, 0x0000000705100000| 99%| O|  |TS  0|AC  0|TAMS 0x0000000705000000, 0x0000000705000000|
|  81|0x0000000705100000, 0x00000007051fff40, 0x0000000705200000| 99%| O|  |TS  0|AC  0|TAMS 0x0000000705100000, 0x0000000705100000|
|  82|0x0000000705200000, 0x00000007052ffb28, 0x0000000705300000| 99%| O|  |TS  0|AC  0|TAMS 0x0000000705200000, 0x0000000705200000|
|  83|0x0000000705300000, 0x0000000705400000, 0x0000000705400000|100%| O|  |TS  0|AC  0|TAMS 0x0000000705300000, 0x0000000705300000|
|  84|0x0000000705400000, 0x00000007054fff08, 0x0000000705500000| 99%| O|  |TS  0|AC  0|TAMS 0x0000000705400000, 0x0000000705400000|
|  85|0x0000000705500000, 0x00000007055ffe68, 0x0000000705600000| 99%| O|  |TS  0|AC  0|TAMS 0x0000000705500000, 0x0000000705500000|
|  86|0x0000000705600000, 0x0000000705700000, 0x0000000705700000|100%| O|  |TS  0|AC  0|TAMS 0x0000000705600000, 0x0000000705600000|
|  87|0x0000000705700000, 0x00000007057fe4d0, 0x0000000705800000| 99%| O|  |TS  0|AC  0|TAMS 0x0000000705700000, 0x0000000705700000|
|  88|0x0000000705800000, 0x00000007058ffec0, 0x0000000705900000| 99%| O|  |TS  0|AC  0|TAMS 0x0000000705800000, 0x0000000705800000|
|  89|0x0000000705900000, 0x00000007059fe8f8, 0x0000000705a00000| 99%| O|  |TS  0|AC  0|TAMS 0x0000000705900000, 0x0000000705900000|
|  90|0x0000000705a00000, 0x0000000705afffe8, 0x0000000705b00000| 99%| O|  |TS  0|AC  0|TAMS 0x0000000705a00000, 0x0000000705a00000|
|  91|0x0000000705b00000, 0x0000000705c00000, 0x0000000705c00000|100%| O|  |TS  0|AC  0|TAMS 0x0000000705b00000, 0x0000000705b00000|
|  92|0x0000000705c00000, 0x0000000705cffda8, 0x0000000705d00000| 99%| O|  |TS  0|AC  0|TAMS 0x0000000705c00000, 0x0000000705c00000|
|  93|0x0000000705d00000, 0x0000000705dfffe8, 0x0000000705e00000| 99%| O|  |TS  0|AC  0|TAMS 0x0000000705d00000, 0x0000000705d00000|
|  94|0x0000000705e00000, 0x0000000705efff18, 0x0000000705f00000| 99%| O|  |TS  0|AC  0|TAMS 0x0000000705e00000, 0x0000000705e00000|
|  95|0x0000000705f00000, 0x0000000705ffffe8, 0x0000000706000000| 99%| O|  |TS  0|AC  0|TAMS 0x0000000705f00000, 0x0000000705f00000|
|  96|0x0000000706000000, 0x00000007060fffd8, 0x0000000706100000| 99%| O|  |TS  0|AC  0|TAMS 0x0000000706000000, 0x0000000706000000|
|  97|0x0000000706100000, 0x00000007061fedc8, 0x0000000706200000| 99%| O|  |TS  0|AC  0|TAMS 0x0000000706100000, 0x0000000706100000|
|  98|0x0000000706200000, 0x00000007062ff248, 0x0000000706300000| 99%| O|  |TS  0|AC  0|TAMS 0x0000000706200000, 0x0000000706200000|
|  99|0x0000000706300000, 0x00000007063ffff8, 0x0000000706400000| 99%| O|  |TS  0|AC  0|TAMS 0x0000000706300000, 0x0000000706300000|
| 100|0x0000000706400000, 0x00000007064ff270, 0x0000000706500000| 99%| O|  |TS  0|AC  0|TAMS 0x0000000706400000, 0x0000000706400000|
| 101|0x0000000706500000, 0x00000007065fffe8, 0x0000000706600000| 99%| O|  |TS  0|AC  0|TAMS 0x0000000706500000, 0x0000000706500000|
| 102|0x0000000706600000, 0x00000007066ffff0, 0x0000000706700000| 99%| O|  |TS  0|AC  0|TAMS 0x0000000706600000, 0x0000000706600000|
| 103|0x0000000706700000, 0x00000007067fe6c8, 0x0000000706800000| 99%| O|  |TS  0|AC  0|TAMS 0x0000000706700000, 0x0000000706700000|
| 104|0x0000000706800000, 0x0000000706900000, 0x0000000706900000|100%| O|  |TS  0|AC  0|TAMS 0x0000000706800000, 0x0000000706800000|
| 105|0x0000000706900000, 0x00000007069fffc0, 0x0000000706a00000| 99%| O|  |TS  0|AC  0|TAMS 0x0000000706900000, 0x0000000706900000|
| 106|0x0000000706a00000, 0x0000000706affff8, 0x0000000706b00000| 99%| O|  |TS  0|AC  0|TAMS 0x0000000706a00000, 0x0000000706a00000|
| 107|0x0000000706b00000, 0x0000000706bffff8, 0x0000000706c00000| 99%| O|  |TS  0|AC  0|TAMS 0x0000000706b00000, 0x0000000706b00000|
| 108|0x0000000706c00000, 0x0000000706cffff0, 0x0000000706d00000| 99%| O|  |TS  0|AC  0|TAMS 0x0000000706c00000, 0x0000000706c00000|
| 109|0x0000000706d00000, 0x0000000706e00000, 0x0000000706e00000|100%| O|  |TS  0|AC  0|TAMS 0x0000000706d00000, 0x0000000706d00000|
| 110|0x0000000706e00000, 0x0000000706efe108, 0x0000000706f00000| 99%| O|  |TS  0|AC  0|TAMS 0x0000000706e00000, 0x0000000706e00000|
| 111|0x0000000706f00000, 0x0000000706ffffe8, 0x0000000707000000| 99%| O|  |TS  0|AC  0|TAMS 0x0000000706f00000, 0x0000000706f00000|
| 112|0x0000000707000000, 0x00000007070fe970, 0x0000000707100000| 99%| O|  |TS  0|AC  0|TAMS 0x0000000707000000, 0x0000000707000000|
| 113|0x0000000707100000, 0x00000007071ffff0, 0x0000000707200000| 99%| O|  |TS  0|AC  0|TAMS 0x0000000707100000, 0x0000000707100000|
| 114|0x0000000707200000, 0x00000007072fffe0, 0x0000000707300000| 99%| O|  |TS  0|AC  0|TAMS 0x0000000707200000, 0x0000000707200000|
| 115|0x0000000707300000, 0x0000000707400000, 0x0000000707400000|100%| O|  |TS  0|AC  0|TAMS 0x0000000707300000, 0x0000000707300000|
| 116|0x0000000707400000, 0x00000007074ffff8, 0x0000000707500000| 99%| O|  |TS  0|AC  0|TAMS 0x0000000707400000, 0x0000000707400000|
| 117|0x0000000707500000, 0x00000007075ffff8, 0x0000000707600000| 99%| O|  |TS  0|AC  0|TAMS 0x0000000707500000, 0x0000000707500000|
| 118|0x0000000707600000, 0x00000007076fffe8, 0x0000000707700000| 99%| O|  |TS  0|AC  0|TAMS 0x0000000707600000, 0x0000000707600000|
| 119|0x0000000707700000, 0x00000007077fffc0, 0x0000000707800000| 99%| O|  |TS  0|AC  0|TAMS 0x0000000707700000, 0x0000000707700000|
| 120|0x0000000707800000, 0x0000000707900000, 0x0000000707900000|100%| O|  |TS  0|AC  0|TAMS 0x0000000707800000, 0x0000000707800000|
| 121|0x0000000707900000, 0x00000007079ffff8, 0x0000000707a00000| 99%| O|  |TS  0|AC  0|TAMS 0x0000000707900000, 0x0000000707900000|
| 122|0x0000000707a00000, 0x0000000707afffc0, 0x0000000707b00000| 99%| O|  |TS  0|AC  0|TAMS 0x0000000707a00000, 0x0000000707a00000|
| 123|0x0000000707b00000, 0x0000000707bfffd8, 0x0000000707c00000| 99%| O|  |TS  0|AC  0|TAMS 0x0000000707b00000, 0x0000000707b00000|
| 124|0x0000000707c00000, 0x0000000707d00000, 0x0000000707d00000|100%|HS|  |TS  0|AC  0|TAMS 0x0000000707c00000, 0x0000000707c00000|
| 125|0x0000000707d00000, 0x0000000707e00000, 0x0000000707e00000|100%|HC|  |TS  0|AC  0|TAMS 0x0000000707d00000, 0x0000000707d00000|
| 126|0x0000000707e00000, 0x0000000707efffb8, 0x0000000707f00000| 99%| O|  |TS  0|AC  0|TAMS 0x0000000707e00000, 0x0000000707e00000|
| 127|0x0000000707f00000, 0x0000000708000000, 0x0000000708000000|100%| O|  |TS  0|AC  0|TAMS 0x0000000707f00000, 0x0000000707f00000|
| 128|0x0000000708000000, 0x00000007080fffa8, 0x0000000708100000| 99%| O|  |TS  0|AC  0|TAMS 0x0000000708000000, 0x0000000708000000|
| 129|0x0000000708100000, 0x00000007081ffff8, 0x0000000708200000| 99%| O|  |TS  0|AC  0|TAMS 0x0000000708100000, 0x0000000708100000|
| 130|0x0000000708200000, 0x0000000708300000, 0x0000000708300000|100%| O|  |TS  0|AC  0|TAMS 0x0000000708200000, 0x0000000708200000|
| 131|0x0000000708300000, 0x0000000708400000, 0x0000000708400000|100%| O|  |TS  0|AC  0|TAMS 0x0000000708300000, 0x0000000708300000|
| 132|0x0000000708400000, 0x00000007084ffff0, 0x0000000708500000| 99%| O|  |TS  0|AC  0|TAMS 0x0000000708400000, 0x0000000708400000|
| 133|0x0000000708500000, 0x00000007085fffe8, 0x0000000708600000| 99%| O|  |TS  0|AC  0|TAMS 0x0000000708500000, 0x0000000708500000|
| 134|0x0000000708600000, 0x00000007086fffe8, 0x0000000708700000| 99%| O|  |TS  0|AC  0|TAMS 0x0000000708600000, 0x0000000708600000|
| 135|0x0000000708700000, 0x00000007087ffff0, 0x0000000708800000| 99%| O|  |TS  0|AC  0|TAMS 0x0000000708700000, 0x0000000708700000|
| 136|0x0000000708800000, 0x00000007088ffff8, 0x0000000708900000| 99%| O|  |TS  0|AC  0|TAMS 0x0000000708800000, 0x0000000708800000|
| 137|0x0000000708900000, 0x00000007089ffff8, 0x0000000708a00000| 99%| O|  |TS  0|AC  0|TAMS 0x0000000708900000, 0x0000000708900000|
| 138|0x0000000708a00000, 0x0000000708b00000, 0x0000000708b00000|100%|HS|  |TS  0|AC  0|TAMS 0x0000000708a00000, 0x0000000708a00000|
| 139|0x0000000708b00000, 0x0000000708c00000, 0x0000000708c00000|100%|HC|  |TS  0|AC  0|TAMS 0x0000000708b00000, 0x0000000708b00000|
| 140|0x0000000708c00000, 0x0000000708d00000, 0x0000000708d00000|100%|HC|  |TS  0|AC  0|TAMS 0x0000000708c00000, 0x0000000708c00000|
| 141|0x0000000708d00000, 0x0000000708e00000, 0x0000000708e00000|100%|HC|  |TS  0|AC  0|TAMS 0x0000000708d00000, 0x0000000708d00000|
| 142|0x0000000708e00000, 0x0000000708f00000, 0x0000000708f00000|100%|HC|  |TS  0|AC  0|TAMS 0x0000000708e00000, 0x0000000708e00000|
| 143|0x0000000708f00000, 0x0000000709000000, 0x0000000709000000|100%|HC|  |TS  0|AC  0|TAMS 0x0000000708f00000, 0x0000000708f00000|
| 144|0x0000000709000000, 0x0000000709100000, 0x0000000709100000|100%|HC|  |TS  0|AC  0|TAMS 0x0000000709000000, 0x0000000709000000|
| 145|0x0000000709100000, 0x0000000709200000, 0x0000000709200000|100%|HC|  |TS  0|AC  0|TAMS 0x0000000709100000, 0x0000000709100000|
| 146|0x0000000709200000, 0x00000007092ffff8, 0x0000000709300000| 99%| O|  |TS  0|AC  0|TAMS 0x0000000709200000, 0x0000000709200000|
| 147|0x0000000709300000, 0x00000007093f6df8, 0x0000000709400000| 96%| O|  |TS  0|AC  0|TAMS 0x0000000709300000, 0x0000000709300000|
| 148|0x0000000709400000, 0x0000000709500000, 0x0000000709500000|100%| O|  |TS 19|AC  0|TAMS 0x0000000709400000, 0x0000000709400000|
| 149|0x0000000709500000, 0x000000070955c800, 0x0000000709600000| 36%| O|  |TS 23|AC  0|TAMS 0x0000000709500000, 0x0000000709500000|
| 150|0x0000000709600000, 0x0000000709600000, 0x0000000709700000|  0%| F|  |TS  0|AC  0|TAMS 0x0000000709600000, 0x0000000709600000|
| 151|0x0000000709700000, 0x0000000709700000, 0x0000000709800000|  0%| F|  |TS  0|AC  0|TAMS 0x0000000709700000, 0x0000000709700000|
| 152|0x0000000709800000, 0x0000000709800000, 0x0000000709900000|  0%| F|  |TS  0|AC  0|TAMS 0x0000000709800000, 0x0000000709800000|
| 153|0x0000000709900000, 0x0000000709900000, 0x0000000709a00000|  0%| F|  |TS  0|AC  0|TAMS 0x0000000709900000, 0x0000000709900000|
| 154|0x0000000709a00000, 0x0000000709a00000, 0x0000000709b00000|  0%| F|  |TS  0|AC  0|TAMS 0x0000000709a00000, 0x0000000709a00000|
| 155|0x0000000709b00000, 0x0000000709b00000, 0x0000000709c00000|  0%| F|  |TS  0|AC  0|TAMS 0x0000000709b00000, 0x0000000709b00000|
| 156|0x0000000709c00000, 0x0000000709d00000, 0x0000000709d00000|100%|HS|  |TS  0|AC  0|TAMS 0x0000000709c00000, 0x0000000709c00000|
| 157|0x0000000709d00000, 0x0000000709d00000, 0x0000000709e00000|  0%| F|  |TS  0|AC  0|TAMS 0x0000000709d00000, 0x0000000709d00000|
| 158|0x0000000709e00000, 0x0000000709e00000, 0x0000000709f00000|  0%| F|  |TS  0|AC  0|TAMS 0x0000000709e00000, 0x0000000709e00000|
| 159|0x0000000709f00000, 0x000000070a000000, 0x000000070a000000|100%|HS|  |TS  0|AC  0|TAMS 0x0000000709f00000, 0x0000000709f00000|
| 160|0x000000070a000000, 0x000000070a100000, 0x000000070a100000|100%|HC|  |TS  0|AC  0|TAMS 0x000000070a000000, 0x000000070a000000|
| 161|0x000000070a100000, 0x000000070a200000, 0x000000070a200000|100%|HC|  |TS  0|AC  0|TAMS 0x000000070a100000, 0x000000070a100000|
| 162|0x000000070a200000, 0x000000070a300000, 0x000000070a300000|100%|HC|  |TS  0|AC  0|TAMS 0x000000070a200000, 0x000000070a200000|
| 163|0x000000070a300000, 0x000000070a400000, 0x000000070a400000|100%|HC|  |TS  0|AC  0|TAMS 0x000000070a300000, 0x000000070a300000|
| 164|0x000000070a400000, 0x000000070a500000, 0x000000070a500000|100%|HC|  |TS  0|AC  0|TAMS 0x000000070a400000, 0x000000070a400000|
| 165|0x000000070a500000, 0x000000070a600000, 0x000000070a600000|100%|HC|  |TS  0|AC  0|TAMS 0x000000070a500000, 0x000000070a500000|
| 166|0x000000070a600000, 0x000000070a700000, 0x000000070a700000|100%|HC|  |TS  0|AC  0|TAMS 0x000000070a600000, 0x000000070a600000|
| 167|0x000000070a700000, 0x000000070a800000, 0x000000070a800000|100%|HS|  |TS  0|AC  0|TAMS 0x000000070a700000, 0x000000070a700000|
| 168|0x000000070a800000, 0x000000070a900000, 0x000000070a900000|100%|HC|  |TS  0|AC  0|TAMS 0x000000070a800000, 0x000000070a800000|
| 169|0x000000070a900000, 0x000000070aa00000, 0x000000070aa00000|100%|HC|  |TS  0|AC  0|TAMS 0x000000070a900000, 0x000000070a900000|
| 170|0x000000070aa00000, 0x000000070ab00000, 0x000000070ab00000|100%|HC|  |TS  0|AC  0|TAMS 0x000000070aa00000, 0x000000070aa00000|
| 171|0x000000070ab00000, 0x000000070ac00000, 0x000000070ac00000|100%|HC|  |TS  0|AC  0|TAMS 0x000000070ab00000, 0x000000070ab00000|
| 172|0x000000070ac00000, 0x000000070ac00000, 0x000000070ad00000|  0%| F|  |TS  0|AC  0|TAMS 0x000000070ac00000, 0x000000070ac00000|
| 173|0x000000070ad00000, 0x000000070ad00000, 0x000000070ae00000|  0%| F|  |TS  0|AC  0|TAMS 0x000000070ad00000, 0x000000070ad00000|
| 174|0x000000070ae00000, 0x000000070ae00000, 0x000000070af00000|  0%| F|  |TS  0|AC  0|TAMS 0x000000070ae00000, 0x000000070ae00000|
| 175|0x000000070af00000, 0x000000070af00000, 0x000000070b000000|  0%| F|  |TS  0|AC  0|TAMS 0x000000070af00000, 0x000000070af00000|
| 176|0x000000070b000000, 0x000000070b000000, 0x000000070b100000|  0%| F|  |TS  0|AC  0|TAMS 0x000000070b000000, 0x000000070b000000|
| 177|0x000000070b100000, 0x000000070b100000, 0x000000070b200000|  0%| F|  |TS  0|AC  0|TAMS 0x000000070b100000, 0x000000070b100000|
| 178|0x000000070b200000, 0x000000070b200000, 0x000000070b300000|  0%| F|  |TS  0|AC  0|TAMS 0x000000070b200000, 0x000000070b200000|
| 179|0x000000070b300000, 0x000000070b300000, 0x000000070b400000|  0%| F|  |TS  0|AC  0|TAMS 0x000000070b300000, 0x000000070b300000|
| 180|0x000000070b400000, 0x000000070b400000, 0x000000070b500000|  0%| F|  |TS  0|AC  0|TAMS 0x000000070b400000, 0x000000070b400000|
| 181|0x000000070b500000, 0x000000070b500000, 0x000000070b600000|  0%| F|  |TS  0|AC  0|TAMS 0x000000070b500000, 0x000000070b500000|
| 182|0x000000070b600000, 0x000000070b600000, 0x000000070b700000|  0%| F|  |TS  0|AC  0|TAMS 0x000000070b600000, 0x000000070b600000|
| 183|0x000000070b700000, 0x000000070b700000, 0x000000070b800000|  0%| F|  |TS  0|AC  0|TAMS 0x000000070b700000, 0x000000070b700000|
| 184|0x000000070b800000, 0x000000070b800000, 0x000000070b900000|  0%| F|  |TS  0|AC  0|TAMS 0x000000070b800000, 0x000000070b800000|
| 185|0x000000070b900000, 0x000000070b900000, 0x000000070ba00000|  0%| F|  |TS  0|AC  0|TAMS 0x000000070b900000, 0x000000070b900000|
| 186|0x000000070ba00000, 0x000000070ba00000, 0x000000070bb00000|  0%| F|  |TS  0|AC  0|TAMS 0x000000070ba00000, 0x000000070ba00000|
| 187|0x000000070bb00000, 0x000000070bb00000, 0x000000070bc00000|  0%| F|  |TS  0|AC  0|TAMS 0x000000070bb00000, 0x000000070bb00000|
| 188|0x000000070bc00000, 0x000000070bc00000, 0x000000070bd00000|  0%| F|  |TS  0|AC  0|TAMS 0x000000070bc00000, 0x000000070bc00000|
| 189|0x000000070bd00000, 0x000000070bd00000, 0x000000070be00000|  0%| F|  |TS  0|AC  0|TAMS 0x000000070bd00000, 0x000000070bd00000|
| 190|0x000000070be00000, 0x000000070be00000, 0x000000070bf00000|  0%| F|  |TS  0|AC  0|TAMS 0x000000070be00000, 0x000000070be00000|
| 191|0x000000070bf00000, 0x000000070bf00000, 0x000000070c000000|  0%| F|  |TS  0|AC  0|TAMS 0x000000070bf00000, 0x000000070bf00000|
| 192|0x000000070c000000, 0x000000070c000000, 0x000000070c100000|  0%| F|  |TS  0|AC  0|TAMS 0x000000070c000000, 0x000000070c000000|
| 193|0x000000070c100000, 0x000000070c100000, 0x000000070c200000|  0%| F|  |TS  0|AC  0|TAMS 0x000000070c100000, 0x000000070c100000|
| 194|0x000000070c200000, 0x000000070c200000, 0x000000070c300000|  0%| F|  |TS  0|AC  0|TAMS 0x000000070c200000, 0x000000070c200000|
| 195|0x000000070c300000, 0x000000070c300000, 0x000000070c400000|  0%| F|  |TS  0|AC  0|TAMS 0x000000070c300000, 0x000000070c300000|
| 196|0x000000070c400000, 0x000000070c400000, 0x000000070c500000|  0%| F|  |TS  0|AC  0|TAMS 0x000000070c400000, 0x000000070c400000|
| 197|0x000000070c500000, 0x000000070c500000, 0x000000070c600000|  0%| F|  |TS  0|AC  0|TAMS 0x000000070c500000, 0x000000070c500000|
| 198|0x000000070c600000, 0x000000070c600000, 0x000000070c700000|  0%| F|  |TS  0|AC  0|TAMS 0x000000070c600000, 0x000000070c600000|
| 199|0x000000070c700000, 0x000000070c700000, 0x000000070c800000|  0%| F|  |TS  0|AC  0|TAMS 0x000000070c700000, 0x000000070c700000|
| 200|0x000000070c800000, 0x000000070c800000, 0x000000070c900000|  0%| F|  |TS  0|AC  0|TAMS 0x000000070c800000, 0x000000070c800000|
| 201|0x000000070c900000, 0x000000070c900000, 0x000000070ca00000|  0%| F|  |TS  0|AC  0|TAMS 0x000000070c900000, 0x000000070c900000|
| 202|0x000000070ca00000, 0x000000070ca00000, 0x000000070cb00000|  0%| F|  |TS  0|AC  0|TAMS 0x000000070ca00000, 0x000000070ca00000|
| 203|0x000000070cb00000, 0x000000070cb00000, 0x000000070cc00000|  0%| F|  |TS  0|AC  0|TAMS 0x000000070cb00000, 0x000000070cb00000|
| 204|0x000000070cc00000, 0x000000070cc00000, 0x000000070cd00000|  0%| F|  |TS  0|AC  0|TAMS 0x000000070cc00000, 0x000000070cc00000|
| 205|0x000000070cd00000, 0x000000070cd00000, 0x000000070ce00000|  0%| F|  |TS  0|AC  0|TAMS 0x000000070cd00000, 0x000000070cd00000|
| 206|0x000000070ce00000, 0x000000070ce00000, 0x000000070cf00000|  0%| F|  |TS  0|AC  0|TAMS 0x000000070ce00000, 0x000000070ce00000|
| 207|0x000000070cf00000, 0x000000070cf00000, 0x000000070d000000|  0%| F|  |TS  0|AC  0|TAMS 0x000000070cf00000, 0x000000070cf00000|
| 208|0x000000070d000000, 0x000000070d000000, 0x000000070d100000|  0%| F|  |TS  0|AC  0|TAMS 0x000000070d000000, 0x000000070d000000|
| 209|0x000000070d100000, 0x000000070d100000, 0x000000070d200000|  0%| F|  |TS  0|AC  0|TAMS 0x000000070d100000, 0x000000070d100000|
| 210|0x000000070d200000, 0x000000070d200000, 0x000000070d300000|  0%| F|  |TS  0|AC  0|TAMS 0x000000070d200000, 0x000000070d200000|
| 211|0x000000070d300000, 0x000000070d300000, 0x000000070d400000|  0%| F|  |TS  0|AC  0|TAMS 0x000000070d300000, 0x000000070d300000|
| 212|0x000000070d400000, 0x000000070d400000, 0x000000070d500000|  0%| F|  |TS  0|AC  0|TAMS 0x000000070d400000, 0x000000070d400000|
| 213|0x000000070d500000, 0x000000070d500000, 0x000000070d600000|  0%| F|  |TS  0|AC  0|TAMS 0x000000070d500000, 0x000000070d500000|
| 214|0x000000070d600000, 0x000000070d600000, 0x000000070d700000|  0%| F|  |TS  0|AC  0|TAMS 0x000000070d600000, 0x000000070d600000|
| 215|0x000000070d700000, 0x000000070d700000, 0x000000070d800000|  0%| F|  |TS  0|AC  0|TAMS 0x000000070d700000, 0x000000070d700000|
| 216|0x000000070d800000, 0x000000070d800000, 0x000000070d900000|  0%| F|  |TS  0|AC  0|TAMS 0x000000070d800000, 0x000000070d800000|
| 217|0x000000070d900000, 0x000000070d900000, 0x000000070da00000|  0%| F|  |TS  0|AC  0|TAMS 0x000000070d900000, 0x000000070d900000|
| 218|0x000000070da00000, 0x000000070da00000, 0x000000070db00000|  0%| F|  |TS  0|AC  0|TAMS 0x000000070da00000, 0x000000070da00000|
| 219|0x000000070db00000, 0x000000070db00000, 0x000000070dc00000|  0%| F|  |TS  0|AC  0|TAMS 0x000000070db00000, 0x000000070db00000|
| 220|0x000000070dc00000, 0x000000070dc00000, 0x000000070dd00000|  0%| F|  |TS  0|AC  0|TAMS 0x000000070dc00000, 0x000000070dc00000|
| 221|0x000000070dd00000, 0x000000070dd00000, 0x000000070de00000|  0%| F|  |TS  0|AC  0|TAMS 0x000000070dd00000, 0x000000070dd00000|
| 222|0x000000070de00000, 0x000000070de00000, 0x000000070df00000|  0%| F|  |TS  0|AC  0|TAMS 0x000000070de00000, 0x000000070de00000|
| 223|0x000000070df00000, 0x000000070df00000, 0x000000070e000000|  0%| F|  |TS  0|AC  0|TAMS 0x000000070df00000, 0x000000070df00000|
| 224|0x000000070e000000, 0x000000070e000000, 0x000000070e100000|  0%| F|  |TS  0|AC  0|TAMS 0x000000070e000000, 0x000000070e000000|
| 225|0x000000070e100000, 0x000000070e100000, 0x000000070e200000|  0%| F|  |TS  0|AC  0|TAMS 0x000000070e100000, 0x000000070e100000|
| 226|0x000000070e200000, 0x000000070e200000, 0x000000070e300000|  0%| F|  |TS  0|AC  0|TAMS 0x000000070e200000, 0x000000070e200000|
| 227|0x000000070e300000, 0x000000070e300000, 0x000000070e400000|  0%| F|  |TS  0|AC  0|TAMS 0x000000070e300000, 0x000000070e300000|
| 228|0x000000070e400000, 0x000000070e400000, 0x000000070e500000|  0%| F|  |TS  0|AC  0|TAMS 0x000000070e400000, 0x000000070e400000|
| 229|0x000000070e500000, 0x000000070e500000, 0x000000070e600000|  0%| F|  |TS  0|AC  0|TAMS 0x000000070e500000, 0x000000070e500000|
| 230|0x000000070e600000, 0x000000070e600000, 0x000000070e700000|  0%| F|  |TS  0|AC  0|TAMS 0x000000070e600000, 0x000000070e600000|
| 231|0x000000070e700000, 0x000000070e700000, 0x000000070e800000|  0%| F|  |TS  0|AC  0|TAMS 0x000000070e700000, 0x000000070e700000|
| 232|0x000000070e800000, 0x000000070e800000, 0x000000070e900000|  0%| F|  |TS  0|AC  0|TAMS 0x000000070e800000, 0x000000070e800000|
| 233|0x000000070e900000, 0x000000070e900000, 0x000000070ea00000|  0%| F|  |TS  0|AC  0|TAMS 0x000000070e900000, 0x000000070e900000|
| 234|0x000000070ea00000, 0x000000070ea00000, 0x000000070eb00000|  0%| F|  |TS  0|AC  0|TAMS 0x000000070ea00000, 0x000000070ea00000|
| 235|0x000000070eb00000, 0x000000070eb00000, 0x000000070ec00000|  0%| F|  |TS  0|AC  0|TAMS 0x000000070eb00000, 0x000000070eb00000|
| 236|0x000000070ec00000, 0x000000070ec00000, 0x000000070ed00000|  0%| F|  |TS  0|AC  0|TAMS 0x000000070ec00000, 0x000000070ec00000|
| 237|0x000000070ed00000, 0x000000070ed00000, 0x000000070ee00000|  0%| F|  |TS  0|AC  0|TAMS 0x000000070ed00000, 0x000000070ed00000|
| 238|0x000000070ee00000, 0x000000070ee00000, 0x000000070ef00000|  0%| F|  |TS  0|AC  0|TAMS 0x000000070ee00000, 0x000000070ee00000|
| 239|0x000000070ef00000, 0x000000070ef00000, 0x000000070f000000|  0%| F|  |TS  0|AC  0|TAMS 0x000000070ef00000, 0x000000070ef00000|
| 240|0x000000070f000000, 0x000000070f000000, 0x000000070f100000|  0%| F|  |TS  0|AC  0|TAMS 0x000000070f000000, 0x000000070f000000|
| 241|0x000000070f100000, 0x000000070f100000, 0x000000070f200000|  0%| F|  |TS  0|AC  0|TAMS 0x000000070f100000, 0x000000070f100000|
| 242|0x000000070f200000, 0x000000070f200000, 0x000000070f300000|  0%| F|  |TS  0|AC  0|TAMS 0x000000070f200000, 0x000000070f200000|
| 243|0x000000070f300000, 0x000000070f300000, 0x000000070f400000|  0%| F|  |TS  0|AC  0|TAMS 0x000000070f300000, 0x000000070f300000|
| 244|0x000000070f400000, 0x000000070f400000, 0x000000070f500000|  0%| F|  |TS  0|AC  0|TAMS 0x000000070f400000, 0x000000070f400000|
| 245|0x000000070f500000, 0x000000070f500000, 0x000000070f600000|  0%| F|  |TS  0|AC  0|TAMS 0x000000070f500000, 0x000000070f500000|
| 246|0x000000070f600000, 0x000000070f600000, 0x000000070f700000|  0%| F|  |TS  0|AC  0|TAMS 0x000000070f600000, 0x000000070f600000|
| 247|0x000000070f700000, 0x000000070f700000, 0x000000070f800000|  0%| F|  |TS  0|AC  0|TAMS 0x000000070f700000, 0x000000070f700000|
| 248|0x000000070f800000, 0x000000070f800000, 0x000000070f900000|  0%| F|  |TS  0|AC  0|TAMS 0x000000070f800000, 0x000000070f800000|
| 249|0x000000070f900000, 0x000000070f900000, 0x000000070fa00000|  0%| F|  |TS  0|AC  0|TAMS 0x000000070f900000, 0x000000070f900000|
| 250|0x000000070fa00000, 0x000000070fa00000, 0x000000070fb00000|  0%| F|  |TS  0|AC  0|TAMS 0x000000070fa00000, 0x000000070fa00000|
| 251|0x000000070fb00000, 0x000000070fb00000, 0x000000070fc00000|  0%| F|  |TS  0|AC  0|TAMS 0x000000070fb00000, 0x000000070fb00000|
| 252|0x000000070fc00000, 0x000000070fc00000, 0x000000070fd00000|  0%| F|  |TS  0|AC  0|TAMS 0x000000070fc00000, 0x000000070fc00000|
| 253|0x000000070fd00000, 0x000000070fd00000, 0x000000070fe00000|  0%| F|  |TS  0|AC  0|TAMS 0x000000070fd00000, 0x000000070fd00000|
| 254|0x000000070fe00000, 0x000000070fe00000, 0x000000070ff00000|  0%| F|  |TS  0|AC  0|TAMS 0x000000070fe00000, 0x000000070fe00000|
| 255|0x000000070ff00000, 0x000000070ff00000, 0x0000000710000000|  0%| F|  |TS  0|AC  0|TAMS 0x000000070ff00000, 0x000000070ff00000|
| 256|0x0000000710000000, 0x0000000710000000, 0x0000000710100000|  0%| F|  |TS  0|AC  0|TAMS 0x0000000710000000, 0x0000000710000000|
| 257|0x0000000710100000, 0x0000000710100000, 0x0000000710200000|  0%| F|  |TS  0|AC  0|TAMS 0x0000000710100000, 0x0000000710100000|
| 258|0x0000000710200000, 0x0000000710200000, 0x0000000710300000|  0%| F|  |TS  0|AC  0|TAMS 0x0000000710200000, 0x0000000710200000|
| 259|0x0000000710300000, 0x0000000710300000, 0x0000000710400000|  0%| F|  |TS  0|AC  0|TAMS 0x0000000710300000, 0x0000000710300000|
| 260|0x0000000710400000, 0x0000000710400000, 0x0000000710500000|  0%| F|  |TS  0|AC  0|TAMS 0x0000000710400000, 0x0000000710400000|
| 261|0x0000000710500000, 0x0000000710500000, 0x0000000710600000|  0%| F|  |TS  0|AC  0|TAMS 0x0000000710500000, 0x0000000710500000|
| 262|0x0000000710600000, 0x0000000710600000, 0x0000000710700000|  0%| F|  |TS  0|AC  0|TAMS 0x0000000710600000, 0x0000000710600000|
| 263|0x0000000710700000, 0x0000000710700000, 0x0000000710800000|  0%| F|  |TS  0|AC  0|TAMS 0x0000000710700000, 0x0000000710700000|
| 264|0x0000000710800000, 0x0000000710800000, 0x0000000710900000|  0%| F|  |TS  0|AC  0|TAMS 0x0000000710800000, 0x0000000710800000|
| 265|0x0000000710900000, 0x0000000710900000, 0x0000000710a00000|  0%| F|  |TS  0|AC  0|TAMS 0x0000000710900000, 0x0000000710900000|
| 266|0x0000000710a00000, 0x0000000710a00000, 0x0000000710b00000|  0%| F|  |TS  0|AC  0|TAMS 0x0000000710a00000, 0x0000000710a00000|
| 267|0x0000000710b00000, 0x0000000710b00000, 0x0000000710c00000|  0%| F|  |TS  0|AC  0|TAMS 0x0000000710b00000, 0x0000000710b00000|
| 268|0x0000000710c00000, 0x0000000710c00000, 0x0000000710d00000|  0%| F|  |TS  0|AC  0|TAMS 0x0000000710c00000, 0x0000000710c00000|
| 269|0x0000000710d00000, 0x0000000710d00000, 0x0000000710e00000|  0%| F|  |TS  0|AC  0|TAMS 0x0000000710d00000, 0x0000000710d00000|
| 270|0x0000000710e00000, 0x0000000710e00000, 0x0000000710f00000|  0%| F|  |TS  0|AC  0|TAMS 0x0000000710e00000, 0x0000000710e00000|
| 271|0x0000000710f00000, 0x0000000710f00000, 0x0000000711000000|  0%| F|  |TS  0|AC  0|TAMS 0x0000000710f00000, 0x0000000710f00000|
| 272|0x0000000711000000, 0x0000000711000000, 0x0000000711100000|  0%| F|  |TS  0|AC  0|TAMS 0x0000000711000000, 0x0000000711000000|
| 273|0x0000000711100000, 0x0000000711100000, 0x0000000711200000|  0%| F|  |TS  0|AC  0|TAMS 0x0000000711100000, 0x0000000711100000|
| 274|0x0000000711200000, 0x0000000711200000, 0x0000000711300000|  0%| F|  |TS  0|AC  0|TAMS 0x0000000711200000, 0x0000000711200000|
| 275|0x0000000711300000, 0x0000000711300000, 0x0000000711400000|  0%| F|  |TS  0|AC  0|TAMS 0x0000000711300000, 0x0000000711300000|
| 276|0x0000000711400000, 0x0000000711400000, 0x0000000711500000|  0%| F|  |TS  0|AC  0|TAMS 0x0000000711400000, 0x0000000711400000|
| 277|0x0000000711500000, 0x0000000711500000, 0x0000000711600000|  0%| F|  |TS  0|AC  0|TAMS 0x0000000711500000, 0x0000000711500000|
| 278|0x0000000711600000, 0x0000000711600000, 0x0000000711700000|  0%| F|  |TS  0|AC  0|TAMS 0x0000000711600000, 0x0000000711600000|
| 279|0x0000000711700000, 0x0000000711700000, 0x0000000711800000|  0%| F|  |TS  0|AC  0|TAMS 0x0000000711700000, 0x0000000711700000|
| 280|0x0000000711800000, 0x0000000711800000, 0x0000000711900000|  0%| F|  |TS  0|AC  0|TAMS 0x0000000711800000, 0x0000000711800000|
| 281|0x0000000711900000, 0x0000000711900000, 0x0000000711a00000|  0%| F|  |TS  0|AC  0|TAMS 0x0000000711900000, 0x0000000711900000|
| 282|0x0000000711a00000, 0x0000000711a00000, 0x0000000711b00000|  0%| F|  |TS  0|AC  0|TAMS 0x0000000711a00000, 0x0000000711a00000|
| 283|0x0000000711b00000, 0x0000000711b00000, 0x0000000711c00000|  0%| F|  |TS  0|AC  0|TAMS 0x0000000711b00000, 0x0000000711b00000|
| 284|0x0000000711c00000, 0x0000000711c00000, 0x0000000711d00000|  0%| F|  |TS  0|AC  0|TAMS 0x0000000711c00000, 0x0000000711c00000|
| 285|0x0000000711d00000, 0x0000000711d00000, 0x0000000711e00000|  0%| F|  |TS  0|AC  0|TAMS 0x0000000711d00000, 0x0000000711d00000|
| 286|0x0000000711e00000, 0x0000000711e00000, 0x0000000711f00000|  0%| F|  |TS  0|AC  0|TAMS 0x0000000711e00000, 0x0000000711e00000|
| 287|0x0000000711f00000, 0x0000000711f00000, 0x0000000712000000|  0%| F|  |TS  0|AC  0|TAMS 0x0000000711f00000, 0x0000000711f00000|
| 288|0x0000000712000000, 0x0000000712000000, 0x0000000712100000|  0%| F|  |TS  0|AC  0|TAMS 0x0000000712000000, 0x0000000712000000|
| 289|0x0000000712100000, 0x0000000712100000, 0x0000000712200000|  0%| F|  |TS  0|AC  0|TAMS 0x0000000712100000, 0x0000000712100000|
| 290|0x0000000712200000, 0x0000000712200000, 0x0000000712300000|  0%| F|  |TS  0|AC  0|TAMS 0x0000000712200000, 0x0000000712200000|
| 291|0x0000000712300000, 0x0000000712300000, 0x0000000712400000|  0%| F|  |TS  0|AC  0|TAMS 0x0000000712300000, 0x0000000712300000|
| 292|0x0000000712400000, 0x0000000712400000, 0x0000000712500000|  0%| F|  |TS  0|AC  0|TAMS 0x0000000712400000, 0x0000000712400000|
| 293|0x0000000712500000, 0x0000000712500000, 0x0000000712600000|  0%| F|  |TS  0|AC  0|TAMS 0x0000000712500000, 0x0000000712500000|
| 294|0x0000000712600000, 0x0000000712600000, 0x0000000712700000|  0%| F|  |TS  0|AC  0|TAMS 0x0000000712600000, 0x0000000712600000|
| 295|0x0000000712700000, 0x0000000712700000, 0x0000000712800000|  0%| F|  |TS  0|AC  0|TAMS 0x0000000712700000, 0x0000000712700000|
| 296|0x0000000712800000, 0x0000000712800000, 0x0000000712900000|  0%| F|  |TS  0|AC  0|TAMS 0x0000000712800000, 0x0000000712800000|
| 297|0x0000000712900000, 0x0000000712900000, 0x0000000712a00000|  0%| F|  |TS  0|AC  0|TAMS 0x0000000712900000, 0x0000000712900000|
| 298|0x0000000712a00000, 0x0000000712a00000, 0x0000000712b00000|  0%| F|  |TS 19|AC  0|TAMS 0x0000000712a00000, 0x0000000712a00000|
| 299|0x0000000712b00000, 0x0000000712b00000, 0x0000000712c00000|  0%| F|  |TS 19|AC  0|TAMS 0x0000000712b00000, 0x0000000712b00000|
| 300|0x0000000712c00000, 0x0000000712c00000, 0x0000000712d00000|  0%| F|  |TS 19|AC  0|TAMS 0x0000000712c00000, 0x0000000712c00000|
| 301|0x0000000712d00000, 0x0000000712d00000, 0x0000000712e00000|  0%| F|  |TS 17|AC  0|TAMS 0x0000000712d00000, 0x0000000712d00000|
| 302|0x0000000712e00000, 0x0000000712e00000, 0x0000000712f00000|  0%| F|  |TS 17|AC  0|TAMS 0x0000000712e00000, 0x0000000712e00000|
| 303|0x0000000712f00000, 0x0000000712f00000, 0x0000000713000000|  0%| F|  |TS 23|AC  0|TAMS 0x0000000712f00000, 0x0000000712f00000|
| 304|0x0000000713000000, 0x00000007130f3ec0, 0x0000000713100000| 95%| S|CS|TS 23|AC  0|TAMS 0x0000000713000000, 0x0000000713000000|
| 305|0x0000000713100000, 0x0000000713100000, 0x0000000713200000|  0%| F|  |TS 23|AC  0|TAMS 0x0000000713100000, 0x0000000713100000|
| 306|0x0000000713200000, 0x0000000713200000, 0x0000000713300000|  0%| F|  |TS 23|AC  0|TAMS 0x0000000713200000, 0x0000000713200000|
| 307|0x0000000713300000, 0x0000000713300000, 0x0000000713400000|  0%| F|  |TS 23|AC  0|TAMS 0x0000000713300000, 0x0000000713300000|
| 308|0x0000000713400000, 0x0000000713400000, 0x0000000713500000|  0%| F|  |TS 23|AC  0|TAMS 0x0000000713400000, 0x0000000713400000|
| 309|0x0000000713500000, 0x0000000713500000, 0x0000000713600000|  0%| F|  |TS 23|AC  0|TAMS 0x0000000713500000, 0x0000000713500000|
| 310|0x0000000713600000, 0x0000000713600000, 0x0000000713700000|  0%| F|  |TS 23|AC  0|TAMS 0x0000000713600000, 0x0000000713600000|
| 311|0x0000000713700000, 0x0000000713700000, 0x0000000713800000|  0%| F|  |TS 23|AC  0|TAMS 0x0000000713700000, 0x0000000713700000|
| 312|0x0000000713800000, 0x0000000713800000, 0x0000000713900000|  0%| F|  |TS 23|AC  0|TAMS 0x0000000713800000, 0x0000000713800000|
| 313|0x0000000713900000, 0x0000000713900000, 0x0000000713a00000|  0%| F|  |TS 23|AC  0|TAMS 0x0000000713900000, 0x0000000713900000|
| 314|0x0000000713a00000, 0x0000000713a00000, 0x0000000713b00000|  0%| F|  |TS 23|AC  0|TAMS 0x0000000713a00000, 0x0000000713a00000|
| 315|0x0000000713b00000, 0x0000000713b00000, 0x0000000713c00000|  0%| F|  |TS 23|AC  0|TAMS 0x0000000713b00000, 0x0000000713b00000|
| 316|0x0000000713c00000, 0x0000000713c00000, 0x0000000713d00000|  0%| F|  |TS 23|AC  0|TAMS 0x0000000713c00000, 0x0000000713c00000|
| 317|0x0000000713d00000, 0x0000000713d00000, 0x0000000713e00000|  0%| F|  |TS 23|AC  0|TAMS 0x0000000713d00000, 0x0000000713d00000|
| 318|0x0000000713e00000, 0x0000000713e00000, 0x0000000713f00000|  0%| F|  |TS 23|AC  0|TAMS 0x0000000713e00000, 0x0000000713e00000|
| 319|0x0000000713f00000, 0x0000000713f00000, 0x0000000714000000|  0%| F|  |TS 23|AC  0|TAMS 0x0000000713f00000, 0x0000000713f00000|
| 320|0x0000000714000000, 0x0000000714000000, 0x0000000714100000|  0%| F|  |TS 23|AC  0|TAMS 0x0000000714000000, 0x0000000714000000|
| 321|0x0000000714100000, 0x0000000714100000, 0x0000000714200000|  0%| F|  |TS 23|AC  0|TAMS 0x0000000714100000, 0x0000000714100000|
| 322|0x0000000714200000, 0x0000000714200000, 0x0000000714300000|  0%| F|  |TS 23|AC  0|TAMS 0x0000000714200000, 0x0000000714200000|
| 323|0x0000000714300000, 0x0000000714300000, 0x0000000714400000|  0%| F|  |TS 23|AC  0|TAMS 0x0000000714300000, 0x0000000714300000|
| 324|0x0000000714400000, 0x0000000714400000, 0x0000000714500000|  0%| F|  |TS 23|AC  0|TAMS 0x0000000714400000, 0x0000000714400000|
| 325|0x0000000714500000, 0x0000000714500000, 0x0000000714600000|  0%| F|  |TS 23|AC  0|TAMS 0x0000000714500000, 0x0000000714500000|
| 326|0x0000000714600000, 0x0000000714600000, 0x0000000714700000|  0%| F|  |TS 23|AC  0|TAMS 0x0000000714600000, 0x0000000714600000|
| 327|0x0000000714700000, 0x0000000714700000, 0x0000000714800000|  0%| F|  |TS 23|AC  0|TAMS 0x0000000714700000, 0x0000000714700000|
| 328|0x0000000714800000, 0x0000000714800000, 0x0000000714900000|  0%| F|  |TS 23|AC  0|TAMS 0x0000000714800000, 0x0000000714800000|
| 329|0x0000000714900000, 0x0000000714900000, 0x0000000714a00000|  0%| F|  |TS 23|AC  0|TAMS 0x0000000714900000, 0x0000000714900000|
| 330|0x0000000714a00000, 0x0000000714a00000, 0x0000000714b00000|  0%| F|  |TS 23|AC  0|TAMS 0x0000000714a00000, 0x0000000714a00000|
| 331|0x0000000714b00000, 0x0000000714b00000, 0x0000000714c00000|  0%| F|  |TS 23|AC  0|TAMS 0x0000000714b00000, 0x0000000714b00000|
| 332|0x0000000714c00000, 0x0000000714c00000, 0x0000000714d00000|  0%| F|  |TS 23|AC  0|TAMS 0x0000000714c00000, 0x0000000714c00000|
| 333|0x0000000714d00000, 0x0000000714d00000, 0x0000000714e00000|  0%| F|  |TS 23|AC  0|TAMS 0x0000000714d00000, 0x0000000714d00000|
| 334|0x0000000714e00000, 0x0000000714e00000, 0x0000000714f00000|  0%| F|  |TS 23|AC  0|TAMS 0x0000000714e00000, 0x0000000714e00000|
| 335|0x0000000714f00000, 0x0000000714f00000, 0x0000000715000000|  0%| F|  |TS 23|AC  0|TAMS 0x0000000714f00000, 0x0000000714f00000|
| 336|0x0000000715000000, 0x0000000715000000, 0x0000000715100000|  0%| F|  |TS 23|AC  0|TAMS 0x0000000715000000, 0x0000000715000000|
| 337|0x0000000715100000, 0x0000000715100000, 0x0000000715200000|  0%| F|  |TS 23|AC  0|TAMS 0x0000000715100000, 0x0000000715100000|
| 338|0x0000000715200000, 0x0000000715200000, 0x0000000715300000|  0%| F|  |TS 23|AC  0|TAMS 0x0000000715200000, 0x0000000715200000|
| 339|0x0000000715300000, 0x0000000715300000, 0x0000000715400000|  0%| F|  |TS 23|AC  0|TAMS 0x0000000715300000, 0x0000000715300000|
| 340|0x0000000715400000, 0x0000000715400000, 0x0000000715500000|  0%| F|  |TS 23|AC  0|TAMS 0x0000000715400000, 0x0000000715400000|
| 341|0x0000000715500000, 0x0000000715500000, 0x0000000715600000|  0%| F|  |TS 23|AC  0|TAMS 0x0000000715500000, 0x0000000715500000|
| 342|0x0000000715600000, 0x0000000715600000, 0x0000000715700000|  0%| F|  |TS 23|AC  0|TAMS 0x0000000715600000, 0x0000000715600000|
| 343|0x0000000715700000, 0x0000000715700000, 0x0000000715800000|  0%| F|  |TS 23|AC  0|TAMS 0x0000000715700000, 0x0000000715700000|
| 344|0x0000000715800000, 0x0000000715800800, 0x0000000715900000|  0%| E|  |TS 23|AC  0|TAMS 0x0000000715800000, 0x0000000715800000|
| 345|0x0000000715900000, 0x0000000715a00000, 0x0000000715a00000|100%| E|CS|TS 23|AC  0|TAMS 0x0000000715900000, 0x0000000715900000|
| 346|0x0000000715a00000, 0x0000000715b00000, 0x0000000715b00000|100%| E|CS|TS 23|AC  0|TAMS 0x0000000715a00000, 0x0000000715a00000|
| 347|0x0000000715b00000, 0x0000000715c00000, 0x0000000715c00000|100%| E|CS|TS 23|AC  0|TAMS 0x0000000715b00000, 0x0000000715b00000|
| 348|0x0000000715c00000, 0x0000000715d00000, 0x0000000715d00000|100%| E|CS|TS 23|AC  0|TAMS 0x0000000715c00000, 0x0000000715c00000|
| 349|0x0000000715d00000, 0x0000000715e00000, 0x0000000715e00000|100%| E|CS|TS 23|AC  0|TAMS 0x0000000715d00000, 0x0000000715d00000|
| 350|0x0000000715e00000, 0x0000000715f00000, 0x0000000715f00000|100%| E|CS|TS 23|AC  0|TAMS 0x0000000715e00000, 0x0000000715e00000|
| 351|0x0000000715f00000, 0x0000000716000000, 0x0000000716000000|100%| E|CS|TS 23|AC  0|TAMS 0x0000000715f00000, 0x0000000715f00000|
| 352|0x0000000716000000, 0x0000000716100000, 0x0000000716100000|100%| E|CS|TS 23|AC  0|TAMS 0x0000000716000000, 0x0000000716000000|
| 353|0x0000000716100000, 0x0000000716200000, 0x0000000716200000|100%| E|CS|TS 23|AC  0|TAMS 0x0000000716100000, 0x0000000716100000|
| 354|0x0000000716200000, 0x0000000716300000, 0x0000000716300000|100%| E|CS|TS 23|AC  0|TAMS 0x0000000716200000, 0x0000000716200000|
| 355|0x0000000716300000, 0x0000000716400000, 0x0000000716400000|100%| E|CS|TS 23|AC  0|TAMS 0x0000000716300000, 0x0000000716300000|
| 356|0x0000000716400000, 0x0000000716500000, 0x0000000716500000|100%| E|CS|TS 23|AC  0|TAMS 0x0000000716400000, 0x0000000716400000|
| 357|0x0000000716500000, 0x0000000716600000, 0x0000000716600000|100%| E|CS|TS 23|AC  0|TAMS 0x0000000716500000, 0x0000000716500000|
| 358|0x0000000716600000, 0x0000000716700000, 0x0000000716700000|100%| E|CS|TS 23|AC  0|TAMS 0x0000000716600000, 0x0000000716600000|
| 359|0x0000000716700000, 0x0000000716800000, 0x0000000716800000|100%| E|CS|TS 23|AC  0|TAMS 0x0000000716700000, 0x0000000716700000|
| 360|0x0000000716800000, 0x0000000716900000, 0x0000000716900000|100%| E|CS|TS 23|AC  0|TAMS 0x0000000716800000, 0x0000000716800000|
| 361|0x0000000716900000, 0x0000000716a00000, 0x0000000716a00000|100%| E|CS|TS 23|AC  0|TAMS 0x0000000716900000, 0x0000000716900000|
| 362|0x0000000716a00000, 0x0000000716b00000, 0x0000000716b00000|100%| E|CS|TS 23|AC  0|TAMS 0x0000000716a00000, 0x0000000716a00000|
| 363|0x0000000716b00000, 0x0000000716c00000, 0x0000000716c00000|100%| E|CS|TS 23|AC  0|TAMS 0x0000000716b00000, 0x0000000716b00000|

Card table byte_map: [0x000001906c280000,0x000001906c880000] byte_map_base: 0x0000019068a80000

Marking Bits (Prev, Next): (CMBitMap*) 0x0000019069aeb6d0, (CMBitMap*) 0x0000019069aeb708
 Prev Bits: [0x0000019076270000, 0x0000019079270000)
 Next Bits: [0x0000019079270000, 0x000001907c270000)

Polling page: 0x0000019061170000

CodeHeap 'non-profiled nmethods': size=120000Kb used=33010Kb max_used=33010Kb free=86989Kb
 bounds [0x0000019007ad0000, 0x0000019009b20000, 0x000001900f000000]
CodeHeap 'profiled nmethods': size=120000Kb used=56633Kb max_used=57702Kb free=63366Kb
 bounds [0x00000190005a0000, 0x0000019003eb0000, 0x0000019007ad0000]
CodeHeap 'non-nmethods': size=5760Kb used=1963Kb max_used=2027Kb free=3796Kb
 bounds [0x0000019000000000, 0x0000019000270000, 0x00000190005a0000]
 total_blobs=49954 nmethods=24105 adapters=1385
 compilation: enabled

Compilation events (10 events):
Event: 12128.056 Thread 0x000001906f6e8000 33431   !   4       java.awt.EventDispatchThread::pumpOneEventForFilters (218 bytes)
Event: 12128.076 Thread 0x000001906f6e8000 nmethod 33431 0x0000019009b14a90 code [0x0000019009b14d20, 0x0000019009b15f40]
Event: 12128.090 Thread 0x0000019064d0d000 33432       4       com.jidesoft.grid.JideTable::rowAtPoint (269 bytes)
Event: 12128.092 Thread 0x0000019064d0d000 nmethod 33432 0x0000019009b16d90 code [0x0000019009b16f40, 0x0000019009b17158]
Event: 12128.104 Thread 0x000001906f6e7800 33433   !   4       java.awt.Container::dispatchEventImpl (129 bytes)
Event: 12128.115 Thread 0x000001906ee0d800 33434       3       ui.utils.i.j.aq::ancestorAdded (5 bytes)
Event: 12128.115 Thread 0x000001906ee0d800 nmethod 33434 0x0000019003518b90 code [0x0000019003518d40, 0x0000019003518ed0]
Event: 12128.122 Thread 0x000001906ee0d800 33435       3       ui.utils.i.j.aq::ancestorRemoved (1 bytes)
Event: 12128.123 Thread 0x000001906ee0d800 nmethod 33435 0x0000019001d4f110 code [0x0000019001d4f2c0, 0x0000019001d4f418]
Event: 12128.125 Thread 0x000001906f6e7800 nmethod 33433 0x0000019009b17410 code [0x0000019009b176c0, 0x0000019009b18690]

GC Heap History (10 events):
Event: 12116.997 GC heap before
{Heap before GC invocations=1344 (full 31):
 garbage-first heap   total 372736K, used 226293K [0x0000000700000000, 0x0000000700100b60, 0x00000007c0000000)
  region size 1024K, 60 young (61440K), 3 survivors (3072K)
 Metaspace       used 109402K, capacity 113635K, committed 116296K, reserved 1148928K
  class space    used 15625K, capacity 16406K, committed 16968K, reserved 1048576K
}
Event: 12117.002 GC heap after
{Heap after GC invocations=1345 (full 31):
 garbage-first heap   total 372736K, used 167948K [0x0000000700000000, 0x0000000700100b60, 0x00000007c0000000)
  region size 1024K, 3 young (3072K), 3 survivors (3072K)
 Metaspace       used 109402K, capacity 113635K, committed 116296K, reserved 1148928K
  class space    used 15625K, capacity 16406K, committed 16968K, reserved 1048576K
}
Event: 12121.341 GC heap before
{Heap before GC invocations=1345 (full 31):
 garbage-first heap   total 372736K, used 226316K [0x0000000700000000, 0x0000000700100b60, 0x00000007c0000000)
  region size 1024K, 60 young (61440K), 3 survivors (3072K)
 Metaspace       used 109416K, capacity 113635K, committed 116296K, reserved 1148928K
  class space    used 15625K, capacity 16406K, committed 16968K, reserved 1048576K
}
Event: 12121.353 GC heap after
{Heap after GC invocations=1346 (full 31):
 garbage-first heap   total 372736K, used 171026K [0x0000000700000000, 0x0000000700100b60, 0x00000007c0000000)
  region size 1024K, 6 young (6144K), 6 survivors (6144K)
 Metaspace       used 109416K, capacity 113635K, committed 116296K, reserved 1148928K
  class space    used 15625K, capacity 16406K, committed 16968K, reserved 1048576K
}
Event: 12121.871 GC heap before
{Heap before GC invocations=1346 (full 31):
 garbage-first heap   total 372736K, used 226322K [0x0000000700000000, 0x0000000700100b60, 0x00000007c0000000)
  region size 1024K, 60 young (61440K), 6 survivors (6144K)
 Metaspace       used 109437K, capacity 113635K, committed 116296K, reserved 1148928K
  class space    used 15625K, capacity 16406K, committed 16968K, reserved 1048576K
}
Event: 12121.879 GC heap after
{Heap after GC invocations=1347 (full 31):
 garbage-first heap   total 372736K, used 168841K [0x0000000700000000, 0x0000000700100b60, 0x00000007c0000000)
  region size 1024K, 2 young (2048K), 2 survivors (2048K)
 Metaspace       used 109437K, capacity 113635K, committed 116296K, reserved 1148928K
  class space    used 15625K, capacity 16406K, committed 16968K, reserved 1048576K
}
Event: 12124.470 GC heap before
{Heap before GC invocations=1347 (full 31):
 garbage-first heap   total 372736K, used 228233K [0x0000000700000000, 0x0000000700100b60, 0x00000007c0000000)
  region size 1024K, 60 young (61440K), 2 survivors (2048K)
 Metaspace       used 109437K, capacity 113635K, committed 116296K, reserved 1148928K
  class space    used 15625K, capacity 16406K, committed 16968K, reserved 1048576K
}
Event: 12124.478 GC heap after
{Heap after GC invocations=1348 (full 31):
 garbage-first heap   total 372736K, used 167903K [0x0000000700000000, 0x0000000700100b60, 0x00000007c0000000)
  region size 1024K, 1 young (1024K), 1 survivors (1024K)
 Metaspace       used 109437K, capacity 113635K, committed 116296K, reserved 1148928K
  class space    used 15625K, capacity 16406K, committed 16968K, reserved 1048576K
}
Event: 12127.914 GC heap before
{Heap before GC invocations=1348 (full 31):
 garbage-first heap   total 372736K, used 228319K [0x0000000700000000, 0x0000000700100b60, 0x00000007c0000000)
  region size 1024K, 60 young (61440K), 1 survivors (1024K)
 Metaspace       used 109442K, capacity 113635K, committed 116296K, reserved 1148928K
  class space    used 15625K, capacity 16406K, committed 16968K, reserved 1048576K
}
Event: 12127.920 GC heap after
{Heap after GC invocations=1349 (full 31):
 garbage-first heap   total 372736K, used 167965K [0x0000000700000000, 0x0000000700100b60, 0x00000007c0000000)
  region size 1024K, 1 young (1024K), 1 survivors (1024K)
 Metaspace       used 109442K, capacity 113635K, committed 116296K, reserved 1148928K
  class space    used 15625K, capacity 16406K, committed 16968K, reserved 1048576K
}

Deoptimization events (10 events):
Event: 12101.528 Thread 0x000001907ec7e800 Uncommon trap: reason=unstable_if action=reinterpret pc=0x00000190093280b4 method=java.awt.Container.getMouseEventTargetImpl(IIZLjava/awt/Container$EventTargetFilter;ZZ)Ljava/awt/Component; @ 56 c2
Event: 12101.528 Thread 0x000001907ec7e800 Uncommon trap: reason=unstable_if action=reinterpret pc=0x0000019009919a60 method=java.awt.Component.dispatchEventImpl(Ljava/awt/AWTEvent;)V @ 92 c2
Event: 12112.778 Thread 0x000001907ec7e800 Uncommon trap: reason=unstable_if action=reinterpret pc=0x0000019009acabbc method=com.jidesoft.docking.DefaultDockingManager.handleEvent(Ljava/awt/AWTEvent;)Z @ 473 c2
Event: 12117.084 Thread 0x000001907ec7e800 Uncommon trap: reason=class_check action=maybe_recompile pc=0x0000019008d18e60 method=javax.swing.plaf.basic.BasicListUI$Handler.propertyChange(Ljava/beans/PropertyChangeEvent;)V @ 97 c2
Event: 12121.423 Thread 0x000001907ec7e800 Uncommon trap: reason=unstable_if action=reinterpret pc=0x0000019009034780 method=com.jidesoft.plaf.basic.BasicJideTabbedPaneUI.ensureCurrentRects(II)V @ 739 c2
Event: 12121.568 Thread 0x000001907ec7e800 Uncommon trap: reason=bimorphic_or_optimized_type_check action=maybe_recompile pc=0x0000019009665cd4 method=com.jidesoft.plaf.basic.BasicJideTabbedPaneUI.setVisibleComponent(Ljava/awt/Component;)V @ 50 c2
Event: 12121.570 Thread 0x000001907ec7e800 Uncommon trap: reason=bimorphic_or_optimized_type_check action=maybe_recompile pc=0x0000019009665cd4 method=com.jidesoft.plaf.basic.BasicJideTabbedPaneUI.setVisibleComponent(Ljava/awt/Component;)V @ 50 c2
Event: 12121.595 Thread 0x000001907ec7e800 Uncommon trap: reason=bimorphic_or_optimized_type_check action=maybe_recompile pc=0x0000019009665cd4 method=com.jidesoft.plaf.basic.BasicJideTabbedPaneUI.setVisibleComponent(Ljava/awt/Component;)V @ 50 c2
Event: 12121.599 Thread 0x000001907ec7e800 Uncommon trap: reason=bimorphic_or_optimized_type_check action=maybe_recompile pc=0x0000019009665cd4 method=com.jidesoft.plaf.basic.BasicJideTabbedPaneUI.setVisibleComponent(Ljava/awt/Component;)V @ 50 c2
Event: 12128.047 Thread 0x000001907ec7e800 Uncommon trap: reason=class_check action=maybe_recompile pc=0x0000019009059b48 method=javax.swing.JViewport.setViewPosition(Ljava/awt/Point;)V @ 321 c2

Classes redefined (0 events):
No events

Internal exceptions (10 events):
Event: 11760.541 Thread 0x000001907ec7e800 Exception <a 'java/io/FileNotFoundException'{0x00000007158b5a08}> (0x00000007158b5a08) thrown at [t:/workspace/hotspot/src/share/vm/prims/jni.cpp, line 604]
Event: 11765.541 Thread 0x000001907ec7e800 Exception <a 'java/io/FileNotFoundException'{0x000000071507feb0}> (0x000000071507feb0) thrown at [t:/workspace/hotspot/src/share/vm/prims/jni.cpp, line 604]
Event: 11960.298 Thread 0x000001904968a800 Exception <a 'java/lang/InterruptedException'{0x000000071538c8d8}: sleep interrupted> (0x000000071538c8d8) thrown at [t:/workspace/hotspot/src/share/vm/prims/jvm.cpp, line 2984]
Event: 11992.229 Thread 0x000001907ec7e800 Exception <a 'sun/nio/fs/WindowsException'{0x0000000715131558}> (0x0000000715131558) thrown at [t:/workspace/hotspot/src/share/vm/prims/jni.cpp, line 604]
Event: 11992.229 Thread 0x000001907ec7e800 Exception <a 'sun/nio/fs/WindowsException'{0x0000000715131888}> (0x0000000715131888) thrown at [t:/workspace/hotspot/src/share/vm/prims/jni.cpp, line 604]
Event: 12057.745 Thread 0x000001907ec7e800 Implicit null exception at 0x00000190098e362f to 0x00000190098e5395
Event: 12057.960 Thread 0x000001907ec7e800 Implicit null exception at 0x00000190090923bb to 0x0000019009092bdd
Event: 12061.773 Thread 0x000001906ee13000 Exception <a 'java/lang/NoSuchMethodError'{0x00000007164a8790}: method resolution failed> (0x00000007164a8790) thrown at [t:/workspace/hotspot/src/share/vm/prims/methodHandles.cpp, line 1256]
Event: 12061.774 Thread 0x000001906ee13000 Exception <a 'java/lang/NoSuchMethodError'{0x00000007164ae1a0}: java.lang.invoke.DirectMethodHandle$Holder.invokeStatic(Ljava/lang/Object;Ljava/lang/Object;Ljava/lang/Object;I)Ljava/lang/Object;> (0x00000007164ae1a0) thrown at [t:/workspace/hotspot/src/sh
Event: 12100.109 Thread 0x000001907ec7e800 Exception <a 'java/lang/NoSuchMethodError'{0x0000000714225018}: java.lang.invoke.DelegatingMethodHandle$Holder.reinvoke_L(Ljava/lang/Object;IIILjava/lang/Object;II)Ljava/lang/Object;> (0x0000000714225018) thrown at [t:/workspace/hotspot/src/share/vm/inter

Events (10 events):
Event: 12128.206 loading class ui/data/labtools/f/f
Event: 12128.206 loading class ui/data/labtools/f/f done
Event: 12128.206 loading class ui/data/labtools/f/e
Event: 12128.206 loading class ui/data/labtools/f/e done
Event: 12128.207 loading class ui/data/labtools/f/c
Event: 12128.207 loading class ui/data/labtools/f/c done
Event: 12128.208 loading class ui/data/labtools/f/d
Event: 12128.208 loading class ui/data/labtools/f/d done
Event: 12128.208 loading class ui/data/labtools/f/g
Event: 12128.208 loading class ui/data/labtools/f/g done


Dynamic libraries:
0x00007ff656500000 - 0x00007ff656530000 	D:\Vivado\2019.1\bin\unwrapped\win64.o\vivado.exe
0x00007ffb6c660000 - 0x00007ffb6c869000 	C:\Windows\SYSTEM32\ntdll.dll
0x00007ffb6a8c0000 - 0x00007ffb6a97d000 	C:\Windows\System32\KERNEL32.DLL
0x00007ffb6a180000 - 0x00007ffb6a4f4000 	C:\Windows\System32\KERNELBASE.dll
0x00007ffb69b50000 - 0x00007ffb69c61000 	C:\Windows\System32\ucrtbase.dll
0x00007ffb0de20000 - 0x00007ffb0ed02000 	D:\Vivado\2019.1\lib\win64.o\librdi_common.dll
0x00007ffb66180000 - 0x00007ffb66194000 	D:\Vivado\2019.1\lib\win64.o\librdi_commonmain.dll
0x00007ffb4e7c0000 - 0x00007ffb4e866000 	C:\Windows\SYSTEM32\MSVCP140.dll
0x00007ffb6a510000 - 0x00007ffb6a6bc000 	C:\Windows\System32\USER32.dll
0x00007ffb6a0e0000 - 0x00007ffb6a106000 	C:\Windows\System32\win32u.dll
0x00007ffb67f40000 - 0x00007ffb67f54000 	D:\Vivado\2019.1\lib\win64.o\libboost_signals.dll
0x00007ffb51fc0000 - 0x00007ffb51fd6000 	C:\Windows\SYSTEM32\VCRUNTIME140.dll
0x00007ffb6b810000 - 0x00007ffb6b839000 	C:\Windows\System32\GDI32.dll
0x00007ffb5e0e0000 - 0x00007ffb5e106000 	D:\Vivado\2019.1\lib\win64.o\libboost_filesystem.dll
0x00007ffb69c70000 - 0x00007ffb69d82000 	C:\Windows\System32\gdi32full.dll
0x00007ffb6b5c0000 - 0x00007ffb6b66e000 	C:\Windows\System32\ADVAPI32.dll
0x00007ffb46ec0000 - 0x00007ffb46fe1000 	D:\Vivado\2019.1\lib\win64.o\librdi_commonxillic.dll
0x00007ffb6a040000 - 0x00007ffb6a0dd000 	C:\Windows\System32\msvcp_win.dll
0x00007ffb688b0000 - 0x00007ffb688ba000 	D:\Vivado\2019.1\lib\win64.o\librdi_commonversion.dll
0x00007ffb6b680000 - 0x00007ffb6b723000 	C:\Windows\System32\msvcrt.dll
0x00007ffb6ba20000 - 0x00007ffb6babe000 	C:\Windows\System32\sechost.dll
0x00007ffb6ab30000 - 0x00007ffb6b2df000 	C:\Windows\System32\SHELL32.dll
0x000000005c800000 - 0x000000005c92b000 	D:\Vivado\2019.1\lib\win64.o\tcl85t.dll
0x00007ffb23b80000 - 0x00007ffb23eee000 	D:\Vivado\2019.1\lib\win64.o\libCOIN-all.dll
0x00007ffb6c4c0000 - 0x00007ffb6c52f000 	C:\Windows\System32\WS2_32.dll
0x00007ffb6bfa0000 - 0x00007ffb6c0c0000 	C:\Windows\System32\RPCRT4.dll
0x00007ffb660b0000 - 0x00007ffb660c4000 	D:\Vivado\2019.1\lib\win64.o\libboost_date_time.dll
0x00007ffb30c20000 - 0x00007ffb30d34000 	D:\Vivado\2019.1\lib\win64.o\libboost_regex.dll
0x00007ffb54560000 - 0x00007ffb545df000 	D:\Vivado\2019.1\lib\win64.o\libboost_program_options.dll
0x00007ffb68880000 - 0x00007ffb6888b000 	D:\Vivado\2019.1\lib\win64.o\libboost_system.dll
0x00007ffb556b0000 - 0x00007ffb556d1000 	D:\Vivado\2019.1\lib\win64.o\libboost_thread.dll
0x00007ffb68690000 - 0x00007ffb6869f000 	D:\Vivado\2019.1\lib\win64.o\libboost_xilinx.dll
0x00007ffb4be20000 - 0x00007ffb4bea2000 	D:\Vivado\2019.1\lib\win64.o\libhdlpsolve.dll
0x00007ffb49590000 - 0x00007ffb49635000 	D:\Vivado\2019.1\lib\win64.o\libhdxml.dll
0x00007ffb0b4f0000 - 0x00007ffb0c09f400 	D:\Vivado\2019.1\lib\win64.o\libisl_iostreams.dll
0x00007ffb523a0000 - 0x00007ffb52405000 	D:\Vivado\2019.1\lib\win64.o\liblmx6.0.dll
0x00007ffb55140000 - 0x00007ffb5516e000 	D:\Vivado\2019.1\lib\win64.o\libisl_sysinfo.dll
0x00007ffb5e730000 - 0x00007ffb5e74a000 	D:\Vivado\2019.1\lib\win64.o\pthreadVC2.dll
0x00007ffb5e090000 - 0x00007ffb5e0ac000 	D:\Vivado\2019.1\lib\win64.o\librdiconfig.dll
0x00007ffb54530000 - 0x00007ffb54551000 	D:\Vivado\2019.1\lib\win64.o\librdizlib.dll
0x0000000012000000 - 0x0000000012270000 	D:\Vivado\2019.1\lib\win64.o\xerces-c_3_1.dll
0x00007ffb301f0000 - 0x00007ffb304c8000 	D:\Vivado\2019.1\lib\win64.o\libXil_lmgr11.dll
0x00007ffb6a750000 - 0x00007ffb6a83c000 	C:\Windows\System32\COMDLG32.dll
0x00007ffb4f310000 - 0x00007ffb4f80a000 	C:\Windows\SYSTEM32\WININET.dll
0x00007ffb5c430000 - 0x00007ffb5c53c000 	C:\Windows\SYSTEM32\WINHTTP.dll
0x00007ffb6c140000 - 0x00007ffb6c4b8000 	C:\Windows\System32\combase.dll
0x00007ffb4b8b0000 - 0x00007ffb4b8ca000 	C:\Windows\SYSTEM32\NETAPI32.dll
0x00007ffb6c530000 - 0x00007ffb6c61a000 	C:\Windows\System32\shcore.dll
0x00007ffb5d0f0000 - 0x00007ffb5d2df000 	C:\Windows\SYSTEM32\urlmon.dll
0x00007ffb6b2e0000 - 0x00007ffb6b33d000 	C:\Windows\System32\SHLWAPI.dll
0x00007ffb49bc0000 - 0x00007ffb49bc9000 	C:\Windows\SYSTEM32\WSOCK32.dll
0x00007ffb050a0000 - 0x00007ffb05f31000 	D:\Vivado\2019.1\lib\win64.o\gurobi65.dll
0x00007ffb6b730000 - 0x00007ffb6b806000 	C:\Windows\System32\OLEAUT32.dll
0x00007ffb54220000 - 0x00007ffb54247000 	C:\Windows\SYSTEM32\VCOMP140.DLL
0x00007ffb6a980000 - 0x00007ffb6ab1a000 	C:\Windows\System32\ole32.dll
0x00007ffb6a110000 - 0x00007ffb6a177000 	C:\Windows\System32\WINTRUST.dll
0x00007ffb69ed0000 - 0x00007ffb6a032000 	C:\Windows\System32\CRYPT32.dll
0x00007ffb68290000 - 0x00007ffb6829d000 	D:\Vivado\2019.1\lib\win64.o\libboost_chrono.dll
0x00007ffb5e050000 - 0x00007ffb5e06b000 	D:\Vivado\2019.1\lib\win64.o\libboost_iostreams.dll
0x00007ffb53ab0000 - 0x00007ffb53ad5000 	D:\Vivado\2019.1\lib\win64.o\libisl_iosutils.dll
0x00007ffb5d020000 - 0x00007ffb5d048000 	C:\Windows\SYSTEM32\srvcli.dll
0x00007ffb5cd60000 - 0x00007ffb5d013000 	C:\Windows\SYSTEM32\iertutil.dll
0x00007ffb67840000 - 0x00007ffb6784c000 	C:\Windows\SYSTEM32\netutils.dll
0x00007ffb4da70000 - 0x00007ffb4db22000 	C:\Windows\WinSxS\amd64_microsoft.windows.common-controls_6595b64144ccf1df_5.82.22000.1_none_271a8fad6a2d1b1e\COMCTL32.dll
0x00007ffb5d9a0000 - 0x00007ffb5d9be000 	C:\Windows\SYSTEM32\dhcpcsvc.DLL
0x00007ffb6b3a0000 - 0x00007ffb6b3d1000 	C:\Windows\System32\IMM32.DLL
0x00007ffb68cc0000 - 0x00007ffb68cd2000 	C:\Windows\SYSTEM32\MSASN1.dll
0x00007ffb67dc0000 - 0x00007ffb67dd8000 	C:\Windows\SYSTEM32\kernel.appcore.dll
0x00007ffb13ee0000 - 0x00007ffb143f7000 	D:\Vivado\2019.1\lib\win64.o\librdi_commontasks.dll
0x00007ffb66260000 - 0x00007ffb6626a000 	C:\Windows\SYSTEM32\VERSION.dll
0x000000005ab20000 - 0x000000005b545000 	D:\Vivado\2019.1\tps\win64\jre9.0.4\bin\server\jvm.dll
0x00007ffb21b00000 - 0x00007ffb21d86000 	D:\Vivado\2019.1\lib\win64.o\librdi_sio.dll
0x00007ffb6b5b0000 - 0x00007ffb6b5b8000 	C:\Windows\System32\PSAPI.DLL
0x00007ffb5e4a0000 - 0x00007ffb5e4d3000 	C:\Windows\SYSTEM32\WINMM.dll
0x00007ffb678c0000 - 0x00007ffb678ed000 	C:\Windows\SYSTEM32\IPHLPAPI.DLL
0x00007ffb46cd0000 - 0x00007ffb46dbf000 	C:\Windows\SYSTEM32\MSVCR120.dll
0x00007ffb68ba0000 - 0x00007ffb68c07000 	C:\Windows\SYSTEM32\MSWSOCK.DLL
0x00007ffb66dc0000 - 0x00007ffb67628000 	C:\Windows\SYSTEM32\windows.storage.dll
0x00007ffb66c50000 - 0x00007ffb66db6000 	C:\Windows\SYSTEM32\wintypes.dll
0x00007ffb02830000 - 0x00007ffb04cec000 	D:\Vivado\2019.1\lib\win64.o\librdi_tcltasks.dll
0x00007ffb49150000 - 0x00007ffb491c8000 	D:\Vivado\2019.1\lib\win64.o\librdi_boarddep.dll
0x00007ffb2ccf0000 - 0x00007ffb2ce81000 	D:\Vivado\2019.1\lib\win64.o\librdi_board.dll
0x00007ffb13ad0000 - 0x00007ffb13ed8000 	D:\Vivado\2019.1\lib\win64.o\librdi_bitstream.dll
0x00007ffb3b910000 - 0x00007ffb3b9fb000 	D:\Vivado\2019.1\lib\win64.o\librdi_chipscope.dll
0x00007ffb2ca40000 - 0x00007ffb2cbfd000 	D:\Vivado\2019.1\lib\win64.o\librdi_chipscopeimpl.dll
0x00007ffb00470000 - 0x00007ffb01e5a000 	D:\Vivado\2019.1\lib\win64.o\librdi_constraints.dll
0x00007ffb29df0000 - 0x00007ffb29f46000 	D:\Vivado\2019.1\lib\win64.o\librdi_containers.dll
0x00007ffaf7c50000 - 0x00007ffaf9b01000 	D:\Vivado\2019.1\lib\win64.o\librdi_coregen.dll
0x00007ffaee890000 - 0x00007ffaf28d3000 	D:\Vivado\2019.1\lib\win64.o\librdi_designutils.dll
0x00007ffaffd90000 - 0x00007ffb0046a000 	D:\Vivado\2019.1\lib\win64.o\librdi_coregenipxact.dll
0x00007ffab0af0000 - 0x00007ffac2f1c000 	D:\Vivado\2019.1\lib\win64.o\librdi_device.dll
0x00007ffb1ec10000 - 0x00007ffb1ef2e000 	D:\Vivado\2019.1\lib\win64.o\librdi_dlyest.dll
0x00007ffb0c2b0000 - 0x00007ffb0c84a000 	D:\Vivado\2019.1\lib\win64.o\librdi_drc.dll
0x00007ffb34400000 - 0x00007ffb344c4000 	D:\Vivado\2019.1\lib\win64.o\librdi_dsp.dll
0x00007ffaff740000 - 0x00007ffaffd8d000 	D:\Vivado\2019.1\lib\win64.o\librdi_filemgmt.dll
0x00007ffb4bdb0000 - 0x00007ffb4be15000 	D:\Vivado\2019.1\lib\win64.o\librdi_hdf.dll
0x00007ffb10910000 - 0x00007ffb10bf3000 	D:\Vivado\2019.1\lib\win64.o\librdi_guitools.dll
0x00007ffafde70000 - 0x00007ffafe485000 	D:\Vivado\2019.1\lib\win64.o\librdi_memdata.dll
0x00007ffaf6690000 - 0x00007ffaf7c50000 	D:\Vivado\2019.1\lib\win64.o\librdi_implflow.dll
0x00007ffb47ed0000 - 0x00007ffb47f43000 	D:\Vivado\2019.1\lib\win64.o\librdi_memoryarray.dll
0x00007ffaead90000 - 0x00007ffaeda76000 	D:\Vivado\2019.1\lib\win64.o\librdi_mig.dll
0x00007ffafc8c0000 - 0x00007ffafcf62000 	D:\Vivado\2019.1\lib\win64.o\librdi_netlist.dll
0x00007ffb4a140000 - 0x00007ffb4a18b000 	D:\Vivado\2019.1\lib\win64.o\librdi_pfi.dll
0x00007ffad4e20000 - 0x00007ffad7496000 	D:\Vivado\2019.1\lib\win64.o\librdi_place.dll
0x00007ffb10350000 - 0x00007ffb1065f000 	D:\Vivado\2019.1\lib\win64.o\librdi_platform.dll
0x00007ffaf4dc0000 - 0x00007ffaf550a000 	D:\Vivado\2019.1\lib\win64.o\librdi_power.dll
0x00007ffafb220000 - 0x00007ffafb79f000 	D:\Vivado\2019.1\lib\win64.o\librdi_project.dll
0x00007ffaf3960000 - 0x00007ffaf4066000 	D:\Vivado\2019.1\lib\win64.o\librdi_rsb.dll
0x00007ffb0f560000 - 0x00007ffb0f951000 	D:\Vivado\2019.1\lib\win64.o\librdi_runs.dll
0x00007ffaf4070000 - 0x00007ffaf4779000 	D:\Vivado\2019.1\lib\win64.o\librdi_psta.dll
0x00007ffb2d390000 - 0x00007ffb2d48a000 	D:\Vivado\2019.1\lib\win64.o\librdi_runsbase.dll
0x00007ffad4000000 - 0x00007ffad4e11000 	D:\Vivado\2019.1\lib\win64.o\librdi_timing.dll
0x00007ffb1dfb0000 - 0x00007ffb1e206000 	D:\Vivado\2019.1\lib\win64.o\librdi_simdata.dll
0x00007ffb26bd0000 - 0x00007ffb26d42000 	D:\Vivado\2019.1\lib\win64.o\librdi_advchipscopeimpl.dll
0x00007ffb49480000 - 0x00007ffb494cc000 	D:\Vivado\2019.1\lib\win64.o\libboost_serialization.dll
0x00007ffb21960000 - 0x00007ffb21aff000 	D:\Vivado\2019.1\lib\win64.o\librdi_hip_devdesign.dll
0x00007ffb30940000 - 0x00007ffb30a02000 	D:\Vivado\2019.1\lib\win64.o\librdi_ipconfig_readwrite.dll
0x00007ffb49be0000 - 0x00007ffb49c23000 	D:\Vivado\2019.1\lib\win64.o\librdi_noc_frameworks.dll
0x00007ffac7450000 - 0x00007ffac7f97000 	D:\Vivado\2019.1\lib\win64.o\libverific.dll
0x00007ffb0da30000 - 0x00007ffb0de15000 	D:\Vivado\2019.1\lib\win64.o\librdi_hip_config.dll
0x00007ffb061b0000 - 0x00007ffb066fe000 	D:\Vivado\2019.1\lib\win64.o\librdi_xdm.dll
0x00007ffb3d990000 - 0x00007ffb3da2e000 	D:\Vivado\2019.1\lib\win64.o\libise.dll
0x00007ffb48f50000 - 0x00007ffb48f90000 	D:\Vivado\2019.1\lib\win64.o\librdi_wavedata_SimpleApi.dll
0x00007ffaee290000 - 0x00007ffaee88c000 	D:\Vivado\2019.1\lib\win64.o\librdi_wavedata.dll
0x00007ffac62c0000 - 0x00007ffac744d000 	D:\Vivado\2019.1\lib\win64.o\librdi_route.dll
0x00007ffac42f0000 - 0x00007ffac62bd000 	D:\Vivado\2019.1\lib\win64.o\librdi_synth.dll
0x00007ffb48cd0000 - 0x00007ffb48d0f000 	D:\Vivado\2019.1\lib\win64.o\librdi_schedmon.dll
0x00007ffb41aa0000 - 0x00007ffb41b28000 	D:\Vivado\2019.1\lib\win64.o\librdi_meir_core.dll

VM Arguments:
jvm_args: -Dsun.java2d.pmoffscreen=false -Dsun.java2d.xrender=false -Dsun.java2d.d3d=false -Dsun.awt.nopixfmt=true -Dsun.java2d.dpiaware=true -Dsun.java2d.uiScale.enabled=false -Xverify:none -Dswing.aatext=true -XX:-UsePerfData -Djdk.map.althashing.threshold=512 -XX:StringTableSize=4072 --add-opens=java.base/java.nio=ALL-UNNAMED --add-opens=java.desktop/sun.swing=ALL-UNNAMED --add-opens=java.desktop/javax.swing=ALL-UNNAMED --add-opens=java.desktop/javax.swing.tree=ALL-UNNAMED --add-opens=java.desktop/javax.swing.plaf.basic=ALL-UNNAMED --add-opens=java.desktop/javax.swing.plaf.synth=ALL-UNNAMED --add-opens=java.desktop/com.sun.awt=ALL-UNNAMED -XX:NewSize=60m -XX:MaxNewSize=60m -Xms128m -Xmx3072m -Xss5m 
java_command: <unknown>
java_class_path (initial): D:/Vivado/2019.1\lib\classes\alloy.jar;D:/Vivado/2019.1\lib\classes\autopilot.scelaborator.jar;D:/Vivado/2019.1\lib\classes\autopilot.sourceprocessor.jar;D:/Vivado/2019.1\lib\classes\autopilot.tbprocessor.jar;D:/Vivado/2019.1\lib\classes\batik-anim.jar;D:/Vivado/2019.1\lib\classes\batik-awt-util.jar;D:/Vivado/2019.1\lib\classes\batik-bridge.jar;D:/Vivado/2019.1\lib\classes\batik-codec.jar;D:/Vivado/2019.1\lib\classes\batik-css.jar;D:/Vivado/2019.1\lib\classes\batik-dom.jar;D:/Vivado/2019.1\lib\classes\batik-ext.jar;D:/Vivado/2019.1\lib\classes\batik-gui-util.jar;D:/Vivado/2019.1\lib\classes\batik-gvt.jar;D:/Vivado/2019.1\lib\classes\batik-parser.jar;D:/Vivado/2019.1\lib\classes\batik-script.jar;D:/Vivado/2019.1\lib\classes\batik-svg-dom.jar;D:/Vivado/2019.1\lib\classes\batik-swing.jar;D:/Vivado/2019.1\lib\classes\batik-transcoder.jar;D:/Vivado/2019.1\lib\classes\batik-util.jar;D:/Vivado/2019.1\lib\classes\batik-xml.jar;D:/Vivado/2019.1\lib\classes\com.google.gson_2.7.0.v20170129-0911.jar;D:/Vivado/2019.1\lib\classes\com.google.guava_21.0.0.v20170206-1425.jar;D:/Vivado/2019.1\lib\classes\com.google.inject_3.0.0.v201605172100.jar;D:/Vivado/2019.1\lib\classes\com.ibm.icu_4.4.2.v20110208.jar;D:/Vivado/2019.1\lib\classes\com.sigasi.hdt.annotations.runtime_4.3.0.201903071210.jar;D:/Vivado/2019.1\lib\classes\com.sigasi.hdt.blockdiagram.model_4.3.0.201903071210.jar;D:/Vivado/2019.1\lib\classes\com.sigasi.hdt.connection_4.3.0.201903071210.jar;D:/Vivado/2019.1\lib\classes\com.sigasi.hdt.dependencies.model_4.3.0.201903071210.jar;D:/Vivado/2019.1\lib\classes\com.sigasi.hdt.epl_4.3.0.201903071210.jar;D:/Vivado/2019.1\lib\classes\com.sigasi.hdt.graphics.model_4.3.0.201903071210.jar;D:/Vivado/2019.1\lib\classes\com.sigasi.hdt.project_4.3.0.201903071210.jar;D:/Vivado/2019.1\lib\classes\com.sigasi.hdt.readonlyfilesystem_4.3.0.201903071210.jar;D:/Vivado/2019.1\lib\classes\com.sigasi.hdt.shared.ide_4.3.0.201903071210.jar;D:/Vivado/2019.1\lib\classes\com.si
Launcher Type: generic

Logging:
Log output configuration:
#0: stdout all=warning uptime,level,tags
#1: stderr all=off uptime,level,tags

Environment Variables:
PATH=D:/Vivado/2019.1/bin;D:/Vivado/2019.1/lib/win64.o;D:/Vivado/2019.1/tps/win64/jre9.0.4/bin/server;D:/Vivado/2019.1/tps/win64/jre9.0.4/bin;D:/SDK/2019.1/bin;D:/Vivado/2019.1/ids_lite/ISE/bin/nt64;D:/Vivado/2019.1/ids_lite/ISE/lib/nt64;C:\Program Files\National Instruments\Shared\OpenVINO\;C:\Windows\system32;C:\Windows;C:\Windows\System32\Wbem;C:\Windows\System32\WindowsPowerShell\v1.0\;C:\Windows\System32\OpenSSH\;C:\Program Files (x86)\NVIDIA Corporation\PhysX\Common;C:\Program Files\Intel\WiFi\bin\;C:\Program Files\Common Files\Intel\WirelessCommon\;C:\Program Files (x86)\IVI Foundation\VISA\WinNT\Bin\;C:\Program Files\IVI Foundation\VISA\Win64\Bin\;C:\Program Files\Git\cmd;C:\Users\kacpe\AppData\Local\Microsoft\WindowsApps;;D:/Vivado/2019.1\tps\mingw\6.2.0\win64.o\nt\bin;D:/Vivado/2019.1\tps\mingw\6.2.0\win64.o\nt\libexec\gcc\x86_64-w64-mingw32\6.2.0;D:/Vivado/2019.1\tps\win64\python-2.7.5;D:/Vivado/2019.1\tps\win64\python-2.7.5\lib;D:/Vivado/2019.1\tps\win64\python-2.7.5\Lib\lib-tk;D:/Vivado/2019.1\tps\win64\python-2.7.5\lib\site-packages
USERNAME=kacpe
OS=Windows_NT
PROCESSOR_IDENTIFIER=Intel64 Family 6 Model 142 Stepping 11, GenuineIntel



---------------  S Y S T E M  ---------------

OS: Windows 10 , 64 bit Build 22000 (10.0.22000.613)

CPU:total 8 (initial active 8) (4 cores per cpu, 2 threads per core) family 6 model 142 stepping 11, cmov, cx8, fxsr, mmx, sse, sse2, sse3, ssse3, sse4.1, sse4.2, popcnt, avx, avx2, aes, clmul, erms, 3dnowpref, lzcnt, ht, tsc, tscinvbit, bmi1, bmi2, adx, fma

Memory: 4k page, physical 16625020k(3697804k free), swap 28271188k(4188168k free)

vm_info: Java HotSpot(TM) 64-Bit Server VM (9.0.4+11) for windows-amd64 JRE (9.0.4+11), built on Dec 20 2017 02:18:54 by "mach5one" with MS VC++ 12.0 (VS2013)

END.
