#-----------------------------------------------------------
# Vivado v2019.1 (64-bit)
# SW Build 2552052 on Fri May 24 14:49:42 MDT 2019
# IP Build 2548770 on Fri May 24 18:01:18 MDT 2019
# Start of session at: Tue Apr 26 20:39:42 2022
# Process ID: 19196
# Current directory: C:/Users/DELL/Desktop/BETSS/hdmi_inout_po_konsultacji/hdmi_inout
# Command line: vivado.exe -gui_launcher_event rodinguilauncherevent7860 C:\Users\DELL\Desktop\BETSS\hdmi_inout_po_konsultacji\hdmi_inout\hdmi_inout.xpr
# Log file: C:/Users/DELL/Desktop/BETSS/hdmi_inout_po_konsultacji/hdmi_inout/vivado.log
# Journal file: C:/Users/DELL/Desktop/BETSS/hdmi_inout_po_konsultacji/hdmi_inout\vivado.jou
#-----------------------------------------------------------
start_gui
open_project C:/Users/DELL/Desktop/BETSS/hdmi_inout_po_konsultacji/hdmi_inout/hdmi_inout.xpr
Scanning sources...
Finished scanning sources
INFO: [IP_Flow 19-234] Refreshing IP repositories
INFO: [IP_Flow 19-1700] Loaded user IP repository 'c:/Users/DELL/Desktop/vivado_ip_blocks/vivado-library'.
INFO: [IP_Flow 19-2313] Loaded Vivado IP repository 'C:/Xilinx/Vivado/2019.1/data/ip'.
open_project: Time (s): cpu = 00:00:21 ; elapsed = 00:00:20 . Memory (MB): peak = 909.488 ; gain = 272.969
update_compile_order -fileset sources_1
open_bd_design {C:/Users/DELL/Desktop/BETSS/hdmi_inout_po_konsultacji/hdmi_inout/hdmi_inout.srcs/sources_1/bd/hdmi_inout_bd/hdmi_inout_bd.bd}
Adding component instance block -- digilentinc.com:ip:dvi2rgb:2.0 - dvi2rgb_0
Adding component instance block -- digilentinc.com:ip:rgb2dvi:1.4 - rgb2dvi_0
Adding component instance block -- xilinx.com:ip:clk_wiz:6.0 - clk_wiz_0
Adding component instance block -- xilinx.com:ip:xlconstant:1.1 - xlconstant_0
WARNING: [BD 41-1731] Type mismatch between connected pins: /reset_rtl(rst) and /dvi2rgb_0/aRst(undef)
Successfully read diagram <hdmi_inout_bd> from BD file <C:/Users/DELL/Desktop/BETSS/hdmi_inout_po_konsultacji/hdmi_inout/hdmi_inout.srcs/sources_1/bd/hdmi_inout_bd/hdmi_inout_bd.bd>
open_bd_design: Time (s): cpu = 00:00:09 ; elapsed = 00:00:08 . Memory (MB): peak = 1122.613 ; gain = 0.418
delete_bd_objs [get_bd_intf_nets dvi2rgb_0_RGB]
connect_bd_net [get_bd_pins dvi2rgb_0/vid_pHSync] [get_bd_pins rgb2dvi_0/vid_pHSync]
WARNING: [BD 41-1306] The connection to interface pin /dvi2rgb_0/vid_pHSync is being overridden by the user. This pin will not be connected as a part of interface connection RGB
WARNING: [BD 41-1306] The connection to interface pin /rgb2dvi_0/vid_pHSync is being overridden by the user. This pin will not be connected as a part of interface connection RGB
connect_bd_net [get_bd_pins dvi2rgb_0/vid_pVSync] [get_bd_pins rgb2dvi_0/vid_pVSync]
WARNING: [BD 41-1306] The connection to interface pin /dvi2rgb_0/vid_pVSync is being overridden by the user. This pin will not be connected as a part of interface connection RGB
WARNING: [BD 41-1306] The connection to interface pin /rgb2dvi_0/vid_pVSync is being overridden by the user. This pin will not be connected as a part of interface connection RGB
connect_bd_net [get_bd_pins dvi2rgb_0/vid_pVDE] [get_bd_pins rgb2dvi_0/vid_pVDE]
WARNING: [BD 41-1306] The connection to interface pin /dvi2rgb_0/vid_pVDE is being overridden by the user. This pin will not be connected as a part of interface connection RGB
WARNING: [BD 41-1306] The connection to interface pin /rgb2dvi_0/vid_pVDE is being overridden by the user. This pin will not be connected as a part of interface connection RGB
startgroup
copy_bd_objs /  [get_bd_cells {xlconstant_0}]
set_property location {2.5 452 -27} [get_bd_cells xlconstant_1]
endgroup
set_property -dict [list CONFIG.CONST_WIDTH {24}] [get_bd_cells xlconstant_1]
set_property -dict [list CONFIG.CONST_VAL {9999}] [get_bd_cells xlconstant_1]
set_property location {2.5 388 -33} [get_bd_cells xlconstant_1]
connect_bd_net [get_bd_pins xlconstant_1/dout] [get_bd_pins rgb2dvi_0/vid_pData]
WARNING: [BD 41-1306] The connection to interface pin /rgb2dvi_0/vid_pData is being overridden by the user. This pin will not be connected as a part of interface connection RGB
save_bd_design
Wrote  : <C:\Users\DELL\Desktop\BETSS\hdmi_inout_po_konsultacji\hdmi_inout\hdmi_inout.srcs\sources_1\bd\hdmi_inout_bd\hdmi_inout_bd.bd> 
Wrote  : <C:/Users/DELL/Desktop/BETSS/hdmi_inout_po_konsultacji/hdmi_inout/hdmi_inout.srcs/sources_1/bd/hdmi_inout_bd/ui/bd_5df05ddf.ui> 
make_wrapper -files [get_files C:/Users/DELL/Desktop/BETSS/hdmi_inout_po_konsultacji/hdmi_inout/hdmi_inout.srcs/sources_1/bd/hdmi_inout_bd/hdmi_inout_bd.bd] -top
WARNING: [BD 41-927] Following properties on pin /dvi2rgb_0/RefClk have been updated from connected ip. They may not be synchronized with cell properties. You can set property on pin directly to confirm the value and resolve the warning.
	CLK_DOMAIN=/clk_wiz_0_clk_out1 
WARNING: [BD 41-927] Following properties on pin /dvi2rgb_0/PixelClk have been updated from connected ip. They may not be synchronized with cell properties. You can set property on pin directly to confirm the value and resolve the warning.
	CLK_DOMAIN=hdmi_inout_bd_dvi2rgb_0_0_PixelClk 
WARNING: [BD 41-927] Following properties on pin /rgb2dvi_0/PixelClk have been updated from connected ip. They may not be synchronized with cell properties. You can set property on pin directly to confirm the value and resolve the warning.
	CLK_DOMAIN=hdmi_inout_bd_dvi2rgb_0_0_PixelClk 
Wrote  : <C:\Users\DELL\Desktop\BETSS\hdmi_inout_po_konsultacji\hdmi_inout\hdmi_inout.srcs\sources_1\bd\hdmi_inout_bd\hdmi_inout_bd.bd> 
VHDL Output written to : C:/Users/DELL/Desktop/BETSS/hdmi_inout_po_konsultacji/hdmi_inout/hdmi_inout.srcs/sources_1/bd/hdmi_inout_bd/synth/hdmi_inout_bd.v
VHDL Output written to : C:/Users/DELL/Desktop/BETSS/hdmi_inout_po_konsultacji/hdmi_inout/hdmi_inout.srcs/sources_1/bd/hdmi_inout_bd/sim/hdmi_inout_bd.v
VHDL Output written to : C:/Users/DELL/Desktop/BETSS/hdmi_inout_po_konsultacji/hdmi_inout/hdmi_inout.srcs/sources_1/bd/hdmi_inout_bd/hdl/hdmi_inout_bd_wrapper.v
reset_run synth_1
launch_runs impl_1 -to_step write_bitstream -jobs 6
INFO: [BD 41-1662] The design 'hdmi_inout_bd.bd' is already validated. Therefore parameter propagation will not be re-run.
VHDL Output written to : C:/Users/DELL/Desktop/BETSS/hdmi_inout_po_konsultacji/hdmi_inout/hdmi_inout.srcs/sources_1/bd/hdmi_inout_bd/synth/hdmi_inout_bd.v
VHDL Output written to : C:/Users/DELL/Desktop/BETSS/hdmi_inout_po_konsultacji/hdmi_inout/hdmi_inout.srcs/sources_1/bd/hdmi_inout_bd/sim/hdmi_inout_bd.v
VHDL Output written to : C:/Users/DELL/Desktop/BETSS/hdmi_inout_po_konsultacji/hdmi_inout/hdmi_inout.srcs/sources_1/bd/hdmi_inout_bd/hdl/hdmi_inout_bd_wrapper.v
INFO: [BD 41-1029] Generation completed for the IP Integrator block dvi2rgb_0 .
INFO: [BD 41-1029] Generation completed for the IP Integrator block rgb2dvi_0 .
INFO: [BD 41-1029] Generation completed for the IP Integrator block clk_wiz_0 .
INFO: [BD 41-1029] Generation completed for the IP Integrator block xlconstant_0 .
INFO: [BD 41-1029] Generation completed for the IP Integrator block xlconstant_1 .
Exporting to file C:/Users/DELL/Desktop/BETSS/hdmi_inout_po_konsultacji/hdmi_inout/hdmi_inout.srcs/sources_1/bd/hdmi_inout_bd/hw_handoff/hdmi_inout_bd.hwh
Generated Block Design Tcl file C:/Users/DELL/Desktop/BETSS/hdmi_inout_po_konsultacji/hdmi_inout/hdmi_inout.srcs/sources_1/bd/hdmi_inout_bd/hw_handoff/hdmi_inout_bd_bd.tcl
Generated Hardware Definition File C:/Users/DELL/Desktop/BETSS/hdmi_inout_po_konsultacji/hdmi_inout/hdmi_inout.srcs/sources_1/bd/hdmi_inout_bd/synth/hdmi_inout_bd.hwdef
[Tue Apr 26 20:53:03 2022] Launched synth_1...
Run output will be captured here: C:/Users/DELL/Desktop/BETSS/hdmi_inout_po_konsultacji/hdmi_inout/hdmi_inout.runs/synth_1/runme.log
[Tue Apr 26 20:53:03 2022] Launched impl_1...
Run output will be captured here: C:/Users/DELL/Desktop/BETSS/hdmi_inout_po_konsultacji/hdmi_inout/hdmi_inout.runs/impl_1/runme.log
open_run impl_1
INFO: [Device 21-403] Loading part xc7z020clg400-1
INFO: [Common 17-41] Interrupt caught. Command should exit soon.
INFO: [Netlist 29-17] Analyzing 71 Unisim elements for replacement
INFO: [Netlist 29-28] Unisim Transformation completed in 0 CPU seconds
INFO: [Project 1-479] Netlist was created with Vivado 2019.1
open_run: Time (s): cpu = 00:00:07 ; elapsed = 00:00:08 . Memory (MB): peak = 1429.355 ; gain = 159.844
INFO: [Common 17-344] 'open_run' was cancelled
open_hw
connect_hw_server
INFO: [Labtools 27-2285] Connecting to hw_server url TCP:localhost:3121
INFO: [Labtools 27-2222] Launching hw_server...
INFO: [Labtools 27-2221] Launch Output:

****** Xilinx hw_server v2019.1
  **** Build date : May 24 2019 at 15:13:31
    ** Copyright 1986-2019 Xilinx, Inc. All Rights Reserved.


open_hw_target
INFO: [Labtoolstcl 44-466] Opening hw_target localhost:3121/xilinx_tcf/Digilent/210351B04B86A
open_hw_target: Time (s): cpu = 00:00:05 ; elapsed = 00:00:07 . Memory (MB): peak = 2563.285 ; gain = 1088.688
set_property PROGRAM.FILE {C:/Users/DELL/Desktop/BETSS/hdmi_inout_po_konsultacji/hdmi_inout/hdmi_inout.runs/impl_1/hdmi_inout_bd_wrapper.bit} [get_hw_devices xc7z020_1]
current_hw_device [get_hw_devices xc7z020_1]
refresh_hw_device -update_hw_probes false [lindex [get_hw_devices xc7z020_1] 0]
INFO: [Labtools 27-1435] Device xc7z020 (JTAG device index = 1) is not programmed (DONE status = 0).
set_property PROBES.FILE {} [get_hw_devices xc7z020_1]
set_property FULL_PROBES.FILE {} [get_hw_devices xc7z020_1]
set_property PROGRAM.FILE {C:/Users/DELL/Desktop/BETSS/hdmi_inout_po_konsultacji/hdmi_inout/hdmi_inout.runs/impl_1/hdmi_inout_bd_wrapper.bit} [get_hw_devices xc7z020_1]
program_hw_devices [get_hw_devices xc7z020_1]
INFO: [Labtools 27-3164] End of startup status: HIGH
refresh_hw_device [lindex [get_hw_devices xc7z020_1] 0]
INFO: [Labtools 27-1434] Device xc7z020 (JTAG device index = 1) is programmed with a design that has no supported debug core(s) in it.
close_hw
delete_bd_objs [get_bd_nets xlconstant_1_dout] [get_bd_cells xlconstant_1]
connect_bd_intf_net [get_bd_intf_pins rgb2dvi_0/RGB] [get_bd_intf_pins dvi2rgb_0/RGB]
undo
INFO: [Common 17-17] undo 'connect_bd_intf_net [get_bd_intf_pins rgb2dvi_0/RGB] [get_bd_intf_pins dvi2rgb_0/RGB]'
undo
INFO: [Common 17-17] undo 'delete_bd_objs [get_bd_nets xlconstant_1_dout] [get_bd_cells xlconstant_1]'
delete_bd_objs [get_bd_nets xlconstant_1_dout] [get_bd_cells xlconstant_1]
connect_bd_net [get_bd_pins rgb2dvi_0/vid_pData] [get_bd_pins dvi2rgb_0/vid_pData]
WARNING: [BD 41-1306] The connection to interface pin /rgb2dvi_0/vid_pData is being overridden by the user. This pin will not be connected as a part of interface connection RGB
WARNING: [BD 41-1306] The connection to interface pin /dvi2rgb_0/vid_pData is being overridden by the user. This pin will not be connected as a part of interface connection RGB
set_property location {2 97 180} [get_bd_cells dvi2rgb_0]
connect_bd_intf_net [get_bd_intf_pins dvi2rgb_0/RGB] [get_bd_intf_pins rgb2dvi_0/RGB]
delete_bd_objs [get_bd_nets dvi2rgb_0_vid_pData]
delete_bd_objs [get_bd_nets dvi2rgb_0_vid_pHSync]
delete_bd_objs [get_bd_nets dvi2rgb_0_vid_pVSync]
delete_bd_objs [get_bd_nets dvi2rgb_0_vid_pVDE]
save_bd_design
Wrote  : <C:\Users\DELL\Desktop\BETSS\hdmi_inout_po_konsultacji\hdmi_inout\hdmi_inout.srcs\sources_1\bd\hdmi_inout_bd\hdmi_inout_bd.bd> 
Wrote  : <C:/Users/DELL/Desktop/BETSS/hdmi_inout_po_konsultacji/hdmi_inout/hdmi_inout.srcs/sources_1/bd/hdmi_inout_bd/ui/bd_5df05ddf.ui> 
make_wrapper -files [get_files C:/Users/DELL/Desktop/BETSS/hdmi_inout_po_konsultacji/hdmi_inout/hdmi_inout.srcs/sources_1/bd/hdmi_inout_bd/hdmi_inout_bd.bd] -top
WARNING: [BD 41-927] Following properties on pin /dvi2rgb_0/RefClk have been updated from connected ip. They may not be synchronized with cell properties. You can set property on pin directly to confirm the value and resolve the warning.
	CLK_DOMAIN=/clk_wiz_0_clk_out1 
WARNING: [BD 41-927] Following properties on pin /dvi2rgb_0/PixelClk have been updated from connected ip. They may not be synchronized with cell properties. You can set property on pin directly to confirm the value and resolve the warning.
	CLK_DOMAIN=hdmi_inout_bd_dvi2rgb_0_0_PixelClk 
WARNING: [BD 41-927] Following properties on pin /rgb2dvi_0/PixelClk have been updated from connected ip. They may not be synchronized with cell properties. You can set property on pin directly to confirm the value and resolve the warning.
	CLK_DOMAIN=hdmi_inout_bd_dvi2rgb_0_0_PixelClk 
Wrote  : <C:\Users\DELL\Desktop\BETSS\hdmi_inout_po_konsultacji\hdmi_inout\hdmi_inout.srcs\sources_1\bd\hdmi_inout_bd\hdmi_inout_bd.bd> 
VHDL Output written to : C:/Users/DELL/Desktop/BETSS/hdmi_inout_po_konsultacji/hdmi_inout/hdmi_inout.srcs/sources_1/bd/hdmi_inout_bd/synth/hdmi_inout_bd.v
VHDL Output written to : C:/Users/DELL/Desktop/BETSS/hdmi_inout_po_konsultacji/hdmi_inout/hdmi_inout.srcs/sources_1/bd/hdmi_inout_bd/sim/hdmi_inout_bd.v
VHDL Output written to : C:/Users/DELL/Desktop/BETSS/hdmi_inout_po_konsultacji/hdmi_inout/hdmi_inout.srcs/sources_1/bd/hdmi_inout_bd/hdl/hdmi_inout_bd_wrapper.v
reset_run synth_1
WARNING: [Vivado 12-1017] Problems encountered:
1. Failed to delete one or more files in run directory C:/Users/DELL/Desktop/BETSS/hdmi_inout_po_konsultacji/hdmi_inout/hdmi_inout.runs/synth_1

launch_runs impl_1 -to_step write_bitstream -jobs 6
INFO: [BD 41-1662] The design 'hdmi_inout_bd.bd' is already validated. Therefore parameter propagation will not be re-run.
VHDL Output written to : C:/Users/DELL/Desktop/BETSS/hdmi_inout_po_konsultacji/hdmi_inout/hdmi_inout.srcs/sources_1/bd/hdmi_inout_bd/synth/hdmi_inout_bd.v
VHDL Output written to : C:/Users/DELL/Desktop/BETSS/hdmi_inout_po_konsultacji/hdmi_inout/hdmi_inout.srcs/sources_1/bd/hdmi_inout_bd/sim/hdmi_inout_bd.v
VHDL Output written to : C:/Users/DELL/Desktop/BETSS/hdmi_inout_po_konsultacji/hdmi_inout/hdmi_inout.srcs/sources_1/bd/hdmi_inout_bd/hdl/hdmi_inout_bd_wrapper.v
INFO: [BD 41-1029] Generation completed for the IP Integrator block dvi2rgb_0 .
INFO: [BD 41-1029] Generation completed for the IP Integrator block rgb2dvi_0 .
INFO: [BD 41-1029] Generation completed for the IP Integrator block clk_wiz_0 .
INFO: [BD 41-1029] Generation completed for the IP Integrator block xlconstant_0 .
Exporting to file C:/Users/DELL/Desktop/BETSS/hdmi_inout_po_konsultacji/hdmi_inout/hdmi_inout.srcs/sources_1/bd/hdmi_inout_bd/hw_handoff/hdmi_inout_bd.hwh
Generated Block Design Tcl file C:/Users/DELL/Desktop/BETSS/hdmi_inout_po_konsultacji/hdmi_inout/hdmi_inout.srcs/sources_1/bd/hdmi_inout_bd/hw_handoff/hdmi_inout_bd_bd.tcl
Generated Hardware Definition File C:/Users/DELL/Desktop/BETSS/hdmi_inout_po_konsultacji/hdmi_inout/hdmi_inout.srcs/sources_1/bd/hdmi_inout_bd/synth/hdmi_inout_bd.hwdef
[Tue Apr 26 21:01:00 2022] Launched synth_1...
Run output will be captured here: C:/Users/DELL/Desktop/BETSS/hdmi_inout_po_konsultacji/hdmi_inout/hdmi_inout.runs/synth_1/runme.log
[Tue Apr 26 21:01:01 2022] Launched impl_1...
Run output will be captured here: C:/Users/DELL/Desktop/BETSS/hdmi_inout_po_konsultacji/hdmi_inout/hdmi_inout.runs/impl_1/runme.log
open_hw
connect_hw_server -url localhost:3121
INFO: [Labtools 27-2285] Connecting to hw_server url TCP:localhost:3121
INFO: [Labtools 27-2222] Launching hw_server...
INFO: [Labtools 27-2221] Launch Output:

****** Xilinx hw_server v2019.1
  **** Build date : May 24 2019 at 15:13:31
    ** Copyright 1986-2019 Xilinx, Inc. All Rights Reserved.


current_hw_target [get_hw_targets */xilinx_tcf/Digilent/210351B04B86A]
set_property PARAM.FREQUENCY 15000000 [get_hw_targets */xilinx_tcf/Digilent/210351B04B86A]
open_hw_target
INFO: [Labtoolstcl 44-466] Opening hw_target localhost:3121/xilinx_tcf/Digilent/210351B04B86A
set_property PROGRAM.FILE {C:/Users/DELL/Desktop/BETSS/hdmi_inout_po_konsultacji/hdmi_inout/hdmi_inout.runs/impl_1/hdmi_inout_bd_wrapper.bit} [get_hw_devices xc7z020_1]
current_hw_device [get_hw_devices xc7z020_1]
refresh_hw_device -update_hw_probes false [lindex [get_hw_devices xc7z020_1] 0]
INFO: [Labtools 27-1434] Device xc7z020 (JTAG device index = 1) is programmed with a design that has no supported debug core(s) in it.
set_property PROBES.FILE {} [get_hw_devices xc7z020_1]
set_property FULL_PROBES.FILE {} [get_hw_devices xc7z020_1]
set_property PROGRAM.FILE {C:/Users/DELL/Desktop/BETSS/hdmi_inout_po_konsultacji/hdmi_inout/hdmi_inout.runs/impl_1/hdmi_inout_bd_wrapper.bit} [get_hw_devices xc7z020_1]
program_hw_devices [get_hw_devices xc7z020_1]
INFO: [Labtools 27-3164] End of startup status: HIGH
refresh_hw_device [lindex [get_hw_devices xc7z020_1] 0]
INFO: [Labtools 27-1434] Device xc7z020 (JTAG device index = 1) is programmed with a design that has no supported debug core(s) in it.
refresh_hw_device [lindex [get_hw_devices xc7z020_1] 0]
INFO: [Labtools 27-1434] Device xc7z020 (JTAG device index = 1) is programmed with a design that has no supported debug core(s) in it.
ERROR: [Labtoolstcl 44-513] HW Target shutdown. Closing target: localhost:3121/xilinx_tcf/Digilent/210351B04B86A
close_hw
regenerate_bd_layout -routing
exit
INFO: [Common 17-206] Exiting Vivado at Tue Apr 26 23:46:07 2022...
