#-----------------------------------------------------------
# Vivado v2019.1 (64-bit)
# SW Build 2552052 on Fri May 24 14:49:42 MDT 2019
# IP Build 2548770 on Fri May 24 18:01:18 MDT 2019
# Start of session at: Sat May 28 22:03:10 2022
# Process ID: 17896
# Current directory: C:/Users/DELL/Desktop/test/MTM_SDUP_project/BETSS
# Command line: vivado.exe -gui_launcher_event rodinguilauncherevent12104 C:\Users\DELL\Desktop\test\MTM_SDUP_project\BETSS\hdmi_inout.xpr
# Log file: C:/Users/DELL/Desktop/test/MTM_SDUP_project/BETSS/vivado.log
# Journal file: C:/Users/DELL/Desktop/test/MTM_SDUP_project/BETSS\vivado.jou
#-----------------------------------------------------------
start_gui
open_project C:/Users/DELL/Desktop/test/MTM_SDUP_project/BETSS/hdmi_inout.xpr
INFO: [Project 1-313] Project file moved from 'C:/Users/DELL/Desktop/repoBETSS/MTM_SDUP_project/BETSS' since last save.
Scanning sources...
Finished scanning sources
INFO: [filemgmt 56-1] IPUserFilesDir: Directory not found as 'C:/Users/DELL/Desktop/test/MTM_SDUP_project/BETSS/hdmi_inout.ip_user_files'; using path 'C:/Users/DELL/Desktop/repoBETSS/MTM_SDUP_project/BETSS/hdmi_inout.ip_user_files' instead.
INFO: [IP_Flow 19-234] Refreshing IP repositories
INFO: [IP_Flow 19-1700] Loaded user IP repository 'c:/Users/DELL/Desktop/vivado_ip_blocks/vivado-library'.
INFO: [IP_Flow 19-2313] Loaded Vivado IP repository 'C:/Xilinx/Vivado/2019.1/data/ip'.
open_project: Time (s): cpu = 00:00:27 ; elapsed = 00:00:18 . Memory (MB): peak = 923.520 ; gain = 285.066
