#-----------------------------------------------------------
# Vivado v2019.1 (64-bit)
# SW Build 2552052 on Fri May 24 14:49:42 MDT 2019
# IP Build 2548770 on Fri May 24 18:01:18 MDT 2019
# Start of session at: Thu May  5 09:36:25 2022
# Process ID: 14000
# Current directory: C:/Users/DELL/Desktop/BETSS/hdmi_inout_po_konsultacji/hdmi_inout
# Command line: vivado.exe -gui_launcher_event rodinguilauncherevent13492 C:\Users\DELL\Desktop\BETSS\hdmi_inout_po_konsultacji\hdmi_inout\hdmi_inout.xpr
# Log file: C:/Users/DELL/Desktop/BETSS/hdmi_inout_po_konsultacji/hdmi_inout/vivado.log
# Journal file: C:/Users/DELL/Desktop/BETSS/hdmi_inout_po_konsultacji/hdmi_inout\vivado.jou
#-----------------------------------------------------------
start_gui
open_project C:/Users/DELL/Desktop/BETSS/hdmi_inout_po_konsultacji/hdmi_inout/hdmi_inout.xpr
Scanning sources...
Finished scanning sources
INFO: [IP_Flow 19-234] Refreshing IP repositories
INFO: [IP_Flow 19-1700] Loaded user IP repository 'c:/Users/DELL/Desktop/vivado_ip_blocks/vivado-library'.
INFO: [IP_Flow 19-1700] Loaded user IP repository 'c:/Users/DELL/Desktop/BETSS/hdmi_inout_po_konsultacji/hdmi_inout/hdmi_inout.ip_user_files'.
INFO: [IP_Flow 19-2313] Loaded Vivado IP repository 'C:/Xilinx/Vivado/2019.1/data/ip'.
open_project: Time (s): cpu = 00:00:25 ; elapsed = 00:00:24 . Memory (MB): peak = 931.406 ; gain = 287.410
update_compile_order -fileset sources_1
open_bd_design {C:/Users/DELL/Desktop/BETSS/hdmi_inout_po_konsultacji/hdmi_inout/hdmi_inout.srcs/sources_1/bd/hdmi_inout_bd/hdmi_inout_bd.bd}
Adding component instance block -- digilentinc.com:ip:rgb2dvi:1.4 - rgb2dvi_0
Adding component instance block -- xilinx.com:ip:clk_wiz:6.0 - clk_wiz_0
Adding component instance block -- xilinx.com:ip:xlconstant:1.1 - xlconstant_0
Adding component instance block -- digilentinc.com:ip:MIPI_CSI_2_RX:1.2 - MIPI_CSI_2_RX_0
Adding component instance block -- digilentinc.com:ip:MIPI_D_PHY_RX:1.3 - MIPI_D_PHY_RX_0
Adding component instance block -- digilentinc.com:user:AXI_BayerToRGB:1.0 - AXI_BayerToRGB_0
Adding component instance block -- xilinx.com:ip:processing_system7:5.5 - processing_system7_0
Adding component instance block -- xilinx.com:ip:axi_vdma:6.3 - axi_vdma_0
Adding component instance block -- xilinx.com:ip:axi_interconnect:2.1 - axi_interconnect_0
Adding component instance block -- xilinx.com:ip:axi_crossbar:2.1 - xbar
Adding component instance block -- xilinx.com:ip:v_tc:6.1 - v_tc_0
Adding component instance block -- xilinx.com:ip:v_deinterlacer:4.0 - v_deinterlacer_0
Adding component instance block -- xilinx.com:ip:v_proc_ss:2.1 - v_proc_ss_0
Adding component instance block -- xilinx.com:ip:v_frmbuf_rd:2.1 - v_frmbuf_rd_0
Adding component instance block -- xilinx.com:ip:v_demosaic:1.0 - v_demosaic_0
Successfully read diagram <hdmi_inout_bd> from BD file <C:/Users/DELL/Desktop/BETSS/hdmi_inout_po_konsultacji/hdmi_inout/hdmi_inout.srcs/sources_1/bd/hdmi_inout_bd/hdmi_inout_bd.bd>
WARNING: [BD 41-1731] Type mismatch between connected pins: /reset_sel_axi_mm/gpio_io_o(undef) and /smartconnect_1/aresetn(rst)
WARNING: [BD 41-1731] Type mismatch between connected pins: /reset_sel_axi_mm/gpio_io_o(undef) and /vdma_trunc/aresetn(rst)
WARNING: [BD 41-1731] Type mismatch between connected pins: /reset_sel_axi_mm/gpio_io_o(undef) and /vdma_pad/aresetn(rst)
WARNING: [BD 41-1731] Type mismatch between connected pins: /reset_sel_axi_mm/gpio_io_o(undef) and /video_router/M03_AXIS_ARESETN(rst)
WARNING: [BD 41-1731] Type mismatch between connected pins: /reset_sel_axi_mm/gpio_io_o(undef) and /video_router/S03_AXIS_ARESETN(rst)
WARNING: [BD 41-1731] Type mismatch between connected pins: /reset_sel_axi_mm/gpio_io_o(undef) and /video_router/S09_AXIS_ARESETN(rst)
WARNING: [BD 41-1731] Type mismatch between connected pins: /reset_sel_axi_mm/gpio_io_o(undef) and /dint/ap_rst_n(rst)
WARNING: [BD 41-1731] Type mismatch between connected pins: /reset_sel_axi_mm/gpio_io_o(undef) and /deint_cc/m_axis_aresetn(rst)
open_bd_design: Time (s): cpu = 00:00:26 ; elapsed = 00:00:22 . Memory (MB): peak = 1094.566 ; gain = 69.605
startgroup
create_bd_cell -type ip -vlnv digilentinc.com:user:AXI_BayerToRGB:1.0 AXI_BayerToRGB_1
endgroup
startgroup
create_bd_cell -type ip -vlnv xilinx.com:ip:mipi_csi2_rx_subsystem:4.0 mipi_csi2_rx_subsyst_0
WARNING: [IP_Flow 19-2162] IP 'hdmi_inout_bd_mipi_csi2_rx_subsyst_0_0' is locked:
* IP 'hdmi_inout_bd_mipi_csi2_rx_subsyst_0_0' requires one or more mandatory licenses but no valid licenses were found. However license checkpoints may prevent use of this IP in some tool flows.
endgroup
set_property location {3 977 347} [get_bd_cells v_proc_ss_0]
delete_bd_objs [get_bd_cells v_proc_ss_0]
delete_bd_objs [get_bd_cells v_demosaic_0]
delete_bd_objs [get_bd_cells AXI_BayerToRGB_1]
delete_bd_objs [get_bd_cells v_deinterlacer_0]
delete_bd_objs [get_bd_cells v_frmbuf_rd_0]
delete_bd_objs [get_bd_intf_nets axi_interconnect_0_M00_AXI] [get_bd_intf_nets AXI_BayerToRGB_0_AXI_Stream_Master] [get_bd_cells axi_vdma_0]
delete_bd_objs [get_bd_intf_nets processing_system7_0_M_AXI_GP0] [get_bd_nets clk_wiz_0_clk_out2] [get_bd_cells axi_interconnect_0]
delete_bd_objs [get_bd_cells mipi_csi2_rx_subsyst_0]
regenerate_bd_layout
delete_bd_objs [get_bd_intf_ports hdmi_in_ddc]
set_property location {1 250 594} [get_bd_cells clk_wiz_0]
regenerate_bd_layout
delete_bd_objs [get_bd_nets sys_clock_1]
connect_bd_net [get_bd_pins processing_system7_0/FCLK_CLK0] [get_bd_pins clk_wiz_0/clk_in1]
startgroup
set_property -dict [list CONFIG.CLKOUT3_USED {true} CONFIG.CLKOUT3_REQUESTED_OUT_FREQ {250} CONFIG.MMCM_CLKOUT2_DIVIDE {4} CONFIG.NUM_OUT_CLKS {3} CONFIG.CLKOUT3_JITTER {104.759} CONFIG.CLKOUT3_PHASE_ERROR {96.948}] [get_bd_cells clk_wiz_0]
endgroup
set_property location {1 245 363} [get_bd_cells clk_wiz_0]
set_property location {1 182 387} [get_bd_cells clk_wiz_0]
connect_bd_net [get_bd_pins clk_wiz_0/clk_out3] [get_bd_pins v_tc_0/clk]
set_property location {2 496 465} [get_bd_cells v_tc_0]
set_property location {2 503 462} [get_bd_cells v_tc_0]
regenerate_bd_layout
connect_bd_net [get_bd_pins processing_system7_0/FCLK_CLK0] [get_bd_pins AXI_BayerToRGB_0/StreamClk]
regenerate_bd_layout
connect_bd_net [get_bd_pins rgb2dvi_0/vid_pData] [get_bd_pins AXI_BayerToRGB_0/m_axis_video_tdata]
WARNING: [BD 41-1306] The connection to interface pin /rgb2dvi_0/vid_pData is being overridden by the user. This pin will not be connected as a part of interface connection RGB
WARNING: [BD 41-1306] The connection to interface pin /AXI_BayerToRGB_0/m_axis_video_tdata is being overridden by the user. This pin will not be connected as a part of interface connection AXI_Stream_Master
regenerate_bd_layout
delete_bd_objs [get_bd_ports sys_clock]
regenerate_bd_layout
regenerate_bd_layout -routing
connect_bd_net [get_bd_pins rgb2dvi_0/PixelClk] [get_bd_pins clk_wiz_0/clk_out3]
connect_bd_net [get_bd_pins v_tc_0/vsync_out] [get_bd_pins rgb2dvi_0/vid_pVSync]
WARNING: [BD 41-1306] The connection to interface pin /v_tc_0/vsync_out is being overridden by the user. This pin will not be connected as a part of interface connection vtiming_out
WARNING: [BD 41-1306] The connection to interface pin /rgb2dvi_0/vid_pVSync is being overridden by the user. This pin will not be connected as a part of interface connection RGB
connect_bd_net [get_bd_pins v_tc_0/hsync_out] [get_bd_pins rgb2dvi_0/vid_pHSync]
WARNING: [BD 41-1306] The connection to interface pin /v_tc_0/hsync_out is being overridden by the user. This pin will not be connected as a part of interface connection vtiming_out
WARNING: [BD 41-1306] The connection to interface pin /rgb2dvi_0/vid_pHSync is being overridden by the user. This pin will not be connected as a part of interface connection RGB
regenerate_bd_layout
connect_bd_net [get_bd_pins clk_wiz_0/clk_out1] [get_bd_pins MIPI_D_PHY_RX_0/RefClk]
connect_bd_net [get_bd_pins MIPI_CSI_2_RX_0/video_aclk] [get_bd_pins clk_wiz_0/clk_out1]
startgroup
connect_bd_net [get_bd_pins v_tc_0/active_video_out] [get_bd_pins rgb2dvi_0/vid_pVDE]
WARNING: [BD 41-1306] The connection to interface pin /v_tc_0/active_video_out is being overridden by the user. This pin will not be connected as a part of interface connection vtiming_out
WARNING: [BD 41-1306] The connection to interface pin /rgb2dvi_0/vid_pVDE is being overridden by the user. This pin will not be connected as a part of interface connection RGB
endgroup
save_bd_design
Wrote  : <C:\Users\DELL\Desktop\BETSS\hdmi_inout_po_konsultacji\hdmi_inout\hdmi_inout.srcs\sources_1\bd\hdmi_inout_bd\hdmi_inout_bd.bd> 
Wrote  : <C:/Users/DELL/Desktop/BETSS/hdmi_inout_po_konsultacji/hdmi_inout/hdmi_inout.srcs/sources_1/bd/hdmi_inout_bd/ui/bd_5df05ddf.ui> 
make_wrapper -files [get_files C:/Users/DELL/Desktop/BETSS/hdmi_inout_po_konsultacji/hdmi_inout/hdmi_inout.srcs/sources_1/bd/hdmi_inout_bd/hdmi_inout_bd.bd] -top
ERROR: [BD 41-758] The following clock pins are not connected to a valid clock source: 
/processing_system7_0/M_AXI_GP0_ACLK
/v_tc_0/s_axi_aclk

ERROR: [BD 41-1031] Hdl Generation failed for the IP Integrator design C:/Users/DELL/Desktop/BETSS/hdmi_inout_po_konsultacji/hdmi_inout/hdmi_inout.srcs/sources_1/bd/hdmi_inout_bd/hdmi_inout_bd.bd 
ERROR: [Common 17-39] 'make_wrapper' failed due to earlier errors.
apply_bd_automation -rule xilinx.com:bd_rule:axi4 -config { Clk_master {Auto} Clk_slave {Auto} Clk_xbar {Auto} Master {/processing_system7_0/M_AXI_GP0} Slave {/v_tc_0/ctrl} intc_ip {New AXI Interconnect} master_apm {0}}  [get_bd_intf_pins v_tc_0/ctrl]
INFO: [Ipptcl 7-1463] No Compatible Board Interface found. Board Tab not created in customize GUI
Slave segment </v_tc_0/ctrl/Reg> is being mapped into address space </processing_system7_0/Data> at <0x43C0_0000 [ 64K ]>
make_wrapper -files [get_files C:/Users/DELL/Desktop/BETSS/hdmi_inout_po_konsultacji/hdmi_inout/hdmi_inout.srcs/sources_1/bd/hdmi_inout_bd/hdmi_inout_bd.bd] -top
WARNING: [IP_Flow 19-3374] An attempt to modify the value of disabled parameter 'PRIM_IN_FREQ' from '125.000' to '50.000' has been ignored for IP 'clk_wiz_0'
WARNING: [IP_Flow 19-3374] An attempt to modify the value of disabled parameter 'PRIM_IN_FREQ' from '125.000' to '50.000' has been ignored for IP 'clk_wiz_0'
ERROR: [Common 17-55] 'get_property' expects at least one object.
Resolution: If [get_<value>] was used to populate the object, check to make sure this command returns at least one valid object.
ERROR: [BD 41-1273] Error running post_propagate TCL procedure: ERROR: [Common 17-55] 'get_property' expects at least one object.
    ::digilentinc.com_ip_MIPI_D_PHY_RX_1.3::post_propagate Line 6
CRITICAL WARNING: [PSU-1]  Parameter : PCW_UIPARAM_DDR_DQS_TO_CLK_DELAY_0 has negative value -0.050 . PS DDR interfaces might fail when entering negative DQS skew values. 
CRITICAL WARNING: [PSU-2]  Parameter : PCW_UIPARAM_DDR_DQS_TO_CLK_DELAY_1 has negative value -0.044 . PS DDR interfaces might fail when entering negative DQS skew values. 
CRITICAL WARNING: [PSU-3]  Parameter : PCW_UIPARAM_DDR_DQS_TO_CLK_DELAY_2 has negative value -0.035 . PS DDR interfaces might fail when entering negative DQS skew values. 
CRITICAL WARNING: [PSU-4]  Parameter : PCW_UIPARAM_DDR_DQS_TO_CLK_DELAY_3 has negative value -0.100 . PS DDR interfaces might fail when entering negative DQS skew values. 
CRITICAL WARNING: [PSU-1]  Parameter : PCW_UIPARAM_DDR_DQS_TO_CLK_DELAY_0 has negative value -0.050 . PS DDR interfaces might fail when entering negative DQS skew values. 
CRITICAL WARNING: [PSU-2]  Parameter : PCW_UIPARAM_DDR_DQS_TO_CLK_DELAY_1 has negative value -0.044 . PS DDR interfaces might fail when entering negative DQS skew values. 
CRITICAL WARNING: [PSU-3]  Parameter : PCW_UIPARAM_DDR_DQS_TO_CLK_DELAY_2 has negative value -0.035 . PS DDR interfaces might fail when entering negative DQS skew values. 
CRITICAL WARNING: [PSU-4]  Parameter : PCW_UIPARAM_DDR_DQS_TO_CLK_DELAY_3 has negative value -0.100 . PS DDR interfaces might fail when entering negative DQS skew values. 
INFO: [digilentinc.com:ip:MIPI_CSI_2_RX:1.2-17] /MIPI_CSI_2_RX_0Verified that video_aclk frequency can handle RxByteClkHS frequency. AXI-Stream bandwidth 800000000 Pix/s >= PPI bandwidth 40000000.0 Pix/s
ERROR: [BD 41-237] Bus Interface property FREQ_HZ does not match between /AXI_BayerToRGB_0/AXI_Slave_Interface(50000000) and /MIPI_CSI_2_RX_0/m_axis_video(200000000)
ERROR: [BD 41-237] Bus Interface property CLK_DOMAIN does not match between /AXI_BayerToRGB_0/AXI_Slave_Interface(hdmi_inout_bd_processing_system7_0_0_FCLK_CLK0) and /MIPI_CSI_2_RX_0/m_axis_video(/clk_wiz_0_clk_out1)
WARNING: [BD 41-927] Following properties on pin /rgb2dvi_0/PixelClk have been updated from connected ip. They may not be synchronized with cell properties. You can set property on pin directly to confirm the value and resolve the warning.
	CLK_DOMAIN=/clk_wiz_0_clk_out1 
WARNING: [BD 41-927] Following properties on pin /AXI_BayerToRGB_0/StreamClk have been updated from connected ip. They may not be synchronized with cell properties. You can set property on pin directly to confirm the value and resolve the warning.
	CLK_DOMAIN=hdmi_inout_bd_processing_system7_0_0_FCLK_CLK0 
ERROR: [BD 41-1031] Hdl Generation failed for the IP Integrator design C:/Users/DELL/Desktop/BETSS/hdmi_inout_po_konsultacji/hdmi_inout/hdmi_inout.srcs/sources_1/bd/hdmi_inout_bd/hdmi_inout_bd.bd 
make_wrapper: Time (s): cpu = 00:00:05 ; elapsed = 00:00:06 . Memory (MB): peak = 1395.762 ; gain = 17.570
ERROR: [Common 17-39] 'make_wrapper' failed due to earlier errors.
delete_bd_objs [get_bd_nets processing_system7_0_FCLK_CLK0]
connect_bd_net [get_bd_pins clk_wiz_0/clk_out2] [get_bd_pins processing_system7_0/M_AXI_GP0_ACLK]
connect_bd_net [get_bd_pins clk_wiz_0/clk_in1] [get_bd_pins processing_system7_0/FCLK_CLK0]
delete_bd_objs [get_bd_intf_nets processing_system7_0_M_AXI_GP0] [get_bd_intf_nets ps7_0_axi_periph_M00_AXI] [get_bd_cells ps7_0_axi_periph]
delete_bd_objs [get_bd_nets processing_system7_0_FCLK_RESET0_N] [get_bd_nets rst_ps7_0_50M_peripheral_aresetn] [get_bd_cells rst_ps7_0_50M]
undo
INFO: [Common 17-17] undo 'delete_bd_objs [get_bd_nets processing_system7_0_FCLK_RESET0_N] [get_bd_nets rst_ps7_0_50M_peripheral_aresetn] [get_bd_cells rst_ps7_0_50M]'
delete_bd_objs [get_bd_nets processing_system7_0_FCLK_RESET0_N] [get_bd_nets rst_ps7_0_50M_peripheral_aresetn] [get_bd_cells rst_ps7_0_50M]
regenerate_bd_layout
apply_bd_automation -rule xilinx.com:bd_rule:axi4 -config { Clk_master {/clk_wiz_0/clk_out2 (50 MHz)} Clk_slave {Auto} Clk_xbar {Auto} Master {/processing_system7_0/M_AXI_GP0} Slave {/v_tc_0/ctrl} intc_ip {New AXI Interconnect} master_apm {0}}  [get_bd_intf_pins v_tc_0/ctrl]
INFO: [Ipptcl 7-1463] No Compatible Board Interface found. Board Tab not created in customize GUI
regenerate_bd_layout
save_bd_design
Wrote  : <C:\Users\DELL\Desktop\BETSS\hdmi_inout_po_konsultacji\hdmi_inout\hdmi_inout.srcs\sources_1\bd\hdmi_inout_bd\hdmi_inout_bd.bd> 
Wrote  : <C:/Users/DELL/Desktop/BETSS/hdmi_inout_po_konsultacji/hdmi_inout/hdmi_inout.srcs/sources_1/bd/hdmi_inout_bd/ui/bd_5df05ddf.ui> 
make_wrapper -files [get_files C:/Users/DELL/Desktop/BETSS/hdmi_inout_po_konsultacji/hdmi_inout/hdmi_inout.srcs/sources_1/bd/hdmi_inout_bd/hdmi_inout_bd.bd] -top
ERROR: [BD 41-758] The following clock pins are not connected to a valid clock source: 
/AXI_BayerToRGB_0/StreamClk

ERROR: [BD 41-1031] Hdl Generation failed for the IP Integrator design C:/Users/DELL/Desktop/BETSS/hdmi_inout_po_konsultacji/hdmi_inout/hdmi_inout.srcs/sources_1/bd/hdmi_inout_bd/hdmi_inout_bd.bd 
ERROR: [Common 17-39] 'make_wrapper' failed due to earlier errors.
delete_bd_objs [get_bd_intf_nets MIPI_CSI_2_RX_0_m_axis_video]
connect_bd_net [get_bd_pins MIPI_CSI_2_RX_0/m_axis_video_tdata] [get_bd_pins AXI_BayerToRGB_0/s_axis_video_tdata]
WARNING: [BD 41-1306] The connection to interface pin /MIPI_CSI_2_RX_0/m_axis_video_tdata is being overridden by the user. This pin will not be connected as a part of interface connection m_axis_video
WARNING: [BD 41-1306] The connection to interface pin /AXI_BayerToRGB_0/s_axis_video_tdata is being overridden by the user. This pin will not be connected as a part of interface connection AXI_Slave_Interface
connect_bd_net [get_bd_pins MIPI_CSI_2_RX_0/m_axis_video_tlast] [get_bd_pins AXI_BayerToRGB_0/s_axis_video_tuser]
WARNING: [BD 41-1306] The connection to interface pin /MIPI_CSI_2_RX_0/m_axis_video_tlast is being overridden by the user. This pin will not be connected as a part of interface connection m_axis_video
WARNING: [BD 41-1306] The connection to interface pin /AXI_BayerToRGB_0/s_axis_video_tuser is being overridden by the user. This pin will not be connected as a part of interface connection AXI_Slave_Interface
connect_bd_net [get_bd_pins MIPI_CSI_2_RX_0/m_axis_video_tready] [get_bd_pins AXI_BayerToRGB_0/s_axis_video_tready]
WARNING: [BD 41-1306] The connection to interface pin /MIPI_CSI_2_RX_0/m_axis_video_tready is being overridden by the user. This pin will not be connected as a part of interface connection m_axis_video
WARNING: [BD 41-1306] The connection to interface pin /AXI_BayerToRGB_0/s_axis_video_tready is being overridden by the user. This pin will not be connected as a part of interface connection AXI_Slave_Interface
delete_bd_objs [get_bd_nets MIPI_CSI_2_RX_0_m_axis_video_tlast]
connect_bd_net [get_bd_pins AXI_BayerToRGB_0/s_axis_video_tlast] [get_bd_pins MIPI_CSI_2_RX_0/m_axis_video_tlast]
WARNING: [BD 41-1306] The connection to interface pin /AXI_BayerToRGB_0/s_axis_video_tlast is being overridden by the user. This pin will not be connected as a part of interface connection AXI_Slave_Interface
WARNING: [BD 41-1306] The connection to interface pin /MIPI_CSI_2_RX_0/m_axis_video_tlast is being overridden by the user. This pin will not be connected as a part of interface connection m_axis_video
connect_bd_net [get_bd_pins AXI_BayerToRGB_0/s_axis_video_tuser] [get_bd_pins MIPI_CSI_2_RX_0/m_axis_video_tuser]
WARNING: [BD 41-1306] The connection to interface pin /AXI_BayerToRGB_0/s_axis_video_tuser is being overridden by the user. This pin will not be connected as a part of interface connection AXI_Slave_Interface
WARNING: [BD 41-1306] The connection to interface pin /MIPI_CSI_2_RX_0/m_axis_video_tuser is being overridden by the user. This pin will not be connected as a part of interface connection m_axis_video
connect_bd_net [get_bd_pins AXI_BayerToRGB_0/s_axis_video_tvalid] [get_bd_pins MIPI_CSI_2_RX_0/m_axis_video_tvalid]
WARNING: [BD 41-1306] The connection to interface pin /AXI_BayerToRGB_0/s_axis_video_tvalid is being overridden by the user. This pin will not be connected as a part of interface connection AXI_Slave_Interface
WARNING: [BD 41-1306] The connection to interface pin /MIPI_CSI_2_RX_0/m_axis_video_tvalid is being overridden by the user. This pin will not be connected as a part of interface connection m_axis_video
connect_bd_net [get_bd_pins processing_system7_0/FCLK_CLK0] [get_bd_pins AXI_BayerToRGB_0/StreamClk]
save_bd_design
Wrote  : <C:\Users\DELL\Desktop\BETSS\hdmi_inout_po_konsultacji\hdmi_inout\hdmi_inout.srcs\sources_1\bd\hdmi_inout_bd\hdmi_inout_bd.bd> 
Wrote  : <C:/Users/DELL/Desktop/BETSS/hdmi_inout_po_konsultacji/hdmi_inout/hdmi_inout.srcs/sources_1/bd/hdmi_inout_bd/ui/bd_5df05ddf.ui> 
regenerate_bd_layout -routing
make_wrapper -files [get_files C:/Users/DELL/Desktop/BETSS/hdmi_inout_po_konsultacji/hdmi_inout/hdmi_inout.srcs/sources_1/bd/hdmi_inout_bd/hdmi_inout_bd.bd] -top
WARNING: [IP_Flow 19-3374] An attempt to modify the value of disabled parameter 'PRIM_IN_FREQ' from '125.000' to '50.000' has been ignored for IP 'clk_wiz_0'
WARNING: [IP_Flow 19-3374] An attempt to modify the value of disabled parameter 'PRIM_IN_FREQ' from '125.000' to '50.000' has been ignored for IP 'clk_wiz_0'
ERROR: [Common 17-55] 'get_property' expects at least one object.
Resolution: If [get_<value>] was used to populate the object, check to make sure this command returns at least one valid object.
ERROR: [BD 41-1273] Error running post_propagate TCL procedure: ERROR: [Common 17-55] 'get_property' expects at least one object.
    ::digilentinc.com_ip_MIPI_D_PHY_RX_1.3::post_propagate Line 6
INFO: [digilentinc.com:ip:MIPI_CSI_2_RX:1.2-17] /MIPI_CSI_2_RX_0Verified that video_aclk frequency can handle RxByteClkHS frequency. AXI-Stream bandwidth 800000000 Pix/s >= PPI bandwidth 40000000.0 Pix/s
WARNING: [BD 41-927] Following properties on pin /rgb2dvi_0/PixelClk have been updated from connected ip. They may not be synchronized with cell properties. You can set property on pin directly to confirm the value and resolve the warning.
	CLK_DOMAIN=/clk_wiz_0_clk_out1 
WARNING: [BD 41-927] Following properties on pin /AXI_BayerToRGB_0/StreamClk have been updated from connected ip. They may not be synchronized with cell properties. You can set property on pin directly to confirm the value and resolve the warning.
	CLK_DOMAIN=hdmi_inout_bd_processing_system7_0_0_FCLK_CLK0 
CRITICAL WARNING: [BD 41-759] The input pins (listed below) are either not connected or do not have a source port, and they don't have a tie-off specified. These pins are tied-off to all 0's to avoid error in Implementation flow.
Please check your design and connect them as needed: 
/MIPI_D_PHY_RX_0/aRst
/AXI_BayerToRGB_0/sStreamReset_n

Wrote  : <C:\Users\DELL\Desktop\BETSS\hdmi_inout_po_konsultacji\hdmi_inout\hdmi_inout.srcs\sources_1\bd\hdmi_inout_bd\hdmi_inout_bd.bd> 
Wrote  : <C:/Users/DELL/Desktop/BETSS/hdmi_inout_po_konsultacji/hdmi_inout/hdmi_inout.srcs/sources_1/bd/hdmi_inout_bd/ui/bd_5df05ddf.ui> 
CRITICAL WARNING: [BD 41-1228] Width mismatch when connecting input pin '/rgb2dvi_0/vid_pData'(24) to net 'AXI_BayerToRGB_0_m_axis_video_tdata'(32) - Only lower order bits will be connected, and other input bits of this pin will be left unconnected.
VHDL Output written to : C:/Users/DELL/Desktop/BETSS/hdmi_inout_po_konsultacji/hdmi_inout/hdmi_inout.srcs/sources_1/bd/hdmi_inout_bd/synth/hdmi_inout_bd.v
CRITICAL WARNING: [BD 41-1228] Width mismatch when connecting input pin '/rgb2dvi_0/vid_pData'(24) to net 'AXI_BayerToRGB_0_m_axis_video_tdata'(32) - Only lower order bits will be connected, and other input bits of this pin will be left unconnected.
VHDL Output written to : C:/Users/DELL/Desktop/BETSS/hdmi_inout_po_konsultacji/hdmi_inout/hdmi_inout.srcs/sources_1/bd/hdmi_inout_bd/sim/hdmi_inout_bd.v
VHDL Output written to : C:/Users/DELL/Desktop/BETSS/hdmi_inout_po_konsultacji/hdmi_inout/hdmi_inout.srcs/sources_1/bd/hdmi_inout_bd/hdl/hdmi_inout_bd_wrapper.v
ERROR: [Common 17-39] 'make_wrapper' failed due to earlier errors.
delete_bd_objs [get_bd_intf_nets processing_system7_0_DDR] [get_bd_intf_nets processing_system7_0_FIXED_IO] [get_bd_intf_nets processing_system7_0_M_AXI_GP0] [get_bd_cells processing_system7_0]
delete_bd_objs [get_bd_intf_nets ps7_0_axi_periph_M00_AXI] [get_bd_cells ps7_0_axi_periph]
delete_bd_objs [get_bd_nets clk_wiz_0_locked] [get_bd_nets rst_clk_wiz_0_50M_peripheral_aresetn] [get_bd_cells rst_clk_wiz_0_50M]
create_bd_port -dir I sys_clock
connect_bd_net [get_bd_ports sys_clock] [get_bd_pins clk_wiz_0/clk_in1]
delete_bd_objs [get_bd_intf_ports DDR]
delete_bd_objs [get_bd_intf_ports FIXED_IO]
regenerate_bd_layout
regenerate_bd_layout -routing
save_bd_design
Wrote  : <C:\Users\DELL\Desktop\BETSS\hdmi_inout_po_konsultacji\hdmi_inout\hdmi_inout.srcs\sources_1\bd\hdmi_inout_bd\hdmi_inout_bd.bd> 
Wrote  : <C:/Users/DELL/Desktop/BETSS/hdmi_inout_po_konsultacji/hdmi_inout/hdmi_inout.srcs/sources_1/bd/hdmi_inout_bd/ui/bd_5df05ddf.ui> 
make_wrapper -files [get_files C:/Users/DELL/Desktop/BETSS/hdmi_inout_po_konsultacji/hdmi_inout/hdmi_inout.srcs/sources_1/bd/hdmi_inout_bd/hdmi_inout_bd.bd] -top
WARNING: [IP_Flow 19-3374] An attempt to modify the value of disabled parameter 'PRIM_IN_FREQ' from '125.000' to '50.000' has been ignored for IP 'clk_wiz_0'
ERROR: [Common 17-55] 'get_property' expects at least one object.
Resolution: If [get_<value>] was used to populate the object, check to make sure this command returns at least one valid object.
ERROR: [BD 41-1273] Error running post_propagate TCL procedure: ERROR: [Common 17-55] 'get_property' expects at least one object.
    ::digilentinc.com_ip_MIPI_D_PHY_RX_1.3::post_propagate Line 6
INFO: [digilentinc.com:ip:MIPI_CSI_2_RX:1.2-17] /MIPI_CSI_2_RX_0Verified that video_aclk frequency can handle RxByteClkHS frequency. AXI-Stream bandwidth 800000000 Pix/s >= PPI bandwidth 40000000.0 Pix/s
WARNING: [BD 41-927] Following properties on pin /rgb2dvi_0/PixelClk have been updated from connected ip. They may not be synchronized with cell properties. You can set property on pin directly to confirm the value and resolve the warning.
	CLK_DOMAIN=/clk_wiz_0_clk_out1 
WARNING: [BD 41-927] Following properties on pin /AXI_BayerToRGB_0/StreamClk have been updated from connected ip. They may not be synchronized with cell properties. You can set property on pin directly to confirm the value and resolve the warning.
	CLK_DOMAIN=hdmi_inout_bd_processing_system7_0_0_FCLK_CLK0 
CRITICAL WARNING: [BD 41-759] The input pins (listed below) are either not connected or do not have a source port, and they don't have a tie-off specified. These pins are tied-off to all 0's to avoid error in Implementation flow.
Please check your design and connect them as needed: 
/MIPI_D_PHY_RX_0/aRst
/AXI_BayerToRGB_0/sStreamReset_n

Wrote  : <C:\Users\DELL\Desktop\BETSS\hdmi_inout_po_konsultacji\hdmi_inout\hdmi_inout.srcs\sources_1\bd\hdmi_inout_bd\hdmi_inout_bd.bd> 
CRITICAL WARNING: [BD 41-1228] Width mismatch when connecting input pin '/rgb2dvi_0/vid_pData'(24) to net 'AXI_BayerToRGB_0_m_axis_video_tdata'(32) - Only lower order bits will be connected, and other input bits of this pin will be left unconnected.
VHDL Output written to : C:/Users/DELL/Desktop/BETSS/hdmi_inout_po_konsultacji/hdmi_inout/hdmi_inout.srcs/sources_1/bd/hdmi_inout_bd/synth/hdmi_inout_bd.v
CRITICAL WARNING: [BD 41-1228] Width mismatch when connecting input pin '/rgb2dvi_0/vid_pData'(24) to net 'AXI_BayerToRGB_0_m_axis_video_tdata'(32) - Only lower order bits will be connected, and other input bits of this pin will be left unconnected.
VHDL Output written to : C:/Users/DELL/Desktop/BETSS/hdmi_inout_po_konsultacji/hdmi_inout/hdmi_inout.srcs/sources_1/bd/hdmi_inout_bd/sim/hdmi_inout_bd.v
VHDL Output written to : C:/Users/DELL/Desktop/BETSS/hdmi_inout_po_konsultacji/hdmi_inout/hdmi_inout.srcs/sources_1/bd/hdmi_inout_bd/hdl/hdmi_inout_bd_wrapper.v
ERROR: [Common 17-39] 'make_wrapper' failed due to earlier errors.
make_wrapper -files [get_files C:/Users/DELL/Desktop/BETSS/hdmi_inout_po_konsultacji/hdmi_inout/hdmi_inout.srcs/sources_1/bd/hdmi_inout_bd/hdmi_inout_bd.bd] -top
INFO: [BD 41-1662] The design 'hdmi_inout_bd.bd' is already validated. Therefore parameter propagation will not be re-run.
CRITICAL WARNING: [BD 41-759] The input pins (listed below) are either not connected or do not have a source port, and they don't have a tie-off specified. These pins are tied-off to all 0's to avoid error in Implementation flow.
Please check your design and connect them as needed: 
/MIPI_D_PHY_RX_0/aRst
/AXI_BayerToRGB_0/sStreamReset_n

Wrote  : <C:/Users/DELL/Desktop/BETSS/hdmi_inout_po_konsultacji/hdmi_inout/hdmi_inout.srcs/sources_1/bd/hdmi_inout_bd/ui/bd_5df05ddf.ui> 
CRITICAL WARNING: [BD 41-1228] Width mismatch when connecting input pin '/rgb2dvi_0/vid_pData'(24) to net 'AXI_BayerToRGB_0_m_axis_video_tdata'(32) - Only lower order bits will be connected, and other input bits of this pin will be left unconnected.
VHDL Output written to : C:/Users/DELL/Desktop/BETSS/hdmi_inout_po_konsultacji/hdmi_inout/hdmi_inout.srcs/sources_1/bd/hdmi_inout_bd/synth/hdmi_inout_bd.v
CRITICAL WARNING: [BD 41-1228] Width mismatch when connecting input pin '/rgb2dvi_0/vid_pData'(24) to net 'AXI_BayerToRGB_0_m_axis_video_tdata'(32) - Only lower order bits will be connected, and other input bits of this pin will be left unconnected.
VHDL Output written to : C:/Users/DELL/Desktop/BETSS/hdmi_inout_po_konsultacji/hdmi_inout/hdmi_inout.srcs/sources_1/bd/hdmi_inout_bd/sim/hdmi_inout_bd.v
VHDL Output written to : C:/Users/DELL/Desktop/BETSS/hdmi_inout_po_konsultacji/hdmi_inout/hdmi_inout.srcs/sources_1/bd/hdmi_inout_bd/hdl/hdmi_inout_bd_wrapper.v
delete_bd_objs [get_bd_nets reset_rtl_1]
connect_bd_net [get_bd_ports reset_rtl] [get_bd_pins MIPI_D_PHY_RX_0/aRst]
save_bd_design
Wrote  : <C:\Users\DELL\Desktop\BETSS\hdmi_inout_po_konsultacji\hdmi_inout\hdmi_inout.srcs\sources_1\bd\hdmi_inout_bd\hdmi_inout_bd.bd> 
Wrote  : <C:/Users/DELL/Desktop/BETSS/hdmi_inout_po_konsultacji/hdmi_inout/hdmi_inout.srcs/sources_1/bd/hdmi_inout_bd/ui/bd_5df05ddf.ui> 
exit
INFO: [Common 17-206] Exiting Vivado at Thu May  5 10:34:23 2022...
