#-----------------------------------------------------------
# Vivado v2019.1 (64-bit)
# SW Build 2552052 on Fri May 24 14:49:42 MDT 2019
# IP Build 2548770 on Fri May 24 18:01:18 MDT 2019
# Start of session at: Sun May 15 19:42:59 2022
# Process ID: 11480
# Current directory: C:/Users/DELL/Desktop/repoBETSS/MTM_SDUP_project/BETSS
# Command line: vivado.exe -gui_launcher_event rodinguilauncherevent18272 C:\Users\DELL\Desktop\repoBETSS\MTM_SDUP_project\BETSS\hdmi_inout.xpr
# Log file: C:/Users/DELL/Desktop/repoBETSS/MTM_SDUP_project/BETSS/vivado.log
# Journal file: C:/Users/DELL/Desktop/repoBETSS/MTM_SDUP_project/BETSS\vivado.jou
#-----------------------------------------------------------
start_gui
open_project C:/Users/DELL/Desktop/repoBETSS/MTM_SDUP_project/BETSS/hdmi_inout.xpr
INFO: [Project 1-313] Project file moved from 'C:/Users/DELL/Desktop/BETSS/hdmi_inout_po_konsultacji/hdmi_inout' since last save.
Scanning sources...
Finished scanning sources
INFO: [IP_Flow 19-234] Refreshing IP repositories
INFO: [IP_Flow 19-1700] Loaded user IP repository 'c:/Users/DELL/Desktop/vivado_ip_blocks/vivado-library'.
INFO: [IP_Flow 19-2313] Loaded Vivado IP repository 'C:/Xilinx/Vivado/2019.1/data/ip'.
open_project: Time (s): cpu = 00:00:22 ; elapsed = 00:00:19 . Memory (MB): peak = 980.184 ; gain = 91.984
update_compile_order -fileset sources_1
open_bd_design {C:/Users/DELL/Desktop/repoBETSS/MTM_SDUP_project/BETSS/hdmi_inout.srcs/sources_1/bd/hdmi_inout_bd/hdmi_inout_bd.bd}
Adding component instance block -- digilentinc.com:ip:dvi2rgb:2.0 - dvi2rgb_0
Adding component instance block -- digilentinc.com:ip:rgb2dvi:1.4 - rgb2dvi_0
Adding component instance block -- xilinx.com:ip:clk_wiz:6.0 - clk_wiz_0
Adding component instance block -- xilinx.com:ip:xlconstant:1.1 - xlconstant_0
WARNING: [BD 41-1731] Type mismatch between connected pins: /reset_rtl(rst) and /dvi2rgb_0/aRst(undef)
Successfully read diagram <hdmi_inout_bd> from BD file <C:/Users/DELL/Desktop/repoBETSS/MTM_SDUP_project/BETSS/hdmi_inout.srcs/sources_1/bd/hdmi_inout_bd/hdmi_inout_bd.bd>
open_bd_design: Time (s): cpu = 00:00:07 ; elapsed = 00:00:08 . Memory (MB): peak = 1032.656 ; gain = 0.000
make_wrapper -files [get_files C:/Users/DELL/Desktop/repoBETSS/MTM_SDUP_project/BETSS/hdmi_inout.srcs/sources_1/bd/hdmi_inout_bd/hdmi_inout_bd.bd] -top
reset_run impl_1 -prev_step 
launch_runs impl_1 -to_step write_bitstream -jobs 6
[Sun May 15 19:51:12 2022] Launched impl_1...
Run output will be captured here: C:/Users/DELL/Desktop/repoBETSS/MTM_SDUP_project/BETSS/hdmi_inout.runs/impl_1/runme.log
open_hw
connect_hw_server
INFO: [Labtools 27-2285] Connecting to hw_server url TCP:localhost:3121
INFO: [Labtools 27-2222] Launching hw_server...
INFO: [Labtools 27-2221] Launch Output:

****** Xilinx hw_server v2019.1
  **** Build date : May 24 2019 at 15:13:31
    ** Copyright 1986-2019 Xilinx, Inc. All Rights Reserved.


open_hw_target
INFO: [Labtoolstcl 44-466] Opening hw_target localhost:3121/xilinx_tcf/Digilent/210351B04B86A
open_hw_target: Time (s): cpu = 00:00:05 ; elapsed = 00:00:07 . Memory (MB): peak = 2209.316 ; gain = 1111.168
set_property PROGRAM.FILE {C:/Users/DELL/Desktop/repoBETSS/MTM_SDUP_project/BETSS/hdmi_inout.runs/impl_1/hdmi_inout_bd_wrapper.bit} [get_hw_devices xc7z020_1]
current_hw_device [get_hw_devices xc7z020_1]
refresh_hw_device -update_hw_probes false [lindex [get_hw_devices xc7z020_1] 0]
INFO: [Labtools 27-1435] Device xc7z020 (JTAG device index = 1) is not programmed (DONE status = 0).
set_property PROBES.FILE {} [get_hw_devices xc7z020_1]
set_property FULL_PROBES.FILE {} [get_hw_devices xc7z020_1]
set_property PROGRAM.FILE {C:/Users/DELL/Desktop/repoBETSS/MTM_SDUP_project/BETSS/hdmi_inout.runs/impl_1/hdmi_inout_bd_wrapper.bit} [get_hw_devices xc7z020_1]
program_hw_devices [get_hw_devices xc7z020_1]
INFO: [Labtools 27-3164] End of startup status: HIGH
refresh_hw_device [lindex [get_hw_devices xc7z020_1] 0]
INFO: [Labtools 27-1434] Device xc7z020 (JTAG device index = 1) is programmed with a design that has no supported debug core(s) in it.
ERROR: [Labtoolstcl 44-513] HW Target shutdown. Closing target: localhost:3121/xilinx_tcf/Digilent/210351B04B86A
close_hw
exit
INFO: [Common 17-206] Exiting Vivado at Sun May 15 20:05:39 2022...
