
*** Running vivado
    with args -log hdmi_inout_bd_dvi2rgb_0_1.vds -m64 -product Vivado -mode batch -messageDb vivado.pb -notrace -source hdmi_inout_bd_dvi2rgb_0_1.tcl


****** Vivado v2019.1 (64-bit)
  **** SW Build 2552052 on Fri May 24 14:49:42 MDT 2019
  **** IP Build 2548770 on Fri May 24 18:01:18 MDT 2019
    ** Copyright 1986-2019 Xilinx, Inc. All Rights Reserved.

source hdmi_inout_bd_dvi2rgb_0_1.tcl -notrace
INFO: [IP_Flow 19-234] Refreshing IP repositories
INFO: [IP_Flow 19-1700] Loaded user IP repository 'c:/Users/DELL/Desktop/test/MTM_SDUP_project/BETSS/hdmi_inout.ip_user_files/vivado-library'.
INFO: [IP_Flow 19-2313] Loaded Vivado IP repository 'C:/Xilinx/Vivado/2019.1/data/ip'.
Command: synth_design -top hdmi_inout_bd_dvi2rgb_0_1 -part xc7z020clg400-1 -mode out_of_context
Starting synth_design
Attempting to get a license for feature 'Synthesis' and/or device 'xc7z020'
INFO: [Common 17-349] Got license for feature 'Synthesis' and/or device 'xc7z020'
INFO: [Device 21-403] Loading part xc7z020clg400-1
INFO: Launching helper process for spawning children vivado processes
INFO: Helper process launched with PID 17536 
---------------------------------------------------------------------------------
Starting RTL Elaboration : Time (s): cpu = 00:00:29 ; elapsed = 00:00:34 . Memory (MB): peak = 818.023 ; gain = 193.602
---------------------------------------------------------------------------------
WARNING: [Synth 8-1565] actual for formal port arst is neither a static name nor a globally static expression [c:/Users/DELL/Desktop/test/MTM_SDUP_project/BETSS/hdmi_inout.srcs/sources_1/bd/hdmi_inout_bd/ipshared/f99d/src/TMDS_Clocking.vhd:135]
WARNING: [Synth 8-1565] actual for formal port arst is neither a static name nor a globally static expression [c:/Users/DELL/Desktop/test/MTM_SDUP_project/BETSS/hdmi_inout.srcs/sources_1/bd/hdmi_inout_bd/ipshared/f99d/src/dvi2rgb.vhd:212]
WARNING: [Synth 8-1565] actual for formal port potherchrdy is neither a static name nor a globally static expression [c:/Users/DELL/Desktop/test/MTM_SDUP_project/BETSS/hdmi_inout.srcs/sources_1/bd/hdmi_inout_bd/ipshared/f99d/src/dvi2rgb.vhd:244]
WARNING: [Synth 8-1565] actual for formal port potherchvld is neither a static name nor a globally static expression [c:/Users/DELL/Desktop/test/MTM_SDUP_project/BETSS/hdmi_inout.srcs/sources_1/bd/hdmi_inout_bd/ipshared/f99d/src/dvi2rgb.vhd:245]
INFO: [Synth 8-638] synthesizing module 'hdmi_inout_bd_dvi2rgb_0_1' [c:/Users/DELL/Desktop/test/MTM_SDUP_project/BETSS/hdmi_inout.srcs/sources_1/bd/hdmi_inout_bd/ip/hdmi_inout_bd_dvi2rgb_0_1/synth/hdmi_inout_bd_dvi2rgb_0_1.vhd:81]
	Parameter kEmulateDDC bound to: 1 - type: bool 
	Parameter kRstActiveHigh bound to: 1 - type: bool 
	Parameter kClkRange bound to: 2 - type: integer 
	Parameter kIDLY_TapValuePs bound to: 78 - type: integer 
	Parameter kIDLY_TapWidth bound to: 5 - type: integer 
	Parameter kAddBUFG bound to: 1 - type: bool 
	Parameter kEdidFileName bound to: dgl_720p_cea.data - type: string 
	Parameter kDebug bound to: 0 - type: bool 
INFO: [Synth 8-3491] module 'dvi2rgb' declared at 'c:/Users/DELL/Desktop/test/MTM_SDUP_project/BETSS/hdmi_inout.srcs/sources_1/bd/hdmi_inout_bd/ipshared/f99d/src/dvi2rgb.vhd:64' bound to instance 'U0' of component 'dvi2rgb' [c:/Users/DELL/Desktop/test/MTM_SDUP_project/BETSS/hdmi_inout.srcs/sources_1/bd/hdmi_inout_bd/ip/hdmi_inout_bd_dvi2rgb_0_1/synth/hdmi_inout_bd_dvi2rgb_0_1.vhd:149]
INFO: [Synth 8-638] synthesizing module 'dvi2rgb' [c:/Users/DELL/Desktop/test/MTM_SDUP_project/BETSS/hdmi_inout.srcs/sources_1/bd/hdmi_inout_bd/ipshared/f99d/src/dvi2rgb.vhd:112]
	Parameter kEmulateDDC bound to: 1 - type: bool 
	Parameter kRstActiveHigh bound to: 1 - type: bool 
	Parameter kAddBUFG bound to: 1 - type: bool 
	Parameter kClkRange bound to: 2 - type: integer 
	Parameter kEdidFileName bound to: dgl_720p_cea.data - type: string 
	Parameter kDebug bound to: 0 - type: bool 
	Parameter kIDLY_TapValuePs bound to: 78 - type: integer 
	Parameter kIDLY_TapWidth bound to: 5 - type: integer 
INFO: [Synth 8-638] synthesizing module 'TMDS_Clocking' [c:/Users/DELL/Desktop/test/MTM_SDUP_project/BETSS/hdmi_inout.srcs/sources_1/bd/hdmi_inout_bd/ipshared/f99d/src/TMDS_Clocking.vhd:82]
	Parameter kClkRange bound to: 2 - type: integer 
INFO: [Synth 8-638] synthesizing module 'ResetBridge' [c:/Users/DELL/Desktop/test/MTM_SDUP_project/BETSS/hdmi_inout.srcs/sources_1/bd/hdmi_inout_bd/ipshared/f99d/src/SyncAsyncReset.vhd:72]
	Parameter kPolarity bound to: 1'b1 
INFO: [Synth 8-5534] Detected attribute (* keep = "TRUE" *) [c:/Users/DELL/Desktop/test/MTM_SDUP_project/BETSS/hdmi_inout.srcs/sources_1/bd/hdmi_inout_bd/ipshared/f99d/src/SyncAsyncReset.vhd:73]
INFO: [Synth 8-638] synthesizing module 'SyncAsync' [c:/Users/DELL/Desktop/test/MTM_SDUP_project/BETSS/hdmi_inout.srcs/sources_1/bd/hdmi_inout_bd/ipshared/f99d/src/SyncAsync.vhd:72]
	Parameter kResetTo bound to: 1'b1 
	Parameter kStages bound to: 2 - type: integer 
INFO: [Synth 8-5534] Detected attribute (* async_reg = "TRUE" *) [c:/Users/DELL/Desktop/test/MTM_SDUP_project/BETSS/hdmi_inout.srcs/sources_1/bd/hdmi_inout_bd/ipshared/f99d/src/SyncAsync.vhd:73]
INFO: [Synth 8-256] done synthesizing module 'SyncAsync' (1#1) [c:/Users/DELL/Desktop/test/MTM_SDUP_project/BETSS/hdmi_inout.srcs/sources_1/bd/hdmi_inout_bd/ipshared/f99d/src/SyncAsync.vhd:72]
INFO: [Synth 8-256] done synthesizing module 'ResetBridge' (2#1) [c:/Users/DELL/Desktop/test/MTM_SDUP_project/BETSS/hdmi_inout.srcs/sources_1/bd/hdmi_inout_bd/ipshared/f99d/src/SyncAsyncReset.vhd:72]
	Parameter SIM_DEVICE bound to: 7SERIES - type: string 
INFO: [Synth 8-113] binding component instance 'IDelayCtrlX' to cell 'IDELAYCTRL' [c:/Users/DELL/Desktop/test/MTM_SDUP_project/BETSS/hdmi_inout.srcs/sources_1/bd/hdmi_inout_bd/ipshared/f99d/src/TMDS_Clocking.vhd:125]
	Parameter CAPACITANCE bound to: DONT_CARE - type: string 
	Parameter DIFF_TERM bound to: 0 - type: bool 
	Parameter DQS_BIAS bound to: FALSE - type: string 
	Parameter IBUF_DELAY_VALUE bound to: 0 - type: string 
	Parameter IBUF_LOW_PWR bound to: 1 - type: bool 
	Parameter IFD_DELAY_VALUE bound to: AUTO - type: string 
	Parameter IOSTANDARD bound to: TMDS_33 - type: string 
INFO: [Synth 8-113] binding component instance 'InputBuffer' to cell 'IBUFDS' [c:/Users/DELL/Desktop/test/MTM_SDUP_project/BETSS/hdmi_inout.srcs/sources_1/bd/hdmi_inout_bd/ipshared/f99d/src/TMDS_Clocking.vhd:139]
	Parameter BANDWIDTH bound to: OPTIMIZED - type: string 
	Parameter CLKFBOUT_MULT_F bound to: 10.000000 - type: float 
	Parameter CLKFBOUT_PHASE bound to: 0.000000 - type: float 
	Parameter CLKFBOUT_USE_FINE_PS bound to: 0 - type: bool 
	Parameter CLKIN1_PERIOD bound to: 12.000000 - type: float 
	Parameter CLKIN2_PERIOD bound to: 0.000000 - type: float 
	Parameter CLKOUT0_DIVIDE_F bound to: 2.000000 - type: float 
	Parameter CLKOUT0_DUTY_CYCLE bound to: 0.500000 - type: float 
	Parameter CLKOUT0_PHASE bound to: 0.000000 - type: float 
	Parameter CLKOUT0_USE_FINE_PS bound to: 0 - type: bool 
	Parameter CLKOUT1_DIVIDE bound to: 1 - type: integer 
	Parameter CLKOUT1_DUTY_CYCLE bound to: 0.500000 - type: float 
	Parameter CLKOUT1_PHASE bound to: 0.000000 - type: float 
	Parameter CLKOUT1_USE_FINE_PS bound to: 0 - type: bool 
	Parameter CLKOUT2_DIVIDE bound to: 1 - type: integer 
	Parameter CLKOUT2_DUTY_CYCLE bound to: 0.500000 - type: float 
	Parameter CLKOUT2_PHASE bound to: 0.000000 - type: float 
	Parameter CLKOUT2_USE_FINE_PS bound to: 0 - type: bool 
	Parameter CLKOUT3_DIVIDE bound to: 1 - type: integer 
	Parameter CLKOUT3_DUTY_CYCLE bound to: 0.500000 - type: float 
	Parameter CLKOUT3_PHASE bound to: 0.000000 - type: float 
	Parameter CLKOUT3_USE_FINE_PS bound to: 0 - type: bool 
	Parameter CLKOUT4_CASCADE bound to: 0 - type: bool 
	Parameter CLKOUT4_DIVIDE bound to: 1 - type: integer 
	Parameter CLKOUT4_DUTY_CYCLE bound to: 0.500000 - type: float 
	Parameter CLKOUT4_PHASE bound to: 0.000000 - type: float 
	Parameter CLKOUT4_USE_FINE_PS bound to: 0 - type: bool 
	Parameter CLKOUT5_DIVIDE bound to: 1 - type: integer 
	Parameter CLKOUT5_DUTY_CYCLE bound to: 0.500000 - type: float 
	Parameter CLKOUT5_PHASE bound to: 0.000000 - type: float 
	Parameter CLKOUT5_USE_FINE_PS bound to: 0 - type: bool 
	Parameter CLKOUT6_DIVIDE bound to: 1 - type: integer 
	Parameter CLKOUT6_DUTY_CYCLE bound to: 0.500000 - type: float 
	Parameter CLKOUT6_PHASE bound to: 0.000000 - type: float 
	Parameter CLKOUT6_USE_FINE_PS bound to: 0 - type: bool 
	Parameter COMPENSATION bound to: ZHOLD - type: string 
	Parameter DIVCLK_DIVIDE bound to: 1 - type: integer 
	Parameter IS_CLKINSEL_INVERTED bound to: 1'b0 
	Parameter IS_PSEN_INVERTED bound to: 1'b0 
	Parameter IS_PSINCDEC_INVERTED bound to: 1'b0 
	Parameter IS_PWRDWN_INVERTED bound to: 1'b0 
	Parameter IS_RST_INVERTED bound to: 1'b0 
	Parameter REF_JITTER1 bound to: 0.010000 - type: float 
	Parameter REF_JITTER2 bound to: 0.000000 - type: float 
	Parameter SS_EN bound to: FALSE - type: string 
	Parameter SS_MODE bound to: CENTER_HIGH - type: string 
	Parameter SS_MOD_PERIOD bound to: 10000 - type: integer 
	Parameter STARTUP_WAIT bound to: 0 - type: bool 
INFO: [Synth 8-113] binding component instance 'DVI_ClkGenerator' to cell 'MMCME2_ADV' [c:/Users/DELL/Desktop/test/MTM_SDUP_project/BETSS/hdmi_inout.srcs/sources_1/bd/hdmi_inout_bd/ipshared/f99d/src/TMDS_Clocking.vhd:180]
INFO: [Synth 8-113] binding component instance 'SerialClkBuffer' to cell 'BUFIO' [c:/Users/DELL/Desktop/test/MTM_SDUP_project/BETSS/hdmi_inout.srcs/sources_1/bd/hdmi_inout_bd/ipshared/f99d/src/TMDS_Clocking.vhd:239]
	Parameter BUFR_DIVIDE bound to: 5 - type: string 
	Parameter SIM_DEVICE bound to: 7SERIES - type: string 
INFO: [Synth 8-113] binding component instance 'PixelClkBuffer' to cell 'BUFR' [c:/Users/DELL/Desktop/test/MTM_SDUP_project/BETSS/hdmi_inout.srcs/sources_1/bd/hdmi_inout_bd/ipshared/f99d/src/TMDS_Clocking.vhd:245]
INFO: [Synth 8-638] synthesizing module 'SyncAsync__parameterized0' [c:/Users/DELL/Desktop/test/MTM_SDUP_project/BETSS/hdmi_inout.srcs/sources_1/bd/hdmi_inout_bd/ipshared/f99d/src/SyncAsync.vhd:72]
	Parameter kResetTo bound to: 1'b0 
	Parameter kStages bound to: 2 - type: integer 
INFO: [Synth 8-256] done synthesizing module 'SyncAsync__parameterized0' (2#1) [c:/Users/DELL/Desktop/test/MTM_SDUP_project/BETSS/hdmi_inout.srcs/sources_1/bd/hdmi_inout_bd/ipshared/f99d/src/SyncAsync.vhd:72]
INFO: [Synth 8-256] done synthesizing module 'TMDS_Clocking' (3#1) [c:/Users/DELL/Desktop/test/MTM_SDUP_project/BETSS/hdmi_inout.srcs/sources_1/bd/hdmi_inout_bd/ipshared/f99d/src/TMDS_Clocking.vhd:82]
INFO: [Synth 8-638] synthesizing module 'ResetBridge__parameterized0' [c:/Users/DELL/Desktop/test/MTM_SDUP_project/BETSS/hdmi_inout.srcs/sources_1/bd/hdmi_inout_bd/ipshared/f99d/src/SyncAsyncReset.vhd:72]
	Parameter kPolarity bound to: 1'b0 
INFO: [Synth 8-638] synthesizing module 'SyncAsync__parameterized1' [c:/Users/DELL/Desktop/test/MTM_SDUP_project/BETSS/hdmi_inout.srcs/sources_1/bd/hdmi_inout_bd/ipshared/f99d/src/SyncAsync.vhd:72]
	Parameter kResetTo bound to: 1'b0 
	Parameter kStages bound to: 2 - type: integer 
INFO: [Synth 8-256] done synthesizing module 'SyncAsync__parameterized1' (3#1) [c:/Users/DELL/Desktop/test/MTM_SDUP_project/BETSS/hdmi_inout.srcs/sources_1/bd/hdmi_inout_bd/ipshared/f99d/src/SyncAsync.vhd:72]
INFO: [Synth 8-256] done synthesizing module 'ResetBridge__parameterized0' (3#1) [c:/Users/DELL/Desktop/test/MTM_SDUP_project/BETSS/hdmi_inout.srcs/sources_1/bd/hdmi_inout_bd/ipshared/f99d/src/SyncAsyncReset.vhd:72]
INFO: [Synth 8-638] synthesizing module 'TMDS_Decoder' [c:/Users/DELL/Desktop/test/MTM_SDUP_project/BETSS/hdmi_inout.srcs/sources_1/bd/hdmi_inout_bd/ipshared/f99d/src/TMDS_Decoder.vhd:98]
	Parameter kCtlTknCount bound to: 128 - type: integer 
	Parameter kTimeoutMs bound to: 50 - type: integer 
	Parameter kRefClkFrqMHz bound to: 200 - type: integer 
	Parameter kIDLY_TapValuePs bound to: 78 - type: integer 
	Parameter kIDLY_TapWidth bound to: 5 - type: integer 
INFO: [Synth 8-638] synthesizing module 'InputSERDES' [c:/Users/DELL/Desktop/test/MTM_SDUP_project/BETSS/hdmi_inout.srcs/sources_1/bd/hdmi_inout_bd/ipshared/f99d/src/InputSERDES.vhd:85]
	Parameter kIDLY_TapWidth bound to: 5 - type: integer 
	Parameter kParallelWidth bound to: 10 - type: integer 
	Parameter CAPACITANCE bound to: DONT_CARE - type: string 
	Parameter DIFF_TERM bound to: 0 - type: bool 
	Parameter DQS_BIAS bound to: FALSE - type: string 
	Parameter IBUF_DELAY_VALUE bound to: 0 - type: string 
	Parameter IBUF_LOW_PWR bound to: 1 - type: bool 
	Parameter IFD_DELAY_VALUE bound to: AUTO - type: string 
	Parameter IOSTANDARD bound to: TMDS_33 - type: string 
INFO: [Synth 8-113] binding component instance 'InputBuffer' to cell 'IBUFDS' [c:/Users/DELL/Desktop/test/MTM_SDUP_project/BETSS/hdmi_inout.srcs/sources_1/bd/hdmi_inout_bd/ipshared/f99d/src/InputSERDES.vhd:92]
	Parameter CINVCTRL_SEL bound to: FALSE - type: string 
	Parameter DELAY_SRC bound to: IDATAIN - type: string 
	Parameter HIGH_PERFORMANCE_MODE bound to: TRUE - type: string 
	Parameter IDELAY_TYPE bound to: VARIABLE - type: string 
	Parameter IDELAY_VALUE bound to: 0 - type: integer 
	Parameter IS_C_INVERTED bound to: 1'b0 
	Parameter IS_DATAIN_INVERTED bound to: 1'b0 
	Parameter IS_IDATAIN_INVERTED bound to: 1'b0 
	Parameter PIPE_SEL bound to: FALSE - type: string 
	Parameter REFCLK_FREQUENCY bound to: 200.000000 - type: float 
	Parameter SIGNAL_PATTERN bound to: DATA - type: string 
INFO: [Synth 8-113] binding component instance 'InputDelay' to cell 'IDELAYE2' [c:/Users/DELL/Desktop/test/MTM_SDUP_project/BETSS/hdmi_inout.srcs/sources_1/bd/hdmi_inout_bd/ipshared/f99d/src/InputSERDES.vhd:102]
	Parameter DATA_RATE bound to: DDR - type: string 
	Parameter DATA_WIDTH bound to: 10 - type: integer 
	Parameter DYN_CLKDIV_INV_EN bound to: FALSE - type: string 
	Parameter DYN_CLK_INV_EN bound to: FALSE - type: string 
	Parameter INIT_Q1 bound to: 1'b0 
	Parameter INIT_Q2 bound to: 1'b0 
	Parameter INIT_Q3 bound to: 1'b0 
	Parameter INIT_Q4 bound to: 1'b0 
	Parameter INTERFACE_TYPE bound to: NETWORKING - type: string 
	Parameter IOBDELAY bound to: IFD - type: string 
	Parameter IS_CLKB_INVERTED bound to: 1'b0 
	Parameter IS_CLKDIVP_INVERTED bound to: 1'b0 
	Parameter IS_CLKDIV_INVERTED bound to: 1'b0 
	Parameter IS_CLK_INVERTED bound to: 1'b0 
	Parameter IS_D_INVERTED bound to: 1'b0 
	Parameter IS_OCLKB_INVERTED bound to: 1'b0 
	Parameter IS_OCLK_INVERTED bound to: 1'b0 
	Parameter NUM_CE bound to: 2 - type: integer 
	Parameter OFB_USED bound to: FALSE - type: string 
	Parameter SERDES_MODE bound to: MASTER - type: string 
	Parameter SRVAL_Q1 bound to: 1'b0 
	Parameter SRVAL_Q2 bound to: 1'b0 
	Parameter SRVAL_Q3 bound to: 1'b0 
	Parameter SRVAL_Q4 bound to: 1'b0 
INFO: [Synth 8-113] binding component instance 'DeserializerMaster' to cell 'ISERDESE2' [c:/Users/DELL/Desktop/test/MTM_SDUP_project/BETSS/hdmi_inout.srcs/sources_1/bd/hdmi_inout_bd/ipshared/f99d/src/InputSERDES.vhd:130]
	Parameter DATA_RATE bound to: DDR - type: string 
	Parameter DATA_WIDTH bound to: 10 - type: integer 
	Parameter DYN_CLKDIV_INV_EN bound to: FALSE - type: string 
	Parameter DYN_CLK_INV_EN bound to: FALSE - type: string 
	Parameter INIT_Q1 bound to: 1'b0 
	Parameter INIT_Q2 bound to: 1'b0 
	Parameter INIT_Q3 bound to: 1'b0 
	Parameter INIT_Q4 bound to: 1'b0 
	Parameter INTERFACE_TYPE bound to: NETWORKING - type: string 
	Parameter IOBDELAY bound to: IFD - type: string 
	Parameter IS_CLKB_INVERTED bound to: 1'b0 
	Parameter IS_CLKDIVP_INVERTED bound to: 1'b0 
	Parameter IS_CLKDIV_INVERTED bound to: 1'b0 
	Parameter IS_CLK_INVERTED bound to: 1'b0 
	Parameter IS_D_INVERTED bound to: 1'b0 
	Parameter IS_OCLKB_INVERTED bound to: 1'b0 
	Parameter IS_OCLK_INVERTED bound to: 1'b0 
	Parameter NUM_CE bound to: 2 - type: integer 
	Parameter OFB_USED bound to: FALSE - type: string 
	Parameter SERDES_MODE bound to: SLAVE - type: string 
	Parameter SRVAL_Q1 bound to: 1'b0 
	Parameter SRVAL_Q2 bound to: 1'b0 
	Parameter SRVAL_Q3 bound to: 1'b0 
	Parameter SRVAL_Q4 bound to: 1'b0 
INFO: [Synth 8-113] binding component instance 'DeserializerSlave' to cell 'ISERDESE2' [c:/Users/DELL/Desktop/test/MTM_SDUP_project/BETSS/hdmi_inout.srcs/sources_1/bd/hdmi_inout_bd/ipshared/f99d/src/InputSERDES.vhd:172]
INFO: [Synth 8-256] done synthesizing module 'InputSERDES' (4#1) [c:/Users/DELL/Desktop/test/MTM_SDUP_project/BETSS/hdmi_inout.srcs/sources_1/bd/hdmi_inout_bd/ipshared/f99d/src/InputSERDES.vhd:85]
INFO: [Synth 8-638] synthesizing module 'SyncBase' [c:/Users/DELL/Desktop/test/MTM_SDUP_project/BETSS/hdmi_inout.srcs/sources_1/bd/hdmi_inout_bd/ipshared/f99d/src/SyncBase.vhd:74]
	Parameter kResetTo bound to: 1'b0 
	Parameter kStages bound to: 2 - type: integer 
INFO: [Synth 8-256] done synthesizing module 'SyncBase' (5#1) [c:/Users/DELL/Desktop/test/MTM_SDUP_project/BETSS/hdmi_inout.srcs/sources_1/bd/hdmi_inout_bd/ipshared/f99d/src/SyncBase.vhd:74]
INFO: [Synth 8-638] synthesizing module 'SyncBase__parameterized0' [c:/Users/DELL/Desktop/test/MTM_SDUP_project/BETSS/hdmi_inout.srcs/sources_1/bd/hdmi_inout_bd/ipshared/f99d/src/SyncBase.vhd:74]
	Parameter kResetTo bound to: 1'b1 
	Parameter kStages bound to: 2 - type: integer 
INFO: [Synth 8-256] done synthesizing module 'SyncBase__parameterized0' (5#1) [c:/Users/DELL/Desktop/test/MTM_SDUP_project/BETSS/hdmi_inout.srcs/sources_1/bd/hdmi_inout_bd/ipshared/f99d/src/SyncBase.vhd:74]
INFO: [Synth 8-638] synthesizing module 'PhaseAlign' [c:/Users/DELL/Desktop/test/MTM_SDUP_project/BETSS/hdmi_inout.srcs/sources_1/bd/hdmi_inout_bd/ipshared/f99d/src/PhaseAlign.vhd:95]
	Parameter kUseFastAlgorithm bound to: 0 - type: bool 
	Parameter kCtlTknCount bound to: 128 - type: integer 
	Parameter kIDLY_TapValuePs bound to: 78 - type: integer 
	Parameter kIDLY_TapWidth bound to: 5 - type: integer 
WARNING: [Synth 8-6014] Unused sequential element pTkn0FlagQ_reg was removed.  [c:/Users/DELL/Desktop/test/MTM_SDUP_project/BETSS/hdmi_inout.srcs/sources_1/bd/hdmi_inout_bd/ipshared/f99d/src/PhaseAlign.vhd:172]
WARNING: [Synth 8-6014] Unused sequential element pTkn1FlagQ_reg was removed.  [c:/Users/DELL/Desktop/test/MTM_SDUP_project/BETSS/hdmi_inout.srcs/sources_1/bd/hdmi_inout_bd/ipshared/f99d/src/PhaseAlign.vhd:173]
WARNING: [Synth 8-6014] Unused sequential element pTkn2FlagQ_reg was removed.  [c:/Users/DELL/Desktop/test/MTM_SDUP_project/BETSS/hdmi_inout.srcs/sources_1/bd/hdmi_inout_bd/ipshared/f99d/src/PhaseAlign.vhd:174]
WARNING: [Synth 8-6014] Unused sequential element pTkn3FlagQ_reg was removed.  [c:/Users/DELL/Desktop/test/MTM_SDUP_project/BETSS/hdmi_inout.srcs/sources_1/bd/hdmi_inout_bd/ipshared/f99d/src/PhaseAlign.vhd:175]
WARNING: [Synth 8-6014] Unused sequential element pDelayFastOvf_reg was removed.  [c:/Users/DELL/Desktop/test/MTM_SDUP_project/BETSS/hdmi_inout.srcs/sources_1/bd/hdmi_inout_bd/ipshared/f99d/src/PhaseAlign.vhd:209]
INFO: [Synth 8-256] done synthesizing module 'PhaseAlign' (6#1) [c:/Users/DELL/Desktop/test/MTM_SDUP_project/BETSS/hdmi_inout.srcs/sources_1/bd/hdmi_inout_bd/ipshared/f99d/src/PhaseAlign.vhd:95]
INFO: [Synth 8-638] synthesizing module 'ChannelBond' [c:/Users/DELL/Desktop/test/MTM_SDUP_project/BETSS/hdmi_inout.srcs/sources_1/bd/hdmi_inout_bd/ipshared/f99d/src/ChannelBond.vhd:74]
INFO: [Synth 8-256] done synthesizing module 'ChannelBond' (7#1) [c:/Users/DELL/Desktop/test/MTM_SDUP_project/BETSS/hdmi_inout.srcs/sources_1/bd/hdmi_inout_bd/ipshared/f99d/src/ChannelBond.vhd:74]
INFO: [Synth 8-256] done synthesizing module 'TMDS_Decoder' (8#1) [c:/Users/DELL/Desktop/test/MTM_SDUP_project/BETSS/hdmi_inout.srcs/sources_1/bd/hdmi_inout_bd/ipshared/f99d/src/TMDS_Decoder.vhd:98]
INFO: [Synth 8-638] synthesizing module 'ResyncToBUFG' [c:/Users/DELL/Desktop/test/MTM_SDUP_project/BETSS/hdmi_inout.srcs/sources_1/bd/hdmi_inout_bd/ipshared/f99d/src/ResyncToBUFG.vhd:78]
INFO: [Synth 8-113] binding component instance 'InstBUFG' to cell 'BUFG' [c:/Users/DELL/Desktop/test/MTM_SDUP_project/BETSS/hdmi_inout.srcs/sources_1/bd/hdmi_inout_bd/ipshared/f99d/src/ResyncToBUFG.vhd:84]
INFO: [Synth 8-256] done synthesizing module 'ResyncToBUFG' (9#1) [c:/Users/DELL/Desktop/test/MTM_SDUP_project/BETSS/hdmi_inout.srcs/sources_1/bd/hdmi_inout_bd/ipshared/f99d/src/ResyncToBUFG.vhd:78]
INFO: [Synth 8-638] synthesizing module 'EEPROM_8b' [c:/Users/DELL/Desktop/test/MTM_SDUP_project/BETSS/hdmi_inout.srcs/sources_1/bd/hdmi_inout_bd/ipshared/f99d/src/EEPROM_8b.vhd:85]
	Parameter kSampleClkFreqInMHz bound to: 200 - type: integer 
	Parameter kSlaveAddress bound to: 7'b1010000 
	Parameter kAddrBits bound to: 8 - type: integer 
	Parameter kWritable bound to: 0 - type: bool 
	Parameter kInitFileName bound to: dgl_720p_cea.data - type: string 
INFO: [Synth 8-638] synthesizing module 'TWI_SlaveCtl' [c:/Users/DELL/Desktop/test/MTM_SDUP_project/BETSS/hdmi_inout.srcs/sources_1/bd/hdmi_inout_bd/ipshared/f99d/src/TWI_SlaveCtl.vhd:87]
	Parameter SLAVE_ADDRESS bound to: 8'b10100000 
	Parameter kSampleClkFreqInMHz bound to: 200 - type: integer 
INFO: [Synth 8-5534] Detected attribute (* fsm_encoding = "gray" *) [c:/Users/DELL/Desktop/test/MTM_SDUP_project/BETSS/hdmi_inout.srcs/sources_1/bd/hdmi_inout_bd/ipshared/f99d/src/TWI_SlaveCtl.vhd:92]
INFO: [Synth 8-638] synthesizing module 'GlitchFilter' [c:/Users/DELL/Desktop/test/MTM_SDUP_project/BETSS/hdmi_inout.srcs/sources_1/bd/hdmi_inout_bd/ipshared/f99d/src/GlitchFilter.vhd:69]
	Parameter kNoOfPeriodsToFilter bound to: 10 - type: integer 
INFO: [Synth 8-256] done synthesizing module 'GlitchFilter' (10#1) [c:/Users/DELL/Desktop/test/MTM_SDUP_project/BETSS/hdmi_inout.srcs/sources_1/bd/hdmi_inout_bd/ipshared/f99d/src/GlitchFilter.vhd:69]
INFO: [Synth 8-256] done synthesizing module 'TWI_SlaveCtl' (11#1) [c:/Users/DELL/Desktop/test/MTM_SDUP_project/BETSS/hdmi_inout.srcs/sources_1/bd/hdmi_inout_bd/ipshared/f99d/src/TWI_SlaveCtl.vhd:87]
INFO: [Synth 8-226] default block is never used [c:/Users/DELL/Desktop/test/MTM_SDUP_project/BETSS/hdmi_inout.srcs/sources_1/bd/hdmi_inout_bd/ipshared/f99d/src/EEPROM_8b.vhd:201]
INFO: [Synth 8-256] done synthesizing module 'EEPROM_8b' (12#1) [c:/Users/DELL/Desktop/test/MTM_SDUP_project/BETSS/hdmi_inout.srcs/sources_1/bd/hdmi_inout_bd/ipshared/f99d/src/EEPROM_8b.vhd:85]
INFO: [Synth 8-256] done synthesizing module 'dvi2rgb' (13#1) [c:/Users/DELL/Desktop/test/MTM_SDUP_project/BETSS/hdmi_inout.srcs/sources_1/bd/hdmi_inout_bd/ipshared/f99d/src/dvi2rgb.vhd:112]
INFO: [Synth 8-256] done synthesizing module 'hdmi_inout_bd_dvi2rgb_0_1' (14#1) [c:/Users/DELL/Desktop/test/MTM_SDUP_project/BETSS/hdmi_inout.srcs/sources_1/bd/hdmi_inout_bd/ip/hdmi_inout_bd_dvi2rgb_0_1/synth/hdmi_inout_bd_dvi2rgb_0_1.vhd:81]
WARNING: [Synth 8-3331] design dvi2rgb has unconnected port aRst_n
WARNING: [Synth 8-3331] design dvi2rgb has unconnected port pRst_n
---------------------------------------------------------------------------------
Finished RTL Elaboration : Time (s): cpu = 00:00:49 ; elapsed = 00:00:57 . Memory (MB): peak = 1074.500 ; gain = 450.078
---------------------------------------------------------------------------------

Report Check Netlist: 
+------+------------------+-------+---------+-------+------------------+
|      |Item              |Errors |Warnings |Status |Description       |
+------+------------------+-------+---------+-------+------------------+
|1     |multi_driven_nets |      0|        0|Passed |Multi driven nets |
+------+------------------+-------+---------+-------+------------------+
---------------------------------------------------------------------------------
Start Handling Custom Attributes
---------------------------------------------------------------------------------
---------------------------------------------------------------------------------
Finished Handling Custom Attributes : Time (s): cpu = 00:00:49 ; elapsed = 00:00:58 . Memory (MB): peak = 1074.500 ; gain = 450.078
---------------------------------------------------------------------------------
---------------------------------------------------------------------------------
Finished RTL Optimization Phase 1 : Time (s): cpu = 00:00:49 ; elapsed = 00:00:58 . Memory (MB): peak = 1074.500 ; gain = 450.078
---------------------------------------------------------------------------------
INFO: [Netlist 29-17] Analyzing 15 Unisim elements for replacement
INFO: [Netlist 29-28] Unisim Transformation completed in 0 CPU seconds
INFO: [Project 1-570] Preparing netlist for logic optimization

Processing XDC Constraints
Initializing timing engine
Parsing XDC File [c:/Users/DELL/Desktop/test/MTM_SDUP_project/BETSS/hdmi_inout.srcs/sources_1/bd/hdmi_inout_bd/ip/hdmi_inout_bd_dvi2rgb_0_1/src/dvi2rgb_ooc.xdc] for cell 'U0'
Finished Parsing XDC File [c:/Users/DELL/Desktop/test/MTM_SDUP_project/BETSS/hdmi_inout.srcs/sources_1/bd/hdmi_inout_bd/ip/hdmi_inout_bd_dvi2rgb_0_1/src/dvi2rgb_ooc.xdc] for cell 'U0'
Parsing XDC File [c:/Users/DELL/Desktop/test/MTM_SDUP_project/BETSS/hdmi_inout.srcs/sources_1/bd/hdmi_inout_bd/ip/hdmi_inout_bd_dvi2rgb_0_1/src/dvi2rgb.xdc] for cell 'U0'
Finished Parsing XDC File [c:/Users/DELL/Desktop/test/MTM_SDUP_project/BETSS/hdmi_inout.srcs/sources_1/bd/hdmi_inout_bd/ip/hdmi_inout_bd_dvi2rgb_0_1/src/dvi2rgb.xdc] for cell 'U0'
CRITICAL WARNING: [Designutils 20-1280] Could not find module 'ila_pixclk'. The XDC file c:/Users/DELL/Desktop/test/MTM_SDUP_project/BETSS/hdmi_inout.srcs/sources_1/bd/hdmi_inout_bd/ip/hdmi_inout_bd_dvi2rgb_0_1/src/ila_pixclk/ila_v6_2/constraints/ila.xdc will not be read for any cell of this module.
CRITICAL WARNING: [Designutils 20-1280] Could not find module 'ila_refclk'. The XDC file c:/Users/DELL/Desktop/test/MTM_SDUP_project/BETSS/hdmi_inout.srcs/sources_1/bd/hdmi_inout_bd/ip/hdmi_inout_bd_dvi2rgb_0_1/src/ila_refclk/ila_v6_2/constraints/ila.xdc will not be read for any cell of this module.
Parsing XDC File [C:/Users/DELL/Desktop/test/MTM_SDUP_project/BETSS/hdmi_inout.runs/hdmi_inout_bd_dvi2rgb_0_1_synth_1/dont_touch.xdc]
Finished Parsing XDC File [C:/Users/DELL/Desktop/test/MTM_SDUP_project/BETSS/hdmi_inout.runs/hdmi_inout_bd_dvi2rgb_0_1_synth_1/dont_touch.xdc]
INFO: [Project 1-236] Implementation specific constraints were found while reading constraint file [C:/Users/DELL/Desktop/test/MTM_SDUP_project/BETSS/hdmi_inout.runs/hdmi_inout_bd_dvi2rgb_0_1_synth_1/dont_touch.xdc]. These constraints will be ignored for synthesis but will be used in implementation. Impacted constraints are listed in the file [.Xil/hdmi_inout_bd_dvi2rgb_0_1_propImpl.xdc].
Resolution: To avoid this warning, move constraints listed in [.Xil/hdmi_inout_bd_dvi2rgb_0_1_propImpl.xdc] to another XDC file and exclude this new file from synthesis with the used_in_synthesis property (File Properties dialog in GUI) and re-run elaboration/synthesis.
INFO: [Timing 38-2] Deriving generated clocks
WARNING: [Constraints 18-5210] No constraints selected for write.
Resolution: This message can indicate that there are no constraints for the design, or it can indicate that the used_in flags are set such that the constraints are ignored. This later case is used when running synth_design to not write synthesis constraints to the resulting checkpoint. Instead, project constraints are read when the synthesized design is opened.
Parsing XDC File [c:/Users/DELL/Desktop/test/MTM_SDUP_project/BETSS/hdmi_inout.srcs/sources_1/bd/hdmi_inout_bd/ip/hdmi_inout_bd_dvi2rgb_0_1/src/ila_timing_workaround.xdc] for cell 'U0'
WARNING: [Vivado 12-508] No pins matched 'get_pins -hierarchical -filter { NAME =~  "*ila_core_inst/u_ila_cap_ctrl/u_cap_addrgen/u_cap_window_counter/u_wcnt_lcmp/allx_typeA_match_detection.ltlib_v1_0_0_allx_typeA_inst/DUT/I_WHOLE_SLICE.G_SLICE_IDX[*].U_ALL_SRL_SLICE/u_srl*/S*/CLK*"}'. [c:/Users/DELL/Desktop/test/MTM_SDUP_project/BETSS/hdmi_inout.srcs/sources_1/bd/hdmi_inout_bd/ip/hdmi_inout_bd_dvi2rgb_0_1/src/ila_timing_workaround.xdc:10]
WARNING: [Vivado 12-180] No cells matched 'get_cells -hierarchical -filter { NAME =~  "*ila_core_inst/u_ila_cap_ctrl/u_cap_addrgen/u_cap_window_counter/u_wcnt_lcmp_q*" && IS_SEQUENTIAL }'. [c:/Users/DELL/Desktop/test/MTM_SDUP_project/BETSS/hdmi_inout.srcs/sources_1/bd/hdmi_inout_bd/ip/hdmi_inout_bd_dvi2rgb_0_1/src/ila_timing_workaround.xdc:10]
CRITICAL WARNING: [Vivado 12-4739] set_false_path:No valid object(s) found for '-from [get_pins -hierarchical -filter { NAME =~  "*ila_core_inst/u_ila_cap_ctrl/u_cap_addrgen/u_cap_window_counter/u_wcnt_lcmp/allx_typeA_match_detection.ltlib_v1_0_0_allx_typeA_inst/DUT/I_WHOLE_SLICE.G_SLICE_IDX[*].U_ALL_SRL_SLICE/u_srl*/S*/CLK*"}]'. [c:/Users/DELL/Desktop/test/MTM_SDUP_project/BETSS/hdmi_inout.srcs/sources_1/bd/hdmi_inout_bd/ip/hdmi_inout_bd_dvi2rgb_0_1/src/ila_timing_workaround.xdc:10]
Resolution: Check if the specified object(s) exists in the current design. If it does, ensure that the correct design hierarchy was specified for the object. If you are working with clocks, make sure create_clock was used to create the clock object before it is referenced.
WARNING: [Vivado 12-508] No pins matched 'get_pins -hierarchical -filter { NAME =~  "*ila_core_inst/u_ila_cap_ctrl/u_cap_addrgen/u_cap_window_counter/u_wcnt_hcmp/allx_typeA_match_detection.ltlib_v1_0_0_allx_typeA_inst/DUT/I_WHOLE_SLICE.G_SLICE_IDX[*].U_ALL_SRL_SLICE/u_srl*/S*/CLK*"}'. [c:/Users/DELL/Desktop/test/MTM_SDUP_project/BETSS/hdmi_inout.srcs/sources_1/bd/hdmi_inout_bd/ip/hdmi_inout_bd_dvi2rgb_0_1/src/ila_timing_workaround.xdc:11]
WARNING: [Vivado 12-180] No cells matched 'get_cells -hierarchical -filter { NAME =~  "*ila_core_inst/u_ila_cap_ctrl/u_cap_addrgen/u_cap_window_counter/u_wcnt_hcmp_q*" && IS_SEQUENTIAL }'. [c:/Users/DELL/Desktop/test/MTM_SDUP_project/BETSS/hdmi_inout.srcs/sources_1/bd/hdmi_inout_bd/ip/hdmi_inout_bd_dvi2rgb_0_1/src/ila_timing_workaround.xdc:11]
CRITICAL WARNING: [Vivado 12-4739] set_false_path:No valid object(s) found for '-from [get_pins -hierarchical -filter { NAME =~  "*ila_core_inst/u_ila_cap_ctrl/u_cap_addrgen/u_cap_window_counter/u_wcnt_hcmp/allx_typeA_match_detection.ltlib_v1_0_0_allx_typeA_inst/DUT/I_WHOLE_SLICE.G_SLICE_IDX[*].U_ALL_SRL_SLICE/u_srl*/S*/CLK*"}]'. [c:/Users/DELL/Desktop/test/MTM_SDUP_project/BETSS/hdmi_inout.srcs/sources_1/bd/hdmi_inout_bd/ip/hdmi_inout_bd_dvi2rgb_0_1/src/ila_timing_workaround.xdc:11]
Resolution: Check if the specified object(s) exists in the current design. If it does, ensure that the correct design hierarchy was specified for the object. If you are working with clocks, make sure create_clock was used to create the clock object before it is referenced.
WARNING: [Vivado 12-508] No pins matched 'get_pins -hierarchical -filter { NAME =~  "*ila_core_inst/u_ila_cap_ctrl/u_cap_addrgen/u_cap_sample_counter/u_scnt_cmp/allx_typeA_match_detection.ltlib_v1_0_0_allx_typeA_inst/DUT/I_WHOLE_SLICE.G_SLICE_IDX[*].U_ALL_SRL_SLICE/u_srl*/S*/CLK*"}'. [c:/Users/DELL/Desktop/test/MTM_SDUP_project/BETSS/hdmi_inout.srcs/sources_1/bd/hdmi_inout_bd/ip/hdmi_inout_bd_dvi2rgb_0_1/src/ila_timing_workaround.xdc:12]
WARNING: [Vivado 12-180] No cells matched 'get_cells -hierarchical -filter { NAME =~  "*ila_core_inst/u_ila_cap_ctrl/u_cap_addrgen/u_cap_sample_counter/u_scnt_cmp_q*" && IS_SEQUENTIAL }'. [c:/Users/DELL/Desktop/test/MTM_SDUP_project/BETSS/hdmi_inout.srcs/sources_1/bd/hdmi_inout_bd/ip/hdmi_inout_bd_dvi2rgb_0_1/src/ila_timing_workaround.xdc:12]
CRITICAL WARNING: [Vivado 12-4739] set_false_path:No valid object(s) found for '-from [get_pins -hierarchical -filter { NAME =~  "*ila_core_inst/u_ila_cap_ctrl/u_cap_addrgen/u_cap_sample_counter/u_scnt_cmp/allx_typeA_match_detection.ltlib_v1_0_0_allx_typeA_inst/DUT/I_WHOLE_SLICE.G_SLICE_IDX[*].U_ALL_SRL_SLICE/u_srl*/S*/CLK*"}]'. [c:/Users/DELL/Desktop/test/MTM_SDUP_project/BETSS/hdmi_inout.srcs/sources_1/bd/hdmi_inout_bd/ip/hdmi_inout_bd_dvi2rgb_0_1/src/ila_timing_workaround.xdc:12]
Resolution: Check if the specified object(s) exists in the current design. If it does, ensure that the correct design hierarchy was specified for the object. If you are working with clocks, make sure create_clock was used to create the clock object before it is referenced.
WARNING: [Vivado 12-508] No pins matched 'get_pins -hierarchical -filter { NAME =~  "*allx_typeA_match_detection.ltlib_v1_0_0_allx_typeA_inst/DUT/I_WHOLE_SLICE.G_SLICE_IDX[*].U_ALL_SRL_SLICE/u_srl*/S*/CLK"}'. [c:/Users/DELL/Desktop/test/MTM_SDUP_project/BETSS/hdmi_inout.srcs/sources_1/bd/hdmi_inout_bd/ip/hdmi_inout_bd_dvi2rgb_0_1/src/ila_timing_workaround.xdc:13]
WARNING: [Vivado 12-508] No pins matched 'get_pins -hierarchical -filter {NAME =~  "*allx_typeA_match_detection.ltlib_v1_0_0_allx_typeA_inst/DUT/I_WHOLE_SLICE.G_SLICE_IDX[*].U_ALL_SRL_SLICE/I_IS_TERMINATION_SLICE_W_OUTPUT_REG.DOUT_O_reg/D"}'. [c:/Users/DELL/Desktop/test/MTM_SDUP_project/BETSS/hdmi_inout.srcs/sources_1/bd/hdmi_inout_bd/ip/hdmi_inout_bd_dvi2rgb_0_1/src/ila_timing_workaround.xdc:13]
CRITICAL WARNING: [Vivado 12-4739] set_false_path:No valid object(s) found for '-from [get_pins -hierarchical -filter { NAME =~  "*allx_typeA_match_detection.ltlib_v1_0_0_allx_typeA_inst/DUT/I_WHOLE_SLICE.G_SLICE_IDX[*].U_ALL_SRL_SLICE/u_srl*/S*/CLK"}]'. [c:/Users/DELL/Desktop/test/MTM_SDUP_project/BETSS/hdmi_inout.srcs/sources_1/bd/hdmi_inout_bd/ip/hdmi_inout_bd_dvi2rgb_0_1/src/ila_timing_workaround.xdc:13]
Resolution: Check if the specified object(s) exists in the current design. If it does, ensure that the correct design hierarchy was specified for the object. If you are working with clocks, make sure create_clock was used to create the clock object before it is referenced.
Finished Parsing XDC File [c:/Users/DELL/Desktop/test/MTM_SDUP_project/BETSS/hdmi_inout.srcs/sources_1/bd/hdmi_inout_bd/ip/hdmi_inout_bd_dvi2rgb_0_1/src/ila_timing_workaround.xdc] for cell 'U0'
Completed Processing XDC Constraints

Netlist sorting complete. Time (s): cpu = 00:00:00 ; elapsed = 00:00:00.001 . Memory (MB): peak = 1074.500 ; gain = 0.000
INFO: [Project 1-111] Unisim Transformation Summary:
No Unisim elements were transformed.

Constraint Validation Runtime : Time (s): cpu = 00:00:00 ; elapsed = 00:00:00.049 . Memory (MB): peak = 1074.500 ; gain = 0.000
---------------------------------------------------------------------------------
Finished Constraint Validation : Time (s): cpu = 00:01:03 ; elapsed = 00:01:12 . Memory (MB): peak = 1074.500 ; gain = 450.078
---------------------------------------------------------------------------------
---------------------------------------------------------------------------------
Start Loading Part and Timing Information
---------------------------------------------------------------------------------
Loading part: xc7z020clg400-1
---------------------------------------------------------------------------------
Finished Loading Part and Timing Information : Time (s): cpu = 00:01:03 ; elapsed = 00:01:12 . Memory (MB): peak = 1074.500 ; gain = 450.078
---------------------------------------------------------------------------------
---------------------------------------------------------------------------------
Start Applying 'set_property' XDC Constraints
---------------------------------------------------------------------------------
Applied set_property DONT_TOUCH = true for U0. (constraint file  C:/Users/DELL/Desktop/test/MTM_SDUP_project/BETSS/hdmi_inout.runs/hdmi_inout_bd_dvi2rgb_0_1_synth_1/dont_touch.xdc, line 15).
---------------------------------------------------------------------------------
Finished applying 'set_property' XDC Constraints : Time (s): cpu = 00:01:03 ; elapsed = 00:01:12 . Memory (MB): peak = 1074.500 ; gain = 450.078
---------------------------------------------------------------------------------
INFO: [Synth 8-802] inferred FSM for state register 'pState_reg' in module 'PhaseAlign'
INFO: [Synth 8-802] inferred FSM for state register 'state_reg' in module 'TWI_SlaveCtl'
INFO: [Synth 8-5546] ROM "eeprom" won't be mapped to RAM because it is too sparse
INFO: [Synth 8-802] inferred FSM for state register 'sState_reg' in module 'EEPROM_8b'
---------------------------------------------------------------------------------------------------
                   State |                     New Encoding |                Previous Encoding 
---------------------------------------------------------------------------------------------------
*
                 resetst |                      00000000001 |                      00000000001
                  idlest |                      00000000010 |                      00000000010
                 tokenst |                      00000000100 |                      00000000100
               eyeopenst |                      00000001000 |                      00000001000
               jtrzonest |                      00000010000 |                      00000010000
                dlydecst |                      00010000000 |                      00010000000
          dlytstcenterst |                      00100000000 |                      00100000000
               alignedst |                      01000000000 |                      01000000000
                dlyincst |                      00000100000 |                      00000100000
             dlytstovfst |                      00001000000 |                      00001000000
            alignerrorst |                      10000000000 |                      10000000000
---------------------------------------------------------------------------------------------------
INFO: [Synth 8-3898] No Re-encoding of one hot register 'pState_reg' in module 'PhaseAlign'
---------------------------------------------------------------------------------------------------
                   State |                     New Encoding |                Previous Encoding 
---------------------------------------------------------------------------------------------------
                  stidle |                              000 |                              000
               staddress |                              011 |                              001
            stturnaround |                              110 |                              110
                  stsack |                              100 |                              100
                  stread |                              001 |                              010
                  stmack |                              010 |                              101
                 stwrite |                              111 |                              011
---------------------------------------------------------------------------------------------------
INFO: [Synth 8-3354] encoded FSM with state register 'state_reg' using encoding 'gray' in module 'TWI_SlaveCtl'
---------------------------------------------------------------------------------------------------
                   State |                     New Encoding |                Previous Encoding 
---------------------------------------------------------------------------------------------------
                  stidle |                             0001 |                               00
                  stread |                             0010 |                               01
            stregaddress |                             0100 |                               11
                 stwrite |                             1000 |                               10
---------------------------------------------------------------------------------------------------
INFO: [Synth 8-3354] encoded FSM with state register 'sState_reg' using encoding 'one-hot' in module 'EEPROM_8b'
---------------------------------------------------------------------------------
Finished RTL Optimization Phase 2 : Time (s): cpu = 00:01:05 ; elapsed = 00:01:14 . Memory (MB): peak = 1074.500 ; gain = 450.078
---------------------------------------------------------------------------------

Report RTL Partitions: 
+-+--------------+------------+----------+
| |RTL Partition |Replication |Instances |
+-+--------------+------------+----------+
+-+--------------+------------+----------+
---------------------------------------------------------------------------------
Start RTL Component Statistics 
---------------------------------------------------------------------------------
Detailed RTL Component Info : 
+---Adders : 
	   2 Input      8 Bit       Adders := 1     
	   2 Input      7 Bit       Adders := 3     
	   2 Input      6 Bit       Adders := 3     
	   2 Input      5 Bit       Adders := 13    
	   2 Input      4 Bit       Adders := 2     
	   2 Input      3 Bit       Adders := 1     
	   2 Input      2 Bit       Adders := 6     
+---XORs : 
	   2 Input      1 Bit         XORs := 43    
+---Registers : 
	               24 Bit    Registers := 1     
	               10 Bit    Registers := 6     
	                8 Bit    Registers := 6     
	                7 Bit    Registers := 3     
	                6 Bit    Registers := 3     
	                5 Bit    Registers := 13    
	                4 Bit    Registers := 2     
	                3 Bit    Registers := 1     
	                2 Bit    Registers := 21    
	                1 Bit    Registers := 105   
+---RAMs : 
	              320 Bit         RAMs := 3     
+---Muxes : 
	  12 Input     11 Bit        Muxes := 3     
	   2 Input     11 Bit        Muxes := 3     
	   2 Input     10 Bit        Muxes := 3     
	   2 Input      8 Bit        Muxes := 8     
	   5 Input      8 Bit        Muxes := 3     
	 257 Input      8 Bit        Muxes := 1     
	   2 Input      6 Bit        Muxes := 6     
	   2 Input      5 Bit        Muxes := 3     
	   2 Input      4 Bit        Muxes := 7     
	   4 Input      4 Bit        Muxes := 1     
	   7 Input      3 Bit        Muxes := 1     
	   2 Input      3 Bit        Muxes := 15    
	   2 Input      2 Bit        Muxes := 1     
	   2 Input      1 Bit        Muxes := 83    
	  12 Input      1 Bit        Muxes := 3     
	   3 Input      1 Bit        Muxes := 7     
	   4 Input      1 Bit        Muxes := 4     
	   5 Input      1 Bit        Muxes := 6     
	   7 Input      1 Bit        Muxes := 1     
---------------------------------------------------------------------------------
Finished RTL Component Statistics 
---------------------------------------------------------------------------------
---------------------------------------------------------------------------------
Start RTL Hierarchical Component Statistics 
---------------------------------------------------------------------------------
Hierarchical RTL Component report 
Module SyncAsync 
Detailed RTL Component Info : 
+---Registers : 
	                2 Bit    Registers := 1     
Module SyncAsync__parameterized0 
Detailed RTL Component Info : 
+---Registers : 
	                2 Bit    Registers := 1     
Module TMDS_Clocking 
Detailed RTL Component Info : 
+---Adders : 
	   2 Input      5 Bit       Adders := 1     
+---Registers : 
	                5 Bit    Registers := 1     
	                2 Bit    Registers := 2     
	                1 Bit    Registers := 4     
+---Muxes : 
	   2 Input      2 Bit        Muxes := 1     
Module SyncAsync__parameterized1 
Detailed RTL Component Info : 
+---Registers : 
	                2 Bit    Registers := 1     
Module ResetBridge__parameterized0 
Detailed RTL Component Info : 
+---XORs : 
	   2 Input      1 Bit         XORs := 1     
Module SyncBase 
Detailed RTL Component Info : 
+---Registers : 
	                1 Bit    Registers := 1     
Module SyncBase__parameterized0 
Detailed RTL Component Info : 
+---Registers : 
	                1 Bit    Registers := 1     
Module PhaseAlign 
Detailed RTL Component Info : 
+---Adders : 
	   2 Input      7 Bit       Adders := 1     
	   2 Input      6 Bit       Adders := 1     
	   2 Input      5 Bit       Adders := 1     
	   2 Input      2 Bit       Adders := 1     
+---Registers : 
	               10 Bit    Registers := 1     
	                7 Bit    Registers := 1     
	                6 Bit    Registers := 1     
	                5 Bit    Registers := 2     
	                2 Bit    Registers := 1     
	                1 Bit    Registers := 14    
+---Muxes : 
	  12 Input     11 Bit        Muxes := 1     
	   2 Input     11 Bit        Muxes := 1     
	   2 Input     10 Bit        Muxes := 1     
	   2 Input      8 Bit        Muxes := 1     
	   2 Input      6 Bit        Muxes := 2     
	   2 Input      5 Bit        Muxes := 1     
	   2 Input      4 Bit        Muxes := 1     
	   2 Input      1 Bit        Muxes := 15    
	  12 Input      1 Bit        Muxes := 1     
	   3 Input      1 Bit        Muxes := 1     
	   4 Input      1 Bit        Muxes := 1     
Module ChannelBond 
Detailed RTL Component Info : 
+---Adders : 
	   2 Input      5 Bit       Adders := 3     
+---Registers : 
	               10 Bit    Registers := 1     
	                5 Bit    Registers := 2     
	                1 Bit    Registers := 7     
+---RAMs : 
	              320 Bit         RAMs := 1     
+---Muxes : 
	   2 Input      1 Bit        Muxes := 1     
Module TMDS_Decoder 
Detailed RTL Component Info : 
+---Adders : 
	   2 Input      2 Bit       Adders := 1     
+---XORs : 
	   2 Input      1 Bit         XORs := 14    
+---Registers : 
	                8 Bit    Registers := 1     
	                2 Bit    Registers := 1     
	                1 Bit    Registers := 6     
+---Muxes : 
	   2 Input      8 Bit        Muxes := 1     
	   5 Input      8 Bit        Muxes := 1     
	   2 Input      1 Bit        Muxes := 7     
	   5 Input      1 Bit        Muxes := 2     
	   3 Input      1 Bit        Muxes := 1     
Module ResyncToBUFG 
Detailed RTL Component Info : 
+---Registers : 
	               24 Bit    Registers := 1     
	                1 Bit    Registers := 3     
Module GlitchFilter 
Detailed RTL Component Info : 
+---Adders : 
	   2 Input      4 Bit       Adders := 1     
+---Registers : 
	                4 Bit    Registers := 1     
	                1 Bit    Registers := 2     
+---Muxes : 
	   2 Input      1 Bit        Muxes := 1     
Module TWI_SlaveCtl 
Detailed RTL Component Info : 
+---Adders : 
	   2 Input      3 Bit       Adders := 1     
+---Registers : 
	                8 Bit    Registers := 1     
	                3 Bit    Registers := 1     
	                1 Bit    Registers := 7     
+---Muxes : 
	   2 Input      8 Bit        Muxes := 1     
	   7 Input      3 Bit        Muxes := 1     
	   2 Input      3 Bit        Muxes := 15    
	   2 Input      1 Bit        Muxes := 11    
	   7 Input      1 Bit        Muxes := 1     
Module EEPROM_8b 
Detailed RTL Component Info : 
+---Adders : 
	   2 Input      8 Bit       Adders := 1     
+---Registers : 
	                8 Bit    Registers := 2     
+---Muxes : 
	 257 Input      8 Bit        Muxes := 1     
	   2 Input      8 Bit        Muxes := 1     
	   4 Input      4 Bit        Muxes := 1     
	   2 Input      4 Bit        Muxes := 4     
	   2 Input      1 Bit        Muxes := 1     
	   4 Input      1 Bit        Muxes := 1     
	   3 Input      1 Bit        Muxes := 1     
---------------------------------------------------------------------------------
Finished RTL Hierarchical Component Statistics
---------------------------------------------------------------------------------
---------------------------------------------------------------------------------
Start Part Resource Summary
---------------------------------------------------------------------------------
Part Resources:
DSPs: 220 (col length:60)
BRAMs: 280 (col length: RAMB18 60 RAMB36 30)
---------------------------------------------------------------------------------
Finished Part Resource Summary
---------------------------------------------------------------------------------
---------------------------------------------------------------------------------
Start Cross Boundary and Area Optimization
---------------------------------------------------------------------------------
Warning: Parallel synthesis criteria is not met 
WARNING: [Synth 8-3331] design dvi2rgb has unconnected port aRst_n
WARNING: [Synth 8-3331] design dvi2rgb has unconnected port pRst_n
INFO: [Synth 8-3886] merging instance 'U0/DataDecoders[2].DecoderX/ChannelBondX/pAllVld_q_reg' (FD) to 'U0/DataDecoders[1].DecoderX/ChannelBondX/pAllVld_q_reg'
INFO: [Synth 8-3886] merging instance 'U0/DataDecoders[1].DecoderX/ChannelBondX/pAllVld_q_reg' (FD) to 'U0/DataDecoders[0].DecoderX/ChannelBondX/pAllVld_q_reg'
INFO: [Synth 8-3886] merging instance 'U0/DataDecoders[2].DecoderX/ChannelBondX/pAllVldBgnFlag_reg' (FD) to 'U0/DataDecoders[1].DecoderX/ChannelBondX/pAllVldBgnFlag_reg'
INFO: [Synth 8-3886] merging instance 'U0/DataDecoders[1].DecoderX/ChannelBondX/pAllVldBgnFlag_reg' (FD) to 'U0/DataDecoders[0].DecoderX/ChannelBondX/pAllVldBgnFlag_reg'
---------------------------------------------------------------------------------
Finished Cross Boundary and Area Optimization : Time (s): cpu = 00:01:13 ; elapsed = 00:01:23 . Memory (MB): peak = 1074.500 ; gain = 450.078
---------------------------------------------------------------------------------
---------------------------------------------------------------------------------
Start ROM, RAM, DSP and Shift Register Reporting
---------------------------------------------------------------------------------

Distributed RAM: Preliminary Mapping  Report (see note below)
+------------+-------------------------------------------------+-----------+----------------------+--------------+
|Module Name | RTL Object                                      | Inference | Size (Depth x Width) | Primitives   | 
+------------+-------------------------------------------------+-----------+----------------------+--------------+
|U0          | DataDecoders[2].DecoderX/ChannelBondX/pFIFO_reg | Implied   | 32 x 10              | RAM32M x 2   | 
|U0          | DataDecoders[1].DecoderX/ChannelBondX/pFIFO_reg | Implied   | 32 x 10              | RAM32M x 2   | 
|U0          | DataDecoders[0].DecoderX/ChannelBondX/pFIFO_reg | Implied   | 32 x 10              | RAM32M x 2   | 
+------------+-------------------------------------------------+-----------+----------------------+--------------+

Note: The table above is a preliminary report that shows the Distributed RAMs at the current stage of the synthesis flow. Some Distributed RAMs may be reimplemented as non Distributed RAM primitives later in the synthesis flow. Multiple instantiated RAMs are reported only once.
---------------------------------------------------------------------------------
Finished ROM, RAM, DSP and Shift Register Reporting
---------------------------------------------------------------------------------

Report RTL Partitions: 
+-+--------------+------------+----------+
| |RTL Partition |Replication |Instances |
+-+--------------+------------+----------+
+-+--------------+------------+----------+
---------------------------------------------------------------------------------
Start Applying XDC Timing Constraints
---------------------------------------------------------------------------------
---------------------------------------------------------------------------------
Finished Applying XDC Timing Constraints : Time (s): cpu = 00:01:29 ; elapsed = 00:01:39 . Memory (MB): peak = 1074.500 ; gain = 450.078
---------------------------------------------------------------------------------
---------------------------------------------------------------------------------
Start Timing Optimization
---------------------------------------------------------------------------------
---------------------------------------------------------------------------------
Finished Timing Optimization : Time (s): cpu = 00:01:29 ; elapsed = 00:01:40 . Memory (MB): peak = 1074.500 ; gain = 450.078
---------------------------------------------------------------------------------
---------------------------------------------------------------------------------
Start ROM, RAM, DSP and Shift Register Reporting
---------------------------------------------------------------------------------

Distributed RAM: Final Mapping  Report
+------------+-------------------------------------------------+-----------+----------------------+--------------+
|Module Name | RTL Object                                      | Inference | Size (Depth x Width) | Primitives   | 
+------------+-------------------------------------------------+-----------+----------------------+--------------+
|U0          | DataDecoders[2].DecoderX/ChannelBondX/pFIFO_reg | Implied   | 32 x 10              | RAM32M x 2   | 
|U0          | DataDecoders[1].DecoderX/ChannelBondX/pFIFO_reg | Implied   | 32 x 10              | RAM32M x 2   | 
|U0          | DataDecoders[0].DecoderX/ChannelBondX/pFIFO_reg | Implied   | 32 x 10              | RAM32M x 2   | 
+------------+-------------------------------------------------+-----------+----------------------+--------------+

---------------------------------------------------------------------------------
Finished ROM, RAM, DSP and Shift Register Reporting
---------------------------------------------------------------------------------

Report RTL Partitions: 
+-+--------------+------------+----------+
| |RTL Partition |Replication |Instances |
+-+--------------+------------+----------+
+-+--------------+------------+----------+
---------------------------------------------------------------------------------
Start Technology Mapping
---------------------------------------------------------------------------------
INFO: [Synth 8-3886] merging instance 'U0/DataDecoders[1].DecoderX/ChannelBondX/pRdA_reg_rep[0]' (FDRE) to 'U0/DataDecoders[1].DecoderX/ChannelBondX/pRdA_reg[0]'
INFO: [Synth 8-3886] merging instance 'U0/DataDecoders[1].DecoderX/ChannelBondX/pRdA_reg_rep[1]' (FDRE) to 'U0/DataDecoders[1].DecoderX/ChannelBondX/pRdA_reg[1]'
INFO: [Synth 8-3886] merging instance 'U0/DataDecoders[1].DecoderX/ChannelBondX/pRdA_reg_rep[2]' (FDRE) to 'U0/DataDecoders[1].DecoderX/ChannelBondX/pRdA_reg[2]'
INFO: [Synth 8-3886] merging instance 'U0/DataDecoders[1].DecoderX/ChannelBondX/pRdA_reg_rep[3]' (FDRE) to 'U0/DataDecoders[1].DecoderX/ChannelBondX/pRdA_reg[3]'
INFO: [Synth 8-3886] merging instance 'U0/DataDecoders[1].DecoderX/ChannelBondX/pRdA_reg_rep[4]' (FDRE) to 'U0/DataDecoders[1].DecoderX/ChannelBondX/pRdA_reg[4]'
INFO: [Synth 8-3886] merging instance 'U0/DataDecoders[0].DecoderX/ChannelBondX/pRdA_reg_rep[0]' (FDRE) to 'U0/DataDecoders[0].DecoderX/ChannelBondX/pRdA_reg[0]'
INFO: [Synth 8-3886] merging instance 'U0/DataDecoders[0].DecoderX/ChannelBondX/pRdA_reg_rep[1]' (FDRE) to 'U0/DataDecoders[0].DecoderX/ChannelBondX/pRdA_reg[1]'
INFO: [Synth 8-3886] merging instance 'U0/DataDecoders[0].DecoderX/ChannelBondX/pRdA_reg_rep[2]' (FDRE) to 'U0/DataDecoders[0].DecoderX/ChannelBondX/pRdA_reg[2]'
INFO: [Synth 8-3886] merging instance 'U0/DataDecoders[0].DecoderX/ChannelBondX/pRdA_reg_rep[3]' (FDRE) to 'U0/DataDecoders[0].DecoderX/ChannelBondX/pRdA_reg[3]'
INFO: [Synth 8-3886] merging instance 'U0/DataDecoders[0].DecoderX/ChannelBondX/pRdA_reg_rep[4]' (FDRE) to 'U0/DataDecoders[0].DecoderX/ChannelBondX/pRdA_reg[4]'
INFO: [Synth 8-3886] merging instance 'U0/DataDecoders[2].DecoderX/ChannelBondX/pRdA_reg_rep[0]' (FDRE) to 'U0/DataDecoders[2].DecoderX/ChannelBondX/pRdA_reg[0]'
INFO: [Synth 8-3886] merging instance 'U0/DataDecoders[2].DecoderX/ChannelBondX/pRdA_reg_rep[1]' (FDRE) to 'U0/DataDecoders[2].DecoderX/ChannelBondX/pRdA_reg[1]'
INFO: [Synth 8-3886] merging instance 'U0/DataDecoders[2].DecoderX/ChannelBondX/pRdA_reg_rep[2]' (FDRE) to 'U0/DataDecoders[2].DecoderX/ChannelBondX/pRdA_reg[2]'
INFO: [Synth 8-3886] merging instance 'U0/DataDecoders[2].DecoderX/ChannelBondX/pRdA_reg_rep[3]' (FDRE) to 'U0/DataDecoders[2].DecoderX/ChannelBondX/pRdA_reg[3]'
INFO: [Synth 8-3886] merging instance 'U0/DataDecoders[2].DecoderX/ChannelBondX/pRdA_reg_rep[4]' (FDRE) to 'U0/DataDecoders[2].DecoderX/ChannelBondX/pRdA_reg[4]'
---------------------------------------------------------------------------------
Finished Technology Mapping : Time (s): cpu = 00:01:30 ; elapsed = 00:01:41 . Memory (MB): peak = 1074.500 ; gain = 450.078
---------------------------------------------------------------------------------

Report RTL Partitions: 
+-+--------------+------------+----------+
| |RTL Partition |Replication |Instances |
+-+--------------+------------+----------+
+-+--------------+------------+----------+
---------------------------------------------------------------------------------
Start IO Insertion
---------------------------------------------------------------------------------
---------------------------------------------------------------------------------
Start Flattening Before IO Insertion
---------------------------------------------------------------------------------
---------------------------------------------------------------------------------
Finished Flattening Before IO Insertion
---------------------------------------------------------------------------------
---------------------------------------------------------------------------------
Start Final Netlist Cleanup
---------------------------------------------------------------------------------
---------------------------------------------------------------------------------
Finished Final Netlist Cleanup
---------------------------------------------------------------------------------
---------------------------------------------------------------------------------
Finished IO Insertion : Time (s): cpu = 00:01:34 ; elapsed = 00:01:45 . Memory (MB): peak = 1074.500 ; gain = 450.078
---------------------------------------------------------------------------------

Report Check Netlist: 
+------+------------------+-------+---------+-------+------------------+
|      |Item              |Errors |Warnings |Status |Description       |
+------+------------------+-------+---------+-------+------------------+
|1     |multi_driven_nets |      0|        0|Passed |Multi driven nets |
+------+------------------+-------+---------+-------+------------------+
---------------------------------------------------------------------------------
Start Renaming Generated Instances
---------------------------------------------------------------------------------
---------------------------------------------------------------------------------
Finished Renaming Generated Instances : Time (s): cpu = 00:01:34 ; elapsed = 00:01:45 . Memory (MB): peak = 1074.500 ; gain = 450.078
---------------------------------------------------------------------------------

Report RTL Partitions: 
+-+--------------+------------+----------+
| |RTL Partition |Replication |Instances |
+-+--------------+------------+----------+
+-+--------------+------------+----------+
---------------------------------------------------------------------------------
Start Rebuilding User Hierarchy
---------------------------------------------------------------------------------
---------------------------------------------------------------------------------
Finished Rebuilding User Hierarchy : Time (s): cpu = 00:01:34 ; elapsed = 00:01:45 . Memory (MB): peak = 1074.500 ; gain = 450.078
---------------------------------------------------------------------------------
---------------------------------------------------------------------------------
Start Renaming Generated Ports
---------------------------------------------------------------------------------
---------------------------------------------------------------------------------
Finished Renaming Generated Ports : Time (s): cpu = 00:01:34 ; elapsed = 00:01:45 . Memory (MB): peak = 1074.500 ; gain = 450.078
---------------------------------------------------------------------------------
---------------------------------------------------------------------------------
Start Handling Custom Attributes
---------------------------------------------------------------------------------
---------------------------------------------------------------------------------
Finished Handling Custom Attributes : Time (s): cpu = 00:01:34 ; elapsed = 00:01:45 . Memory (MB): peak = 1074.500 ; gain = 450.078
---------------------------------------------------------------------------------
---------------------------------------------------------------------------------
Start Renaming Generated Nets
---------------------------------------------------------------------------------
---------------------------------------------------------------------------------
Finished Renaming Generated Nets : Time (s): cpu = 00:01:34 ; elapsed = 00:01:45 . Memory (MB): peak = 1074.500 ; gain = 450.078
---------------------------------------------------------------------------------
---------------------------------------------------------------------------------
Start Writing Synthesis Report
---------------------------------------------------------------------------------

Report BlackBoxes: 
+-+--------------+----------+
| |BlackBox name |Instances |
+-+--------------+----------+
+-+--------------+----------+

Report Cell Usage: 
+------+------------+------+
|      |Cell        |Count |
+------+------------+------+
|1     |BUFG        |     1|
|2     |BUFIO       |     1|
|3     |BUFR        |     1|
|4     |CARRY4      |    18|
|5     |IDELAYCTRL  |     1|
|6     |IDELAYE2    |     3|
|7     |ISERDESE2   |     3|
|8     |ISERDESE2_1 |     3|
|9     |LUT1        |    24|
|10    |LUT2        |    61|
|11    |LUT3        |    77|
|12    |LUT4        |    71|
|13    |LUT5        |    94|
|14    |LUT6        |   159|
|15    |MMCME2_ADV  |     1|
|16    |MUXF7       |    16|
|17    |MUXF8       |     8|
|18    |RAM32M      |     6|
|19    |FDCE        |    12|
|20    |FDPE        |    20|
|21    |FDRE        |   456|
|22    |FDSE        |    13|
|23    |IBUFDS      |     4|
+------+------------+------+

Report Instance Areas: 
+------+----------------------------------+-----------------------------+------+
|      |Instance                          |Module                       |Cells |
+------+----------------------------------+-----------------------------+------+
|1     |top                               |                             |  1053|
|2     |  U0                              |dvi2rgb                      |  1053|
|3     |    \DataDecoders[0].DecoderX     |TMDS_Decoder                 |   271|
|4     |      ChannelBondX                |ChannelBond_18               |    67|
|5     |      InputSERDES_X               |InputSERDES_19               |     4|
|6     |      PhaseAlignX                 |PhaseAlign_20                |   137|
|7     |      SyncBaseOvf                 |SyncBase_21                  |     9|
|8     |        SyncAsyncx                |SyncAsync__parameterized1_24 |     2|
|9     |      SyncBaseRst                 |SyncBase__parameterized0_22  |     3|
|10    |        SyncAsyncx                |SyncAsync_23                 |     2|
|11    |    \DataDecoders[1].DecoderX     |TMDS_Decoder_0               |   259|
|12    |      ChannelBondX                |ChannelBond_11               |    59|
|13    |      InputSERDES_X               |InputSERDES_12               |     4|
|14    |      PhaseAlignX                 |PhaseAlign_13                |   136|
|15    |      SyncBaseOvf                 |SyncBase_14                  |     9|
|16    |        SyncAsyncx                |SyncAsync__parameterized1_17 |     2|
|17    |      SyncBaseRst                 |SyncBase__parameterized0_15  |     3|
|18    |        SyncAsyncx                |SyncAsync_16                 |     2|
|19    |    \DataDecoders[2].DecoderX     |TMDS_Decoder_1               |   258|
|20    |      ChannelBondX                |ChannelBond                  |    59|
|21    |      InputSERDES_X               |InputSERDES                  |     4|
|22    |      PhaseAlignX                 |PhaseAlign                   |   135|
|23    |      SyncBaseOvf                 |SyncBase                     |     9|
|24    |        SyncAsyncx                |SyncAsync__parameterized1_10 |     2|
|25    |      SyncBaseRst                 |SyncBase__parameterized0     |     3|
|26    |        SyncAsyncx                |SyncAsync_9                  |     2|
|27    |    \GenerateBUFG.ResyncToBUFG_X  |ResyncToBUFG                 |    28|
|28    |    \GenerateDDC.DDC_EEPROM       |EEPROM_8b                    |   196|
|29    |      I2C_SlaveController         |TWI_SlaveCtl                 |   109|
|30    |        GlitchF_SCL               |GlitchFilter                 |    12|
|31    |        GlitchF_SDA               |GlitchFilter_6               |    12|
|32    |        SyncSCL                   |SyncAsync_7                  |     3|
|33    |        SyncSDA                   |SyncAsync_8                  |     3|
|34    |    LockLostReset                 |ResetBridge                  |     2|
|35    |      SyncAsyncx                  |SyncAsync_5                  |     2|
|36    |    LockedSync                    |ResetBridge__parameterized0  |     2|
|37    |      SyncAsyncx                  |SyncAsync__parameterized1    |     2|
|38    |    TMDS_ClockingX                |TMDS_Clocking                |    36|
|39    |      LockLostReset               |ResetBridge_2                |     3|
|40    |        SyncAsyncx                |SyncAsync_4                  |     3|
|41    |      MMCM_LockSync               |SyncAsync__parameterized0    |     4|
|42    |      RdyLostReset                |ResetBridge_3                |     3|
|43    |        SyncAsyncx                |SyncAsync                    |     2|
+------+----------------------------------+-----------------------------+------+
---------------------------------------------------------------------------------
Finished Writing Synthesis Report : Time (s): cpu = 00:01:34 ; elapsed = 00:01:45 . Memory (MB): peak = 1074.500 ; gain = 450.078
---------------------------------------------------------------------------------
Synthesis finished with 0 errors, 0 critical warnings and 2 warnings.
Synthesis Optimization Runtime : Time (s): cpu = 00:00:38 ; elapsed = 00:01:38 . Memory (MB): peak = 1074.500 ; gain = 450.078
Synthesis Optimization Complete : Time (s): cpu = 00:01:34 ; elapsed = 00:01:45 . Memory (MB): peak = 1074.500 ; gain = 450.078
INFO: [Project 1-571] Translating synthesized netlist
INFO: [Netlist 29-17] Analyzing 63 Unisim elements for replacement
INFO: [Netlist 29-28] Unisim Transformation completed in 0 CPU seconds
INFO: [Project 1-570] Preparing netlist for logic optimization
INFO: [Opt 31-138] Pushed 1 inverter(s) to 6 load pin(s).
Netlist sorting complete. Time (s): cpu = 00:00:00 ; elapsed = 00:00:00.002 . Memory (MB): peak = 1074.500 ; gain = 0.000
INFO: [Project 1-111] Unisim Transformation Summary:
  A total of 6 instances were transformed.
  RAM32M => RAM32M (RAMD32, RAMD32, RAMD32, RAMD32, RAMD32, RAMD32, RAMS32, RAMS32): 6 instances

INFO: [Common 17-83] Releasing license: Synthesis
95 Infos, 22 Warnings, 6 Critical Warnings and 0 Errors encountered.
synth_design completed successfully
synth_design: Time (s): cpu = 00:01:53 ; elapsed = 00:02:07 . Memory (MB): peak = 1074.500 ; gain = 722.848
Netlist sorting complete. Time (s): cpu = 00:00:00 ; elapsed = 00:00:00.001 . Memory (MB): peak = 1074.500 ; gain = 0.000
WARNING: [Constraints 18-5210] No constraints selected for write.
Resolution: This message can indicate that there are no constraints for the design, or it can indicate that the used_in flags are set such that the constraints are ignored. This later case is used when running synth_design to not write synthesis constraints to the resulting checkpoint. Instead, project constraints are read when the synthesized design is opened.
INFO: [Common 17-1381] The checkpoint 'C:/Users/DELL/Desktop/test/MTM_SDUP_project/BETSS/hdmi_inout.runs/hdmi_inout_bd_dvi2rgb_0_1_synth_1/hdmi_inout_bd_dvi2rgb_0_1.dcp' has been generated.
WARNING: [Common 17-576] 'use_project_ipc' is deprecated. This option is deprecated and no longer used.
INFO: [Coretcl 2-1648] Added synthesis output to IP cache for IP hdmi_inout_bd_dvi2rgb_0_1, cache-ID = ddb6badb102a7d28
INFO: [Coretcl 2-1174] Renamed 42 cell refs.
Netlist sorting complete. Time (s): cpu = 00:00:00 ; elapsed = 00:00:00.002 . Memory (MB): peak = 1074.500 ; gain = 0.000
WARNING: [Constraints 18-5210] No constraints selected for write.
Resolution: This message can indicate that there are no constraints for the design, or it can indicate that the used_in flags are set such that the constraints are ignored. This later case is used when running synth_design to not write synthesis constraints to the resulting checkpoint. Instead, project constraints are read when the synthesized design is opened.
INFO: [Common 17-1381] The checkpoint 'C:/Users/DELL/Desktop/test/MTM_SDUP_project/BETSS/hdmi_inout.runs/hdmi_inout_bd_dvi2rgb_0_1_synth_1/hdmi_inout_bd_dvi2rgb_0_1.dcp' has been generated.
INFO: [runtcl-4] Executing : report_utilization -file hdmi_inout_bd_dvi2rgb_0_1_utilization_synth.rpt -pb hdmi_inout_bd_dvi2rgb_0_1_utilization_synth.pb
INFO: [Common 17-206] Exiting Vivado at Tue May 31 18:24:58 2022...
