
*** Running vivado
    with args -log hdmi_inout_bd_wrapper.vds -m64 -product Vivado -mode batch -messageDb vivado.pb -notrace -source hdmi_inout_bd_wrapper.tcl


****** Vivado v2019.1 (64-bit)
  **** SW Build 2552052 on Fri May 24 14:49:42 MDT 2019
  **** IP Build 2548770 on Fri May 24 18:01:18 MDT 2019
    ** Copyright 1986-2019 Xilinx, Inc. All Rights Reserved.

source hdmi_inout_bd_wrapper.tcl -notrace
INFO: [IP_Flow 19-234] Refreshing IP repositories
INFO: [IP_Flow 19-1700] Loaded user IP repository 'c:/Users/DELL/Desktop/vivado_ip_blocks/vivado-library'.
INFO: [IP_Flow 19-1700] Loaded user IP repository 'c:/Users/DELL/Desktop/BETSS/hdmi_inout_po_konsultacji/hdmi_inout/hdmi_inout.ip_user_files'.
INFO: [IP_Flow 19-2313] Loaded Vivado IP repository 'C:/Xilinx/Vivado/2019.1/data/ip'.
WARNING: [IP_Flow 19-4995] The host OS only allows 260 characters in a normal path. The IP cache path is more than 80 characters. If you experience issues with IP caching, please consider changing the IP cache to a location with a shorter path. Alternately consider using the OS subst command to map part of the path to a drive letter. 
Current IP cache path is c:/Users/DELL/Desktop/BETSS/hdmi_inout_po_konsultacji/hdmi_inout/hdmi_inout.cache/ip 
add_files: Time (s): cpu = 00:00:06 ; elapsed = 00:00:07 . Memory (MB): peak = 385.391 ; gain = 75.547
Command: synth_design -top hdmi_inout_bd_wrapper -part xc7z020clg400-1
Starting synth_design
Attempting to get a license for feature 'Synthesis' and/or device 'xc7z020'
INFO: [Common 17-349] Got license for feature 'Synthesis' and/or device 'xc7z020'
INFO: [Device 21-403] Loading part xc7z020clg400-1
INFO: Launching helper process for spawning children vivado processes
INFO: Helper process launched with PID 13348 
---------------------------------------------------------------------------------
Starting RTL Elaboration : Time (s): cpu = 00:00:03 ; elapsed = 00:00:04 . Memory (MB): peak = 839.078 ; gain = 176.824
---------------------------------------------------------------------------------
INFO: [Synth 8-6157] synthesizing module 'hdmi_inout_bd_wrapper' [C:/Users/DELL/Desktop/BETSS/hdmi_inout_po_konsultacji/hdmi_inout/hdmi_inout.srcs/sources_1/bd/hdmi_inout_bd/hdl/hdmi_inout_bd_wrapper.v:12]
INFO: [Synth 8-6157] synthesizing module 'hdmi_inout_bd' [C:/Users/DELL/Desktop/BETSS/hdmi_inout_po_konsultacji/hdmi_inout/hdmi_inout.srcs/sources_1/bd/hdmi_inout_bd/synth/hdmi_inout_bd.v:13]
INFO: [Synth 8-6157] synthesizing module 'hdmi_inout_bd_AXI_BayerToRGB_0_0' [C:/Users/DELL/Desktop/BETSS/hdmi_inout_po_konsultacji/hdmi_inout/hdmi_inout.runs/synth_1/.Xil/Vivado-17632-DESKTOP-S7H1TQT/realtime/hdmi_inout_bd_AXI_BayerToRGB_0_0_stub.v:6]
INFO: [Synth 8-6155] done synthesizing module 'hdmi_inout_bd_AXI_BayerToRGB_0_0' (1#1) [C:/Users/DELL/Desktop/BETSS/hdmi_inout_po_konsultacji/hdmi_inout/hdmi_inout.runs/synth_1/.Xil/Vivado-17632-DESKTOP-S7H1TQT/realtime/hdmi_inout_bd_AXI_BayerToRGB_0_0_stub.v:6]
WARNING: [Synth 8-7023] instance 'AXI_BayerToRGB_0' of module 'hdmi_inout_bd_AXI_BayerToRGB_0_0' has 12 connections declared, but only 9 given [C:/Users/DELL/Desktop/BETSS/hdmi_inout_po_konsultacji/hdmi_inout/hdmi_inout.srcs/sources_1/bd/hdmi_inout_bd/synth/hdmi_inout_bd.v:102]
INFO: [Synth 8-6157] synthesizing module 'hdmi_inout_bd_MIPI_CSI_2_RX_0_0' [C:/Users/DELL/Desktop/BETSS/hdmi_inout_po_konsultacji/hdmi_inout/hdmi_inout.runs/synth_1/.Xil/Vivado-17632-DESKTOP-S7H1TQT/realtime/hdmi_inout_bd_MIPI_CSI_2_RX_0_0_stub.v:6]
INFO: [Synth 8-6155] done synthesizing module 'hdmi_inout_bd_MIPI_CSI_2_RX_0_0' (2#1) [C:/Users/DELL/Desktop/BETSS/hdmi_inout_po_konsultacji/hdmi_inout/hdmi_inout.runs/synth_1/.Xil/Vivado-17632-DESKTOP-S7H1TQT/realtime/hdmi_inout_bd_MIPI_CSI_2_RX_0_0_stub.v:6]
WARNING: [Synth 8-7023] instance 'MIPI_CSI_2_RX_0' of module 'hdmi_inout_bd_MIPI_CSI_2_RX_0_0' has 31 connections declared, but only 29 given [C:/Users/DELL/Desktop/BETSS/hdmi_inout_po_konsultacji/hdmi_inout/hdmi_inout.srcs/sources_1/bd/hdmi_inout_bd/synth/hdmi_inout_bd.v:112]
INFO: [Synth 8-6157] synthesizing module 'hdmi_inout_bd_MIPI_D_PHY_RX_0_0' [C:/Users/DELL/Desktop/BETSS/hdmi_inout_po_konsultacji/hdmi_inout/hdmi_inout.runs/synth_1/.Xil/Vivado-17632-DESKTOP-S7H1TQT/realtime/hdmi_inout_bd_MIPI_D_PHY_RX_0_0_stub.v:6]
INFO: [Synth 8-6155] done synthesizing module 'hdmi_inout_bd_MIPI_D_PHY_RX_0_0' (3#1) [C:/Users/DELL/Desktop/BETSS/hdmi_inout_po_konsultacji/hdmi_inout/hdmi_inout.runs/synth_1/.Xil/Vivado-17632-DESKTOP-S7H1TQT/realtime/hdmi_inout_bd_MIPI_D_PHY_RX_0_0_stub.v:6]
WARNING: [Synth 8-7023] instance 'MIPI_D_PHY_RX_0' of module 'hdmi_inout_bd_MIPI_D_PHY_RX_0_0' has 56 connections declared, but only 27 given [C:/Users/DELL/Desktop/BETSS/hdmi_inout_po_konsultacji/hdmi_inout/hdmi_inout.srcs/sources_1/bd/hdmi_inout_bd/synth/hdmi_inout_bd.v:142]
INFO: [Synth 8-6157] synthesizing module 'hdmi_inout_bd_clk_wiz_0_1' [C:/Users/DELL/Desktop/BETSS/hdmi_inout_po_konsultacji/hdmi_inout/hdmi_inout.runs/synth_1/.Xil/Vivado-17632-DESKTOP-S7H1TQT/realtime/hdmi_inout_bd_clk_wiz_0_1_stub.v:5]
INFO: [Synth 8-6155] done synthesizing module 'hdmi_inout_bd_clk_wiz_0_1' (4#1) [C:/Users/DELL/Desktop/BETSS/hdmi_inout_po_konsultacji/hdmi_inout/hdmi_inout.runs/synth_1/.Xil/Vivado-17632-DESKTOP-S7H1TQT/realtime/hdmi_inout_bd_clk_wiz_0_1_stub.v:5]
INFO: [Synth 8-6157] synthesizing module 'hdmi_inout_bd_rgb2dvi_0_0' [C:/Users/DELL/Desktop/BETSS/hdmi_inout_po_konsultacji/hdmi_inout/hdmi_inout.runs/synth_1/.Xil/Vivado-17632-DESKTOP-S7H1TQT/realtime/hdmi_inout_bd_rgb2dvi_0_0_stub.v:6]
INFO: [Synth 8-6155] done synthesizing module 'hdmi_inout_bd_rgb2dvi_0_0' (5#1) [C:/Users/DELL/Desktop/BETSS/hdmi_inout_po_konsultacji/hdmi_inout/hdmi_inout.runs/synth_1/.Xil/Vivado-17632-DESKTOP-S7H1TQT/realtime/hdmi_inout_bd_rgb2dvi_0_0_stub.v:6]
INFO: [Synth 8-6157] synthesizing module 'hdmi_inout_bd_v_tc_0_1' [C:/Users/DELL/Desktop/BETSS/hdmi_inout_po_konsultacji/hdmi_inout/hdmi_inout.runs/synth_1/.Xil/Vivado-17632-DESKTOP-S7H1TQT/realtime/hdmi_inout_bd_v_tc_0_1_stub.v:6]
INFO: [Synth 8-6155] done synthesizing module 'hdmi_inout_bd_v_tc_0_1' (6#1) [C:/Users/DELL/Desktop/BETSS/hdmi_inout_po_konsultacji/hdmi_inout/hdmi_inout.runs/synth_1/.Xil/Vivado-17632-DESKTOP-S7H1TQT/realtime/hdmi_inout_bd_v_tc_0_1_stub.v:6]
WARNING: [Synth 8-7023] instance 'v_tc_0' of module 'hdmi_inout_bd_v_tc_0_1' has 38 connections declared, but only 26 given [C:/Users/DELL/Desktop/BETSS/hdmi_inout_po_konsultacji/hdmi_inout/hdmi_inout.srcs/sources_1/bd/hdmi_inout_bd/synth/hdmi_inout_bd.v:186]
INFO: [Synth 8-6157] synthesizing module 'hdmi_inout_bd_xlconstant_0_0' [c:/Users/DELL/Desktop/BETSS/hdmi_inout_po_konsultacji/hdmi_inout/hdmi_inout.srcs/sources_1/bd/hdmi_inout_bd/ip/hdmi_inout_bd_xlconstant_0_0/synth/hdmi_inout_bd_xlconstant_0_0.v:57]
INFO: [Synth 8-6157] synthesizing module 'xlconstant_v1_1_6_xlconstant' [c:/Users/DELL/Desktop/BETSS/hdmi_inout_po_konsultacji/hdmi_inout/hdmi_inout.srcs/sources_1/bd/hdmi_inout_bd/ipshared/66e7/hdl/xlconstant_v1_1_vl_rfs.v:23]
	Parameter CONST_VAL bound to: 1 - type: integer 
	Parameter CONST_WIDTH bound to: 1 - type: integer 
INFO: [Synth 8-6155] done synthesizing module 'xlconstant_v1_1_6_xlconstant' (7#1) [c:/Users/DELL/Desktop/BETSS/hdmi_inout_po_konsultacji/hdmi_inout/hdmi_inout.srcs/sources_1/bd/hdmi_inout_bd/ipshared/66e7/hdl/xlconstant_v1_1_vl_rfs.v:23]
INFO: [Synth 8-6155] done synthesizing module 'hdmi_inout_bd_xlconstant_0_0' (8#1) [c:/Users/DELL/Desktop/BETSS/hdmi_inout_po_konsultacji/hdmi_inout/hdmi_inout.srcs/sources_1/bd/hdmi_inout_bd/ip/hdmi_inout_bd_xlconstant_0_0/synth/hdmi_inout_bd_xlconstant_0_0.v:57]
INFO: [Synth 8-6155] done synthesizing module 'hdmi_inout_bd' (9#1) [C:/Users/DELL/Desktop/BETSS/hdmi_inout_po_konsultacji/hdmi_inout/hdmi_inout.srcs/sources_1/bd/hdmi_inout_bd/synth/hdmi_inout_bd.v:13]
INFO: [Synth 8-6155] done synthesizing module 'hdmi_inout_bd_wrapper' (10#1) [C:/Users/DELL/Desktop/BETSS/hdmi_inout_po_konsultacji/hdmi_inout/hdmi_inout.srcs/sources_1/bd/hdmi_inout_bd/hdl/hdmi_inout_bd_wrapper.v:12]
---------------------------------------------------------------------------------
Finished RTL Elaboration : Time (s): cpu = 00:00:04 ; elapsed = 00:00:05 . Memory (MB): peak = 907.797 ; gain = 245.543
---------------------------------------------------------------------------------

Report Check Netlist: 
+------+------------------+-------+---------+-------+------------------+
|      |Item              |Errors |Warnings |Status |Description       |
+------+------------------+-------+---------+-------+------------------+
|1     |multi_driven_nets |      0|        0|Passed |Multi driven nets |
+------+------------------+-------+---------+-------+------------------+
---------------------------------------------------------------------------------
Start Handling Custom Attributes
---------------------------------------------------------------------------------
---------------------------------------------------------------------------------
Finished Handling Custom Attributes : Time (s): cpu = 00:00:05 ; elapsed = 00:00:05 . Memory (MB): peak = 907.797 ; gain = 245.543
---------------------------------------------------------------------------------
---------------------------------------------------------------------------------
Finished RTL Optimization Phase 1 : Time (s): cpu = 00:00:05 ; elapsed = 00:00:05 . Memory (MB): peak = 907.797 ; gain = 245.543
---------------------------------------------------------------------------------
INFO: [Project 1-570] Preparing netlist for logic optimization

Processing XDC Constraints
Initializing timing engine
Parsing XDC File [c:/Users/DELL/Desktop/BETSS/hdmi_inout_po_konsultacji/hdmi_inout/hdmi_inout.srcs/sources_1/bd/hdmi_inout_bd/ip/hdmi_inout_bd_rgb2dvi_0_0/hdmi_inout_bd_rgb2dvi_0_0/hdmi_inout_bd_rgb2dvi_0_0_in_context.xdc] for cell 'hdmi_inout_bd_i/rgb2dvi_0'
Finished Parsing XDC File [c:/Users/DELL/Desktop/BETSS/hdmi_inout_po_konsultacji/hdmi_inout/hdmi_inout.srcs/sources_1/bd/hdmi_inout_bd/ip/hdmi_inout_bd_rgb2dvi_0_0/hdmi_inout_bd_rgb2dvi_0_0/hdmi_inout_bd_rgb2dvi_0_0_in_context.xdc] for cell 'hdmi_inout_bd_i/rgb2dvi_0'
Parsing XDC File [c:/Users/DELL/Desktop/BETSS/hdmi_inout_po_konsultacji/hdmi_inout/hdmi_inout.srcs/sources_1/bd/hdmi_inout_bd/ip/hdmi_inout_bd_MIPI_CSI_2_RX_0_0/hdmi_inout_bd_MIPI_CSI_2_RX_0_0/hdmi_inout_bd_MIPI_CSI_2_RX_0_0_in_context.xdc] for cell 'hdmi_inout_bd_i/MIPI_CSI_2_RX_0'
Finished Parsing XDC File [c:/Users/DELL/Desktop/BETSS/hdmi_inout_po_konsultacji/hdmi_inout/hdmi_inout.srcs/sources_1/bd/hdmi_inout_bd/ip/hdmi_inout_bd_MIPI_CSI_2_RX_0_0/hdmi_inout_bd_MIPI_CSI_2_RX_0_0/hdmi_inout_bd_MIPI_CSI_2_RX_0_0_in_context.xdc] for cell 'hdmi_inout_bd_i/MIPI_CSI_2_RX_0'
Parsing XDC File [c:/Users/DELL/Desktop/BETSS/hdmi_inout_po_konsultacji/hdmi_inout/hdmi_inout.srcs/sources_1/bd/hdmi_inout_bd/ip/hdmi_inout_bd_MIPI_D_PHY_RX_0_0/hdmi_inout_bd_MIPI_D_PHY_RX_0_0/hdmi_inout_bd_MIPI_D_PHY_RX_0_0_in_context.xdc] for cell 'hdmi_inout_bd_i/MIPI_D_PHY_RX_0'
Finished Parsing XDC File [c:/Users/DELL/Desktop/BETSS/hdmi_inout_po_konsultacji/hdmi_inout/hdmi_inout.srcs/sources_1/bd/hdmi_inout_bd/ip/hdmi_inout_bd_MIPI_D_PHY_RX_0_0/hdmi_inout_bd_MIPI_D_PHY_RX_0_0/hdmi_inout_bd_MIPI_D_PHY_RX_0_0_in_context.xdc] for cell 'hdmi_inout_bd_i/MIPI_D_PHY_RX_0'
Parsing XDC File [c:/Users/DELL/Desktop/BETSS/hdmi_inout_po_konsultacji/hdmi_inout/hdmi_inout.srcs/sources_1/bd/hdmi_inout_bd/ip/hdmi_inout_bd_AXI_BayerToRGB_0_0/hdmi_inout_bd_AXI_BayerToRGB_0_0/hdmi_inout_bd_AXI_BayerToRGB_0_0_in_context.xdc] for cell 'hdmi_inout_bd_i/AXI_BayerToRGB_0'
Finished Parsing XDC File [c:/Users/DELL/Desktop/BETSS/hdmi_inout_po_konsultacji/hdmi_inout/hdmi_inout.srcs/sources_1/bd/hdmi_inout_bd/ip/hdmi_inout_bd_AXI_BayerToRGB_0_0/hdmi_inout_bd_AXI_BayerToRGB_0_0/hdmi_inout_bd_AXI_BayerToRGB_0_0_in_context.xdc] for cell 'hdmi_inout_bd_i/AXI_BayerToRGB_0'
Parsing XDC File [c:/Users/DELL/Desktop/BETSS/hdmi_inout_po_konsultacji/hdmi_inout/hdmi_inout.srcs/sources_1/bd/hdmi_inout_bd/ip/hdmi_inout_bd_v_tc_0_1/hdmi_inout_bd_v_tc_0_1/hdmi_inout_bd_v_tc_0_1_in_context.xdc] for cell 'hdmi_inout_bd_i/v_tc_0'
Finished Parsing XDC File [c:/Users/DELL/Desktop/BETSS/hdmi_inout_po_konsultacji/hdmi_inout/hdmi_inout.srcs/sources_1/bd/hdmi_inout_bd/ip/hdmi_inout_bd_v_tc_0_1/hdmi_inout_bd_v_tc_0_1/hdmi_inout_bd_v_tc_0_1_in_context.xdc] for cell 'hdmi_inout_bd_i/v_tc_0'
Parsing XDC File [c:/Users/DELL/Desktop/BETSS/hdmi_inout_po_konsultacji/hdmi_inout/hdmi_inout.srcs/sources_1/bd/hdmi_inout_bd/ip/hdmi_inout_bd_clk_wiz_0_1/hdmi_inout_bd_clk_wiz_0_1/hdmi_inout_bd_clk_wiz_0_1_in_context.xdc] for cell 'hdmi_inout_bd_i/clk_wiz_0'
Finished Parsing XDC File [c:/Users/DELL/Desktop/BETSS/hdmi_inout_po_konsultacji/hdmi_inout/hdmi_inout.srcs/sources_1/bd/hdmi_inout_bd/ip/hdmi_inout_bd_clk_wiz_0_1/hdmi_inout_bd_clk_wiz_0_1/hdmi_inout_bd_clk_wiz_0_1_in_context.xdc] for cell 'hdmi_inout_bd_i/clk_wiz_0'
Parsing XDC File [C:/Users/DELL/Desktop/BETSS/hdmi_inout_po_konsultacji/hdmi_inout/hdmi_inout.srcs/constrs_1/new/zybo_z7.xdc]
Finished Parsing XDC File [C:/Users/DELL/Desktop/BETSS/hdmi_inout_po_konsultacji/hdmi_inout/hdmi_inout.srcs/constrs_1/new/zybo_z7.xdc]
INFO: [Project 1-236] Implementation specific constraints were found while reading constraint file [C:/Users/DELL/Desktop/BETSS/hdmi_inout_po_konsultacji/hdmi_inout/hdmi_inout.srcs/constrs_1/new/zybo_z7.xdc]. These constraints will be ignored for synthesis but will be used in implementation. Impacted constraints are listed in the file [.Xil/hdmi_inout_bd_wrapper_propImpl.xdc].
Resolution: To avoid this warning, move constraints listed in [.Xil/hdmi_inout_bd_wrapper_propImpl.xdc] to another XDC file and exclude this new file from synthesis with the used_in_synthesis property (File Properties dialog in GUI) and re-run elaboration/synthesis.
Parsing XDC File [C:/Users/DELL/Desktop/BETSS/hdmi_inout_po_konsultacji/hdmi_inout/hdmi_inout.runs/synth_1/dont_touch.xdc]
Finished Parsing XDC File [C:/Users/DELL/Desktop/BETSS/hdmi_inout_po_konsultacji/hdmi_inout/hdmi_inout.runs/synth_1/dont_touch.xdc]
Completed Processing XDC Constraints

Netlist sorting complete. Time (s): cpu = 00:00:00 ; elapsed = 00:00:00 . Memory (MB): peak = 971.531 ; gain = 0.000
INFO: [Project 1-111] Unisim Transformation Summary:
No Unisim elements were transformed.

Constraint Validation Runtime : Time (s): cpu = 00:00:00 ; elapsed = 00:00:00.008 . Memory (MB): peak = 971.531 ; gain = 0.000
WARNING: [Timing 38-316] Clock period '10.000' specified during out-of-context synthesis of instance 'hdmi_inout_bd_i/MIPI_CSI_2_RX_0' at clock pin 'video_aclk' is different from the actual clock period '5.000', this can lead to different synthesis results.
WARNING: [Timing 38-316] Clock period '10.000' specified during out-of-context synthesis of instance 'hdmi_inout_bd_i/MIPI_D_PHY_RX_0' at clock pin 'dphy_clk_hs_p' is different from the actual clock period '2.976', this can lead to different synthesis results.
WARNING: [Timing 38-316] Clock period '6.060' specified during out-of-context synthesis of instance 'hdmi_inout_bd_i/rgb2dvi_0' at clock pin 'PixelClk' is different from the actual clock period '4.000', this can lead to different synthesis results.
---------------------------------------------------------------------------------
Finished Constraint Validation : Time (s): cpu = 00:00:11 ; elapsed = 00:00:12 . Memory (MB): peak = 974.488 ; gain = 312.234
---------------------------------------------------------------------------------
---------------------------------------------------------------------------------
Start Loading Part and Timing Information
---------------------------------------------------------------------------------
Loading part: xc7z020clg400-1
---------------------------------------------------------------------------------
Finished Loading Part and Timing Information : Time (s): cpu = 00:00:11 ; elapsed = 00:00:12 . Memory (MB): peak = 974.488 ; gain = 312.234
---------------------------------------------------------------------------------
---------------------------------------------------------------------------------
Start Applying 'set_property' XDC Constraints
---------------------------------------------------------------------------------
Applied set_property IO_BUFFER_TYPE = NONE for hdmi_tx_clk_n. (constraint file  c:/Users/DELL/Desktop/BETSS/hdmi_inout_po_konsultacji/hdmi_inout/hdmi_inout.srcs/sources_1/bd/hdmi_inout_bd/ip/hdmi_inout_bd_rgb2dvi_0_0/hdmi_inout_bd_rgb2dvi_0_0/hdmi_inout_bd_rgb2dvi_0_0_in_context.xdc, line 1).
Applied set_property CLOCK_BUFFER_TYPE = NONE for hdmi_tx_clk_n. (constraint file  c:/Users/DELL/Desktop/BETSS/hdmi_inout_po_konsultacji/hdmi_inout/hdmi_inout.srcs/sources_1/bd/hdmi_inout_bd/ip/hdmi_inout_bd_rgb2dvi_0_0/hdmi_inout_bd_rgb2dvi_0_0/hdmi_inout_bd_rgb2dvi_0_0_in_context.xdc, line 2).
Applied set_property IO_BUFFER_TYPE = NONE for hdmi_tx_clk_p. (constraint file  c:/Users/DELL/Desktop/BETSS/hdmi_inout_po_konsultacji/hdmi_inout/hdmi_inout.srcs/sources_1/bd/hdmi_inout_bd/ip/hdmi_inout_bd_rgb2dvi_0_0/hdmi_inout_bd_rgb2dvi_0_0/hdmi_inout_bd_rgb2dvi_0_0_in_context.xdc, line 3).
Applied set_property CLOCK_BUFFER_TYPE = NONE for hdmi_tx_clk_p. (constraint file  c:/Users/DELL/Desktop/BETSS/hdmi_inout_po_konsultacji/hdmi_inout/hdmi_inout.srcs/sources_1/bd/hdmi_inout_bd/ip/hdmi_inout_bd_rgb2dvi_0_0/hdmi_inout_bd_rgb2dvi_0_0/hdmi_inout_bd_rgb2dvi_0_0_in_context.xdc, line 4).
Applied set_property IO_BUFFER_TYPE = NONE for hdmi_tx_data_n[0]. (constraint file  c:/Users/DELL/Desktop/BETSS/hdmi_inout_po_konsultacji/hdmi_inout/hdmi_inout.srcs/sources_1/bd/hdmi_inout_bd/ip/hdmi_inout_bd_rgb2dvi_0_0/hdmi_inout_bd_rgb2dvi_0_0/hdmi_inout_bd_rgb2dvi_0_0_in_context.xdc, line 5).
Applied set_property CLOCK_BUFFER_TYPE = NONE for hdmi_tx_data_n[0]. (constraint file  c:/Users/DELL/Desktop/BETSS/hdmi_inout_po_konsultacji/hdmi_inout/hdmi_inout.srcs/sources_1/bd/hdmi_inout_bd/ip/hdmi_inout_bd_rgb2dvi_0_0/hdmi_inout_bd_rgb2dvi_0_0/hdmi_inout_bd_rgb2dvi_0_0_in_context.xdc, line 6).
Applied set_property IO_BUFFER_TYPE = NONE for hdmi_tx_data_n[1]. (constraint file  c:/Users/DELL/Desktop/BETSS/hdmi_inout_po_konsultacji/hdmi_inout/hdmi_inout.srcs/sources_1/bd/hdmi_inout_bd/ip/hdmi_inout_bd_rgb2dvi_0_0/hdmi_inout_bd_rgb2dvi_0_0/hdmi_inout_bd_rgb2dvi_0_0_in_context.xdc, line 7).
Applied set_property CLOCK_BUFFER_TYPE = NONE for hdmi_tx_data_n[1]. (constraint file  c:/Users/DELL/Desktop/BETSS/hdmi_inout_po_konsultacji/hdmi_inout/hdmi_inout.srcs/sources_1/bd/hdmi_inout_bd/ip/hdmi_inout_bd_rgb2dvi_0_0/hdmi_inout_bd_rgb2dvi_0_0/hdmi_inout_bd_rgb2dvi_0_0_in_context.xdc, line 8).
Applied set_property IO_BUFFER_TYPE = NONE for hdmi_tx_data_n[2]. (constraint file  c:/Users/DELL/Desktop/BETSS/hdmi_inout_po_konsultacji/hdmi_inout/hdmi_inout.srcs/sources_1/bd/hdmi_inout_bd/ip/hdmi_inout_bd_rgb2dvi_0_0/hdmi_inout_bd_rgb2dvi_0_0/hdmi_inout_bd_rgb2dvi_0_0_in_context.xdc, line 9).
Applied set_property CLOCK_BUFFER_TYPE = NONE for hdmi_tx_data_n[2]. (constraint file  c:/Users/DELL/Desktop/BETSS/hdmi_inout_po_konsultacji/hdmi_inout/hdmi_inout.srcs/sources_1/bd/hdmi_inout_bd/ip/hdmi_inout_bd_rgb2dvi_0_0/hdmi_inout_bd_rgb2dvi_0_0/hdmi_inout_bd_rgb2dvi_0_0_in_context.xdc, line 10).
Applied set_property IO_BUFFER_TYPE = NONE for hdmi_tx_data_p[0]. (constraint file  c:/Users/DELL/Desktop/BETSS/hdmi_inout_po_konsultacji/hdmi_inout/hdmi_inout.srcs/sources_1/bd/hdmi_inout_bd/ip/hdmi_inout_bd_rgb2dvi_0_0/hdmi_inout_bd_rgb2dvi_0_0/hdmi_inout_bd_rgb2dvi_0_0_in_context.xdc, line 11).
Applied set_property CLOCK_BUFFER_TYPE = NONE for hdmi_tx_data_p[0]. (constraint file  c:/Users/DELL/Desktop/BETSS/hdmi_inout_po_konsultacji/hdmi_inout/hdmi_inout.srcs/sources_1/bd/hdmi_inout_bd/ip/hdmi_inout_bd_rgb2dvi_0_0/hdmi_inout_bd_rgb2dvi_0_0/hdmi_inout_bd_rgb2dvi_0_0_in_context.xdc, line 12).
Applied set_property IO_BUFFER_TYPE = NONE for hdmi_tx_data_p[1]. (constraint file  c:/Users/DELL/Desktop/BETSS/hdmi_inout_po_konsultacji/hdmi_inout/hdmi_inout.srcs/sources_1/bd/hdmi_inout_bd/ip/hdmi_inout_bd_rgb2dvi_0_0/hdmi_inout_bd_rgb2dvi_0_0/hdmi_inout_bd_rgb2dvi_0_0_in_context.xdc, line 13).
Applied set_property CLOCK_BUFFER_TYPE = NONE for hdmi_tx_data_p[1]. (constraint file  c:/Users/DELL/Desktop/BETSS/hdmi_inout_po_konsultacji/hdmi_inout/hdmi_inout.srcs/sources_1/bd/hdmi_inout_bd/ip/hdmi_inout_bd_rgb2dvi_0_0/hdmi_inout_bd_rgb2dvi_0_0/hdmi_inout_bd_rgb2dvi_0_0_in_context.xdc, line 14).
Applied set_property IO_BUFFER_TYPE = NONE for hdmi_tx_data_p[2]. (constraint file  c:/Users/DELL/Desktop/BETSS/hdmi_inout_po_konsultacji/hdmi_inout/hdmi_inout.srcs/sources_1/bd/hdmi_inout_bd/ip/hdmi_inout_bd_rgb2dvi_0_0/hdmi_inout_bd_rgb2dvi_0_0/hdmi_inout_bd_rgb2dvi_0_0_in_context.xdc, line 15).
Applied set_property CLOCK_BUFFER_TYPE = NONE for hdmi_tx_data_p[2]. (constraint file  c:/Users/DELL/Desktop/BETSS/hdmi_inout_po_konsultacji/hdmi_inout/hdmi_inout.srcs/sources_1/bd/hdmi_inout_bd/ip/hdmi_inout_bd_rgb2dvi_0_0/hdmi_inout_bd_rgb2dvi_0_0/hdmi_inout_bd_rgb2dvi_0_0_in_context.xdc, line 16).
Applied set_property IO_BUFFER_TYPE = NONE for dphy_hs_clock_clk_n. (constraint file  c:/Users/DELL/Desktop/BETSS/hdmi_inout_po_konsultacji/hdmi_inout/hdmi_inout.srcs/sources_1/bd/hdmi_inout_bd/ip/hdmi_inout_bd_MIPI_D_PHY_RX_0_0/hdmi_inout_bd_MIPI_D_PHY_RX_0_0/hdmi_inout_bd_MIPI_D_PHY_RX_0_0_in_context.xdc, line 3).
Applied set_property CLOCK_BUFFER_TYPE = NONE for dphy_hs_clock_clk_n. (constraint file  c:/Users/DELL/Desktop/BETSS/hdmi_inout_po_konsultacji/hdmi_inout/hdmi_inout.srcs/sources_1/bd/hdmi_inout_bd/ip/hdmi_inout_bd_MIPI_D_PHY_RX_0_0/hdmi_inout_bd_MIPI_D_PHY_RX_0_0/hdmi_inout_bd_MIPI_D_PHY_RX_0_0_in_context.xdc, line 4).
Applied set_property IO_BUFFER_TYPE = NONE for dphy_hs_clock_clk_p. (constraint file  c:/Users/DELL/Desktop/BETSS/hdmi_inout_po_konsultacji/hdmi_inout/hdmi_inout.srcs/sources_1/bd/hdmi_inout_bd/ip/hdmi_inout_bd_MIPI_D_PHY_RX_0_0/hdmi_inout_bd_MIPI_D_PHY_RX_0_0/hdmi_inout_bd_MIPI_D_PHY_RX_0_0_in_context.xdc, line 5).
Applied set_property CLOCK_BUFFER_TYPE = NONE for dphy_hs_clock_clk_p. (constraint file  c:/Users/DELL/Desktop/BETSS/hdmi_inout_po_konsultacji/hdmi_inout/hdmi_inout.srcs/sources_1/bd/hdmi_inout_bd/ip/hdmi_inout_bd_MIPI_D_PHY_RX_0_0/hdmi_inout_bd_MIPI_D_PHY_RX_0_0/hdmi_inout_bd_MIPI_D_PHY_RX_0_0_in_context.xdc, line 6).
Applied set_property IO_BUFFER_TYPE = NONE for dphy_clk_lp_n. (constraint file  c:/Users/DELL/Desktop/BETSS/hdmi_inout_po_konsultacji/hdmi_inout/hdmi_inout.srcs/sources_1/bd/hdmi_inout_bd/ip/hdmi_inout_bd_MIPI_D_PHY_RX_0_0/hdmi_inout_bd_MIPI_D_PHY_RX_0_0/hdmi_inout_bd_MIPI_D_PHY_RX_0_0_in_context.xdc, line 7).
Applied set_property CLOCK_BUFFER_TYPE = NONE for dphy_clk_lp_n. (constraint file  c:/Users/DELL/Desktop/BETSS/hdmi_inout_po_konsultacji/hdmi_inout/hdmi_inout.srcs/sources_1/bd/hdmi_inout_bd/ip/hdmi_inout_bd_MIPI_D_PHY_RX_0_0/hdmi_inout_bd_MIPI_D_PHY_RX_0_0/hdmi_inout_bd_MIPI_D_PHY_RX_0_0_in_context.xdc, line 8).
Applied set_property IO_BUFFER_TYPE = NONE for dphy_clk_lp_p. (constraint file  c:/Users/DELL/Desktop/BETSS/hdmi_inout_po_konsultacji/hdmi_inout/hdmi_inout.srcs/sources_1/bd/hdmi_inout_bd/ip/hdmi_inout_bd_MIPI_D_PHY_RX_0_0/hdmi_inout_bd_MIPI_D_PHY_RX_0_0/hdmi_inout_bd_MIPI_D_PHY_RX_0_0_in_context.xdc, line 9).
Applied set_property CLOCK_BUFFER_TYPE = NONE for dphy_clk_lp_p. (constraint file  c:/Users/DELL/Desktop/BETSS/hdmi_inout_po_konsultacji/hdmi_inout/hdmi_inout.srcs/sources_1/bd/hdmi_inout_bd/ip/hdmi_inout_bd_MIPI_D_PHY_RX_0_0/hdmi_inout_bd_MIPI_D_PHY_RX_0_0/hdmi_inout_bd_MIPI_D_PHY_RX_0_0_in_context.xdc, line 10).
Applied set_property IO_BUFFER_TYPE = NONE for dphy_data_hs_n[0]. (constraint file  c:/Users/DELL/Desktop/BETSS/hdmi_inout_po_konsultacji/hdmi_inout/hdmi_inout.srcs/sources_1/bd/hdmi_inout_bd/ip/hdmi_inout_bd_MIPI_D_PHY_RX_0_0/hdmi_inout_bd_MIPI_D_PHY_RX_0_0/hdmi_inout_bd_MIPI_D_PHY_RX_0_0_in_context.xdc, line 11).
Applied set_property CLOCK_BUFFER_TYPE = NONE for dphy_data_hs_n[0]. (constraint file  c:/Users/DELL/Desktop/BETSS/hdmi_inout_po_konsultacji/hdmi_inout/hdmi_inout.srcs/sources_1/bd/hdmi_inout_bd/ip/hdmi_inout_bd_MIPI_D_PHY_RX_0_0/hdmi_inout_bd_MIPI_D_PHY_RX_0_0/hdmi_inout_bd_MIPI_D_PHY_RX_0_0_in_context.xdc, line 12).
Applied set_property IO_BUFFER_TYPE = NONE for dphy_data_hs_n[1]. (constraint file  c:/Users/DELL/Desktop/BETSS/hdmi_inout_po_konsultacji/hdmi_inout/hdmi_inout.srcs/sources_1/bd/hdmi_inout_bd/ip/hdmi_inout_bd_MIPI_D_PHY_RX_0_0/hdmi_inout_bd_MIPI_D_PHY_RX_0_0/hdmi_inout_bd_MIPI_D_PHY_RX_0_0_in_context.xdc, line 13).
Applied set_property CLOCK_BUFFER_TYPE = NONE for dphy_data_hs_n[1]. (constraint file  c:/Users/DELL/Desktop/BETSS/hdmi_inout_po_konsultacji/hdmi_inout/hdmi_inout.srcs/sources_1/bd/hdmi_inout_bd/ip/hdmi_inout_bd_MIPI_D_PHY_RX_0_0/hdmi_inout_bd_MIPI_D_PHY_RX_0_0/hdmi_inout_bd_MIPI_D_PHY_RX_0_0_in_context.xdc, line 14).
Applied set_property IO_BUFFER_TYPE = NONE for dphy_data_hs_p[0]. (constraint file  c:/Users/DELL/Desktop/BETSS/hdmi_inout_po_konsultacji/hdmi_inout/hdmi_inout.srcs/sources_1/bd/hdmi_inout_bd/ip/hdmi_inout_bd_MIPI_D_PHY_RX_0_0/hdmi_inout_bd_MIPI_D_PHY_RX_0_0/hdmi_inout_bd_MIPI_D_PHY_RX_0_0_in_context.xdc, line 15).
Applied set_property CLOCK_BUFFER_TYPE = NONE for dphy_data_hs_p[0]. (constraint file  c:/Users/DELL/Desktop/BETSS/hdmi_inout_po_konsultacji/hdmi_inout/hdmi_inout.srcs/sources_1/bd/hdmi_inout_bd/ip/hdmi_inout_bd_MIPI_D_PHY_RX_0_0/hdmi_inout_bd_MIPI_D_PHY_RX_0_0/hdmi_inout_bd_MIPI_D_PHY_RX_0_0_in_context.xdc, line 16).
Applied set_property IO_BUFFER_TYPE = NONE for dphy_data_hs_p[1]. (constraint file  c:/Users/DELL/Desktop/BETSS/hdmi_inout_po_konsultacji/hdmi_inout/hdmi_inout.srcs/sources_1/bd/hdmi_inout_bd/ip/hdmi_inout_bd_MIPI_D_PHY_RX_0_0/hdmi_inout_bd_MIPI_D_PHY_RX_0_0/hdmi_inout_bd_MIPI_D_PHY_RX_0_0_in_context.xdc, line 17).
Applied set_property CLOCK_BUFFER_TYPE = NONE for dphy_data_hs_p[1]. (constraint file  c:/Users/DELL/Desktop/BETSS/hdmi_inout_po_konsultacji/hdmi_inout/hdmi_inout.srcs/sources_1/bd/hdmi_inout_bd/ip/hdmi_inout_bd_MIPI_D_PHY_RX_0_0/hdmi_inout_bd_MIPI_D_PHY_RX_0_0/hdmi_inout_bd_MIPI_D_PHY_RX_0_0_in_context.xdc, line 18).
Applied set_property IO_BUFFER_TYPE = NONE for dphy_data_lp_n[0]. (constraint file  c:/Users/DELL/Desktop/BETSS/hdmi_inout_po_konsultacji/hdmi_inout/hdmi_inout.srcs/sources_1/bd/hdmi_inout_bd/ip/hdmi_inout_bd_MIPI_D_PHY_RX_0_0/hdmi_inout_bd_MIPI_D_PHY_RX_0_0/hdmi_inout_bd_MIPI_D_PHY_RX_0_0_in_context.xdc, line 19).
Applied set_property CLOCK_BUFFER_TYPE = NONE for dphy_data_lp_n[0]. (constraint file  c:/Users/DELL/Desktop/BETSS/hdmi_inout_po_konsultacji/hdmi_inout/hdmi_inout.srcs/sources_1/bd/hdmi_inout_bd/ip/hdmi_inout_bd_MIPI_D_PHY_RX_0_0/hdmi_inout_bd_MIPI_D_PHY_RX_0_0/hdmi_inout_bd_MIPI_D_PHY_RX_0_0_in_context.xdc, line 20).
Applied set_property IO_BUFFER_TYPE = NONE for dphy_data_lp_p[0]. (constraint file  c:/Users/DELL/Desktop/BETSS/hdmi_inout_po_konsultacji/hdmi_inout/hdmi_inout.srcs/sources_1/bd/hdmi_inout_bd/ip/hdmi_inout_bd_MIPI_D_PHY_RX_0_0/hdmi_inout_bd_MIPI_D_PHY_RX_0_0/hdmi_inout_bd_MIPI_D_PHY_RX_0_0_in_context.xdc, line 21).
Applied set_property CLOCK_BUFFER_TYPE = NONE for dphy_data_lp_p[0]. (constraint file  c:/Users/DELL/Desktop/BETSS/hdmi_inout_po_konsultacji/hdmi_inout/hdmi_inout.srcs/sources_1/bd/hdmi_inout_bd/ip/hdmi_inout_bd_MIPI_D_PHY_RX_0_0/hdmi_inout_bd_MIPI_D_PHY_RX_0_0/hdmi_inout_bd_MIPI_D_PHY_RX_0_0_in_context.xdc, line 22).
Applied set_property IO_BUFFER_TYPE = NONE for sys_clock. (constraint file  c:/Users/DELL/Desktop/BETSS/hdmi_inout_po_konsultacji/hdmi_inout/hdmi_inout.srcs/sources_1/bd/hdmi_inout_bd/ip/hdmi_inout_bd_clk_wiz_0_1/hdmi_inout_bd_clk_wiz_0_1/hdmi_inout_bd_clk_wiz_0_1_in_context.xdc, line 5).
Applied set_property CLOCK_BUFFER_TYPE = NONE for sys_clock. (constraint file  c:/Users/DELL/Desktop/BETSS/hdmi_inout_po_konsultacji/hdmi_inout/hdmi_inout.srcs/sources_1/bd/hdmi_inout_bd/ip/hdmi_inout_bd_clk_wiz_0_1/hdmi_inout_bd_clk_wiz_0_1/hdmi_inout_bd_clk_wiz_0_1_in_context.xdc, line 6).
Applied set_property DONT_TOUCH = true for hdmi_inout_bd_i. (constraint file  auto generated constraint, line ).
Applied set_property DONT_TOUCH = true for hdmi_inout_bd_i/rgb2dvi_0. (constraint file  auto generated constraint, line ).
Applied set_property DONT_TOUCH = true for hdmi_inout_bd_i/xlconstant_0. (constraint file  auto generated constraint, line ).
Applied set_property DONT_TOUCH = true for hdmi_inout_bd_i/MIPI_CSI_2_RX_0. (constraint file  auto generated constraint, line ).
Applied set_property DONT_TOUCH = true for hdmi_inout_bd_i/MIPI_D_PHY_RX_0. (constraint file  auto generated constraint, line ).
Applied set_property DONT_TOUCH = true for hdmi_inout_bd_i/AXI_BayerToRGB_0. (constraint file  auto generated constraint, line ).
Applied set_property DONT_TOUCH = true for hdmi_inout_bd_i/v_tc_0. (constraint file  auto generated constraint, line ).
Applied set_property DONT_TOUCH = true for hdmi_inout_bd_i/clk_wiz_0. (constraint file  auto generated constraint, line ).
---------------------------------------------------------------------------------
Finished applying 'set_property' XDC Constraints : Time (s): cpu = 00:00:11 ; elapsed = 00:00:12 . Memory (MB): peak = 974.488 ; gain = 312.234
---------------------------------------------------------------------------------
---------------------------------------------------------------------------------
Finished RTL Optimization Phase 2 : Time (s): cpu = 00:00:11 ; elapsed = 00:00:12 . Memory (MB): peak = 974.488 ; gain = 312.234
---------------------------------------------------------------------------------

Report RTL Partitions: 
+-+--------------+------------+----------+
| |RTL Partition |Replication |Instances |
+-+--------------+------------+----------+
+-+--------------+------------+----------+
---------------------------------------------------------------------------------
Start RTL Component Statistics 
---------------------------------------------------------------------------------
Detailed RTL Component Info : 
---------------------------------------------------------------------------------
Finished RTL Component Statistics 
---------------------------------------------------------------------------------
---------------------------------------------------------------------------------
Start RTL Hierarchical Component Statistics 
---------------------------------------------------------------------------------
Hierarchical RTL Component report 
---------------------------------------------------------------------------------
Finished RTL Hierarchical Component Statistics
---------------------------------------------------------------------------------
---------------------------------------------------------------------------------
Start Part Resource Summary
---------------------------------------------------------------------------------
Part Resources:
DSPs: 220 (col length:60)
BRAMs: 280 (col length: RAMB18 60 RAMB36 30)
---------------------------------------------------------------------------------
Finished Part Resource Summary
---------------------------------------------------------------------------------
---------------------------------------------------------------------------------
Start Cross Boundary and Area Optimization
---------------------------------------------------------------------------------
Warning: Parallel synthesis criteria is not met 
---------------------------------------------------------------------------------
Finished Cross Boundary and Area Optimization : Time (s): cpu = 00:00:12 ; elapsed = 00:00:13 . Memory (MB): peak = 974.488 ; gain = 312.234
---------------------------------------------------------------------------------

Report RTL Partitions: 
+-+--------------+------------+----------+
| |RTL Partition |Replication |Instances |
+-+--------------+------------+----------+
+-+--------------+------------+----------+
---------------------------------------------------------------------------------
Start Applying XDC Timing Constraints
---------------------------------------------------------------------------------
INFO: [Synth 8-5578] Moved timing constraint from pin 'hdmi_inout_bd_i/MIPI_D_PHY_RX_0/RxDDRClkHS' to pin 'hdmi_inout_bd_i/MIPI_D_PHY_RX_0/bbstub_RxDDRClkHS/O'
INFO: [Synth 8-5578] Moved timing constraint from pin 'hdmi_inout_bd_i/MIPI_D_PHY_RX_0/RxByteClkHS' to pin 'hdmi_inout_bd_i/MIPI_D_PHY_RX_0/bbstub_RxByteClkHS/O'
INFO: [Synth 8-5578] Moved timing constraint from pin 'hdmi_inout_bd_i/clk_wiz_0/clk_out1' to pin 'hdmi_inout_bd_i/clk_wiz_0/bbstub_clk_out1/O'
INFO: [Synth 8-5578] Moved timing constraint from pin 'hdmi_inout_bd_i/clk_wiz_0/clk_out2' to pin 'hdmi_inout_bd_i/clk_wiz_0/bbstub_clk_out2/O'
INFO: [Synth 8-5578] Moved timing constraint from pin 'hdmi_inout_bd_i/clk_wiz_0/clk_out3' to pin 'hdmi_inout_bd_i/clk_wiz_0/bbstub_clk_out3/O'
INFO: [Synth 8-5819] Moved 5 constraints on hierarchical pins to their respective driving/loading pins
---------------------------------------------------------------------------------
Finished Applying XDC Timing Constraints : Time (s): cpu = 00:00:20 ; elapsed = 00:00:21 . Memory (MB): peak = 992.238 ; gain = 329.984
---------------------------------------------------------------------------------
---------------------------------------------------------------------------------
Start Timing Optimization
---------------------------------------------------------------------------------
---------------------------------------------------------------------------------
Finished Timing Optimization : Time (s): cpu = 00:00:20 ; elapsed = 00:00:21 . Memory (MB): peak = 992.238 ; gain = 329.984
---------------------------------------------------------------------------------

Report RTL Partitions: 
+-+--------------+------------+----------+
| |RTL Partition |Replication |Instances |
+-+--------------+------------+----------+
+-+--------------+------------+----------+
---------------------------------------------------------------------------------
Start Technology Mapping
---------------------------------------------------------------------------------
---------------------------------------------------------------------------------
Finished Technology Mapping : Time (s): cpu = 00:00:20 ; elapsed = 00:00:21 . Memory (MB): peak = 1002.328 ; gain = 340.074
---------------------------------------------------------------------------------

Report RTL Partitions: 
+-+--------------+------------+----------+
| |RTL Partition |Replication |Instances |
+-+--------------+------------+----------+
+-+--------------+------------+----------+
---------------------------------------------------------------------------------
Start IO Insertion
---------------------------------------------------------------------------------
---------------------------------------------------------------------------------
Start Flattening Before IO Insertion
---------------------------------------------------------------------------------
---------------------------------------------------------------------------------
Finished Flattening Before IO Insertion
---------------------------------------------------------------------------------
---------------------------------------------------------------------------------
Start Final Netlist Cleanup
---------------------------------------------------------------------------------
---------------------------------------------------------------------------------
Finished Final Netlist Cleanup
---------------------------------------------------------------------------------
---------------------------------------------------------------------------------
Finished IO Insertion : Time (s): cpu = 00:00:22 ; elapsed = 00:00:23 . Memory (MB): peak = 1018.090 ; gain = 355.836
---------------------------------------------------------------------------------

Report Check Netlist: 
+------+------------------+-------+---------+-------+------------------+
|      |Item              |Errors |Warnings |Status |Description       |
+------+------------------+-------+---------+-------+------------------+
|1     |multi_driven_nets |      0|        0|Passed |Multi driven nets |
+------+------------------+-------+---------+-------+------------------+
---------------------------------------------------------------------------------
Start Renaming Generated Instances
---------------------------------------------------------------------------------
---------------------------------------------------------------------------------
Finished Renaming Generated Instances : Time (s): cpu = 00:00:22 ; elapsed = 00:00:23 . Memory (MB): peak = 1018.090 ; gain = 355.836
---------------------------------------------------------------------------------

Report RTL Partitions: 
+-+--------------+------------+----------+
| |RTL Partition |Replication |Instances |
+-+--------------+------------+----------+
+-+--------------+------------+----------+
---------------------------------------------------------------------------------
Start Rebuilding User Hierarchy
---------------------------------------------------------------------------------
---------------------------------------------------------------------------------
Finished Rebuilding User Hierarchy : Time (s): cpu = 00:00:22 ; elapsed = 00:00:23 . Memory (MB): peak = 1018.090 ; gain = 355.836
---------------------------------------------------------------------------------
---------------------------------------------------------------------------------
Start Renaming Generated Ports
---------------------------------------------------------------------------------
---------------------------------------------------------------------------------
Finished Renaming Generated Ports : Time (s): cpu = 00:00:22 ; elapsed = 00:00:23 . Memory (MB): peak = 1018.090 ; gain = 355.836
---------------------------------------------------------------------------------
---------------------------------------------------------------------------------
Start Handling Custom Attributes
---------------------------------------------------------------------------------
---------------------------------------------------------------------------------
Finished Handling Custom Attributes : Time (s): cpu = 00:00:22 ; elapsed = 00:00:23 . Memory (MB): peak = 1018.090 ; gain = 355.836
---------------------------------------------------------------------------------
---------------------------------------------------------------------------------
Start Renaming Generated Nets
---------------------------------------------------------------------------------
---------------------------------------------------------------------------------
Finished Renaming Generated Nets : Time (s): cpu = 00:00:22 ; elapsed = 00:00:23 . Memory (MB): peak = 1018.090 ; gain = 355.836
---------------------------------------------------------------------------------
---------------------------------------------------------------------------------
Start Writing Synthesis Report
---------------------------------------------------------------------------------

Report BlackBoxes: 
+------+---------------------------------+----------+
|      |BlackBox name                    |Instances |
+------+---------------------------------+----------+
|1     |hdmi_inout_bd_AXI_BayerToRGB_0_0 |         1|
|2     |hdmi_inout_bd_MIPI_CSI_2_RX_0_0  |         1|
|3     |hdmi_inout_bd_MIPI_D_PHY_RX_0_0  |         1|
|4     |hdmi_inout_bd_clk_wiz_0_1        |         1|
|5     |hdmi_inout_bd_rgb2dvi_0_0        |         1|
|6     |hdmi_inout_bd_v_tc_0_1           |         1|
+------+---------------------------------+----------+

Report Cell Usage: 
+------+---------------------------------+------+
|      |Cell                             |Count |
+------+---------------------------------+------+
|1     |hdmi_inout_bd_AXI_BayerToRGB_0_0 |     1|
|2     |hdmi_inout_bd_MIPI_CSI_2_RX_0_0  |     1|
|3     |hdmi_inout_bd_MIPI_D_PHY_RX_0_0  |     1|
|4     |hdmi_inout_bd_clk_wiz_0_1        |     1|
|5     |hdmi_inout_bd_rgb2dvi_0_0        |     1|
|6     |hdmi_inout_bd_v_tc_0_1           |     1|
|7     |IBUF                             |     3|
|8     |OBUF                             |     1|
+------+---------------------------------+------+

Report Instance Areas: 
+------+------------------+-----------------------------+------+
|      |Instance          |Module                       |Cells |
+------+------------------+-----------------------------+------+
|1     |top               |                             |   221|
|2     |  hdmi_inout_bd_i |hdmi_inout_bd                |   217|
|3     |    xlconstant_0  |hdmi_inout_bd_xlconstant_0_0 |     0|
+------+------------------+-----------------------------+------+
---------------------------------------------------------------------------------
Finished Writing Synthesis Report : Time (s): cpu = 00:00:22 ; elapsed = 00:00:23 . Memory (MB): peak = 1018.090 ; gain = 355.836
---------------------------------------------------------------------------------
Synthesis finished with 0 errors, 0 critical warnings and 0 warnings.
Synthesis Optimization Runtime : Time (s): cpu = 00:00:15 ; elapsed = 00:00:21 . Memory (MB): peak = 1018.090 ; gain = 289.145
Synthesis Optimization Complete : Time (s): cpu = 00:00:22 ; elapsed = 00:00:24 . Memory (MB): peak = 1018.090 ; gain = 355.836
INFO: [Project 1-571] Translating synthesized netlist
INFO: [Project 1-570] Preparing netlist for logic optimization
INFO: [Opt 31-138] Pushed 0 inverter(s) to 0 load pin(s).
Netlist sorting complete. Time (s): cpu = 00:00:00 ; elapsed = 00:00:00 . Memory (MB): peak = 1036.836 ; gain = 0.000
INFO: [Project 1-111] Unisim Transformation Summary:
No Unisim elements were transformed.

INFO: [Common 17-83] Releasing license: Synthesis
40 Infos, 8 Warnings, 0 Critical Warnings and 0 Errors encountered.
synth_design completed successfully
synth_design: Time (s): cpu = 00:00:28 ; elapsed = 00:00:31 . Memory (MB): peak = 1036.836 ; gain = 651.445
Netlist sorting complete. Time (s): cpu = 00:00:00 ; elapsed = 00:00:00 . Memory (MB): peak = 1036.836 ; gain = 0.000
WARNING: [Constraints 18-5210] No constraints selected for write.
Resolution: This message can indicate that there are no constraints for the design, or it can indicate that the used_in flags are set such that the constraints are ignored. This later case is used when running synth_design to not write synthesis constraints to the resulting checkpoint. Instead, project constraints are read when the synthesized design is opened.
INFO: [Common 17-1381] The checkpoint 'C:/Users/DELL/Desktop/BETSS/hdmi_inout_po_konsultacji/hdmi_inout/hdmi_inout.runs/synth_1/hdmi_inout_bd_wrapper.dcp' has been generated.
INFO: [runtcl-4] Executing : report_utilization -file hdmi_inout_bd_wrapper_utilization_synth.rpt -pb hdmi_inout_bd_wrapper_utilization_synth.pb
INFO: [Common 17-206] Exiting Vivado at Fri May 13 18:59:32 2022...
